{
  "stats": {
    "suites": 1,
    "tests": 6,
    "passes": 6,
    "pending": 0,
    "failures": 0,
    "start": "2026-04-13T08:03:01.942Z",
    "end": "2026-04-13T08:03:15.431Z",
    "duration": 13489,
    "testsRegistered": 6,
    "passPercent": 100,
    "pendingPercent": 0,
    "other": 0,
    "hasOther": false,
    "skipped": 0,
    "hasSkipped": false
  },
  "results": [
    {
      "uuid": "ef7d31af-e0b3-4a6a-b11e-f0bd436680e3",
      "title": "",
      "fullFile": "cypress/e2e/error-pages.cy.js",
      "file": "cypress/e2e/error-pages.cy.js",
      "beforeHooks": [],
      "afterHooks": [],
      "tests": [],
      "suites": [
        {
          "uuid": "976d2506-e048-4ca6-a26c-d9b5bfc98f9d",
          "title": "Pages d'erreur",
          "fullFile": "",
          "file": "",
          "beforeHooks": [],
          "afterHooks": [],
          "tests": [
            {
              "title": "une URL inexistante retourne un code 404",
              "fullTitle": "Pages d'erreur une URL inexistante retourne un code 404",
              "timedOut": null,
              "duration": 213,
              "state": "passed",
              "speed": "fast",
              "pass": true,
              "fail": false,
              "pending": false,
              "context": null,
              "code": "cy.request({\n  url: '/cette-page-nexiste-vraiment-pas-42',\n  failOnStatusCode: false\n}).then(response => {\n  expect(response.status).to.eq(404);\n});",
              "err": {},
              "uuid": "f632b71d-1cf3-4944-ab18-a756430fadf9",
              "parentUUID": "976d2506-e048-4ca6-a26c-d9b5bfc98f9d",
              "isHook": false,
              "skipped": false
            },
            {
              "title": "la page 404 affiche un contenu lisible et pas une page vide",
              "fullTitle": "Pages d'erreur la page 404 affiche un contenu lisible et pas une page vide",
              "timedOut": null,
              "duration": 3063,
              "state": "passed",
              "speed": "fast",
              "pass": true,
              "fail": false,
              "pending": false,
              "context": null,
              "code": "cy.visit('/cette-page-nexiste-vraiment-pas-42', {\n  failOnStatusCode: false\n});\n// La page ne doit pas être vide\ncy.get('body').should('not.be.empty');\ncy.get('body').invoke('text').should('have.length.greaterThan', 50);",
              "err": {},
              "uuid": "e60a7088-a4f5-465e-ab4c-c6868d341cdb",
              "parentUUID": "976d2506-e048-4ca6-a26c-d9b5bfc98f9d",
              "isHook": false,
              "skipped": false
            },
            {
              "title": "la page 404 contient un moyen de revenir à l'accueil",
              "fullTitle": "Pages d'erreur la page 404 contient un moyen de revenir à l'accueil",
              "timedOut": null,
              "duration": 3091,
              "state": "passed",
              "speed": "fast",
              "pass": true,
              "fail": false,
              "pending": false,
              "context": null,
              "code": "cy.visit('/cette-page-nexiste-vraiment-pas-42', {\n  failOnStatusCode: false\n});\n// Un lien vers l'accueil ou un bouton de retour doit exister\ncy.get('a[href=\"/\"], a[href*=\"cartes.gouv.fr\"]', {\n  timeout: 10000\n}).should('have.length.at.least', 1);",
              "err": {},
              "uuid": "80370bde-f2a3-4f1d-ab63-64a989d2f5b3",
              "parentUUID": "976d2506-e048-4ca6-a26c-d9b5bfc98f9d",
              "isHook": false,
              "skipped": false
            },
            {
              "title": "le header et le footer restent présents sur la page 404",
              "fullTitle": "Pages d'erreur le header et le footer restent présents sur la page 404",
              "timedOut": null,
              "duration": 3144,
              "state": "passed",
              "speed": "fast",
              "pass": true,
              "fail": false,
              "pending": false,
              "context": null,
              "code": "cy.visit('/cette-page-nexiste-vraiment-pas-42', {\n  failOnStatusCode: false\n});\n// Le header DSFR doit être visible\ncy.get('header, .fr-header', {\n  timeout: 10000\n}).should('exist');\n// Le footer DSFR doit être visible\ncy.get('footer, .fr-footer', {\n  timeout: 10000\n}).should('exist');",
              "err": {},
              "uuid": "14cc26c0-38dd-4a5f-b5a9-15155bde728c",
              "parentUUID": "976d2506-e048-4ca6-a26c-d9b5bfc98f9d",
              "isHook": false,
              "skipped": false
            },
            {
              "title": "une route invalide sous /rechercher-une-donnee retourne une erreur gérée",
              "fullTitle": "Pages d'erreur une route invalide sous /rechercher-une-donnee retourne une erreur gérée",
              "timedOut": null,
              "duration": 3077,
              "state": "passed",
              "speed": "fast",
              "pass": true,
              "fail": false,
              "pending": false,
              "context": null,
              "code": "cy.visit('/rechercher-une-donnee/dataset/DATASET_QUI_NEXISTE_PAS_999', {\n  failOnStatusCode: false\n});\n// La page ne doit pas crasher (pas d'écran blanc)\ncy.get('body').should('not.be.empty');",
              "err": {},
              "uuid": "6d1bc8f8-8a87-4c29-ab47-531bf828b7a9",
              "parentUUID": "976d2506-e048-4ca6-a26c-d9b5bfc98f9d",
              "isHook": false,
              "skipped": false
            },
            {
              "title": "les pages principales répondent en 200",
              "fullTitle": "Pages d'erreur les pages principales répondent en 200",
              "timedOut": null,
              "duration": 568,
              "state": "passed",
              "speed": "fast",
              "pass": true,
              "fail": false,
              "pending": false,
              "context": null,
              "code": "const pages = ['https://cartes.gouv.fr/', 'https://cartes.gouv.fr/rechercher-une-donnee/', 'https://cartes.gouv.fr/decouvrir/', 'https://cartes.gouv.fr/mentions-legales', 'https://cartes.gouv.fr/accessibilite'];\npages.forEach(page => {\n  cy.request({\n    url: page,\n    timeout: 15000\n  }).then(response => {\n    expect(response.status, `${page} doit répondre 200`).to.eq(200);\n  });\n});",
              "err": {},
              "uuid": "52782fc2-341b-4e24-a44f-75ad5f964419",
              "parentUUID": "976d2506-e048-4ca6-a26c-d9b5bfc98f9d",
              "isHook": false,
              "skipped": false
            }
          ],
          "suites": [],
          "passes": [
            "f632b71d-1cf3-4944-ab18-a756430fadf9",
            "e60a7088-a4f5-465e-ab4c-c6868d341cdb",
            "80370bde-f2a3-4f1d-ab63-64a989d2f5b3",
            "14cc26c0-38dd-4a5f-b5a9-15155bde728c",
            "6d1bc8f8-8a87-4c29-ab47-531bf828b7a9",
            "52782fc2-341b-4e24-a44f-75ad5f964419"
          ],
          "failures": [],
          "pending": [],
          "skipped": [],
          "duration": 13156,
          "root": false,
          "rootEmpty": false,
          "_timeout": 2000
        }
      ],
      "passes": [],
      "failures": [],
      "pending": [],
      "skipped": [],
      "duration": 0,
      "root": true,
      "rootEmpty": true,
      "_timeout": 2000
    }
  ],
  "meta": {
    "mocha": {
      "version": "7.2.0"
    },
    "mochawesome": {
      "options": {
        "quiet": false,
        "reportFilename": "mochawesome",
        "saveHtml": false,
        "saveJson": true,
        "consoleReporter": "spec",
        "useInlineDiffs": false,
        "code": true
      },
      "version": "7.1.4"
    },
    "marge": {
      "options": {
        "reportDir": "cypress/reports/json",
        "overwrite": false,
        "html": false,
        "json": true,
        "timestamp": "yyyy-mm-dd_HH-MM"
      },
      "version": "6.3.2"
    }
  }
}