{
  "stats": {
    "suites": 1,
    "tests": 6,
    "passes": 6,
    "pending": 0,
    "failures": 0,
    "start": "2026-04-14T09:09:16.176Z",
    "end": "2026-04-14T09:09:22.875Z",
    "duration": 6699,
    "testsRegistered": 6,
    "passPercent": 100,
    "pendingPercent": 0,
    "other": 0,
    "hasOther": false,
    "skipped": 0,
    "hasSkipped": false
  },
  "results": [
    {
      "uuid": "0843f4c0-34a0-4979-8566-475c90ef891f",
      "title": "",
      "fullFile": "cypress/e2e/catalogue-donnees.cy.js",
      "file": "cypress/e2e/catalogue-donnees.cy.js",
      "beforeHooks": [],
      "afterHooks": [],
      "tests": [],
      "suites": [
        {
          "uuid": "d10e7ca1-0e2f-4e09-bbe9-eacdb773d7cc",
          "title": "Catalogue de données",
          "fullFile": "",
          "file": "",
          "beforeHooks": [],
          "afterHooks": [],
          "tests": [
            {
              "title": "la page du catalogue répond en 200 et contient du contenu",
              "fullTitle": "Catalogue de données la page du catalogue répond en 200 et contient du contenu",
              "timedOut": null,
              "duration": 105,
              "state": "passed",
              "speed": "fast",
              "pass": true,
              "fail": false,
              "pending": false,
              "context": null,
              "code": "cy.request('https://cartes.gouv.fr/rechercher-une-donnee/').then(response => {\n  expect(response.status).to.eq(200);\n  expect(response.body).to.include('rechercher-une-donnee');\n});",
              "err": {},
              "uuid": "b11d4819-3771-4a32-8a76-6b97abc6b11b",
              "parentUUID": "d10e7ca1-0e2f-4e09-bbe9-eacdb773d7cc",
              "isHook": false,
              "skipped": false
            },
            {
              "title": "la page du catalogue se charge dans le navigateur",
              "fullTitle": "Catalogue de données la page du catalogue se charge dans le navigateur",
              "timedOut": null,
              "duration": 3034,
              "state": "passed",
              "speed": "fast",
              "pass": true,
              "fail": false,
              "pending": false,
              "context": null,
              "code": "cy.on('uncaught:exception', () => false);\ncy.visit('https://cartes.gouv.fr/rechercher-une-donnee/', {\n  timeout: 30000\n});\ncy.get('body', {\n  timeout: 15000\n}).should('not.be.empty');\n// Le header DSFR est présent\ncy.get('header, .fr-header').should('exist');\n// Le footer DSFR est présent\ncy.get('footer, .fr-footer').should('exist');",
              "err": {},
              "uuid": "ef5eddf2-8c51-48da-ac3c-9c0a737c10bc",
              "parentUUID": "d10e7ca1-0e2f-4e09-bbe9-eacdb773d7cc",
              "isHook": false,
              "skipped": false
            },
            {
              "title": "le HTML de la page catalogue référence des datasets",
              "fullTitle": "Catalogue de données le HTML de la page catalogue référence des datasets",
              "timedOut": null,
              "duration": 3262,
              "state": "passed",
              "speed": "fast",
              "pass": true,
              "fail": false,
              "pending": false,
              "context": null,
              "code": "cy.on('uncaught:exception', () => false);\ncy.visit('https://cartes.gouv.fr/rechercher-une-donnee/', {\n  timeout: 30000\n});\ncy.get('body', {\n  timeout: 15000\n}).should('contain.text', 'donn');",
              "err": {},
              "uuid": "b2a27ca9-c443-4fcb-9dca-f43c5fa1ab2c",
              "parentUUID": "d10e7ca1-0e2f-4e09-bbe9-eacdb773d7cc",
              "isHook": false,
              "skipped": false
            },
            {
              "title": "l'API catalogue GeoNetwork est joignable",
              "fullTitle": "Catalogue de données l'API catalogue GeoNetwork est joignable",
              "timedOut": null,
              "duration": 82,
              "state": "passed",
              "speed": "fast",
              "pass": true,
              "fail": false,
              "pending": false,
              "context": null,
              "code": "cy.request({\n  url: 'https://data.geopf.fr/catalog/api/search',\n  timeout: 15000,\n  failOnStatusCode: false\n}).then(response => {\n  expect(response.status).to.be.lessThan(500);\n});",
              "err": {},
              "uuid": "f77ae951-d35d-4b03-a377-08ac649c19f9",
              "parentUUID": "d10e7ca1-0e2f-4e09-bbe9-eacdb773d7cc",
              "isHook": false,
              "skipped": false
            },
            {
              "title": "une fiche de données connue est accessible — BD ORTHO",
              "fullTitle": "Catalogue de données une fiche de données connue est accessible — BD ORTHO",
              "timedOut": null,
              "duration": 56,
              "state": "passed",
              "speed": "fast",
              "pass": true,
              "fail": false,
              "pending": false,
              "context": null,
              "code": "cy.request({\n  url: 'https://cartes.gouv.fr/rechercher-une-donnee/dataset/IGNF_BD-ORTHO/',\n  failOnStatusCode: false\n}).then(response => {\n  expect(response.status).to.be.oneOf([200, 301, 302]);\n});",
              "err": {},
              "uuid": "b0a612c2-edbb-4da8-a15c-322d611c75d0",
              "parentUUID": "d10e7ca1-0e2f-4e09-bbe9-eacdb773d7cc",
              "isHook": false,
              "skipped": false
            },
            {
              "title": "une fiche de données connue est accessible — BD TOPO",
              "fullTitle": "Catalogue de données une fiche de données connue est accessible — BD TOPO",
              "timedOut": null,
              "duration": 38,
              "state": "passed",
              "speed": "fast",
              "pass": true,
              "fail": false,
              "pending": false,
              "context": null,
              "code": "cy.request({\n  url: 'https://cartes.gouv.fr/rechercher-une-donnee/dataset/IGNF_BD-TOPO/',\n  failOnStatusCode: false\n}).then(response => {\n  expect(response.status).to.be.oneOf([200, 301, 302]);\n});",
              "err": {},
              "uuid": "f4190f2d-e4b8-4767-80e6-d131baf7c225",
              "parentUUID": "d10e7ca1-0e2f-4e09-bbe9-eacdb773d7cc",
              "isHook": false,
              "skipped": false
            }
          ],
          "suites": [],
          "passes": [
            "b11d4819-3771-4a32-8a76-6b97abc6b11b",
            "ef5eddf2-8c51-48da-ac3c-9c0a737c10bc",
            "b2a27ca9-c443-4fcb-9dca-f43c5fa1ab2c",
            "f77ae951-d35d-4b03-a377-08ac649c19f9",
            "b0a612c2-edbb-4da8-a15c-322d611c75d0",
            "f4190f2d-e4b8-4767-80e6-d131baf7c225"
          ],
          "failures": [],
          "pending": [],
          "skipped": [],
          "duration": 6577,
          "root": false,
          "rootEmpty": false,
          "_timeout": 2000
        }
      ],
      "passes": [],
      "failures": [],
      "pending": [],
      "skipped": [],
      "duration": 0,
      "root": true,
      "rootEmpty": true,
      "_timeout": 2000
    }
  ],
  "meta": {
    "mocha": {
      "version": "7.2.0"
    },
    "mochawesome": {
      "options": {
        "quiet": false,
        "reportFilename": "mochawesome",
        "saveHtml": false,
        "saveJson": true,
        "consoleReporter": "spec",
        "useInlineDiffs": false,
        "code": true
      },
      "version": "7.1.4"
    },
    "marge": {
      "options": {
        "reportDir": "cypress/reports/json",
        "overwrite": false,
        "html": false,
        "json": true,
        "timestamp": "yyyy-mm-dd_HH-MM"
      },
      "version": "6.3.2"
    }
  }
}