{
  "stats": {
    "suites": 0,
    "tests": 1,
    "passes": 0,
    "pending": 0,
    "failures": 1,
    "start": "2026-04-14T13:22:06.802Z",
    "end": "2026-04-14T13:22:07.123Z",
    "duration": 321,
    "testsRegistered": 1,
    "passPercent": 0,
    "pendingPercent": 0,
    "other": 0,
    "hasOther": false,
    "skipped": 0,
    "hasSkipped": false
  },
  "results": [
    {
      "uuid": "65c355f3-1394-47ca-9778-e53a82e13f14",
      "title": "",
      "fullFile": "cypress/e2e/map.cy.js",
      "file": "cypress/e2e/map.cy.js",
      "beforeHooks": [],
      "afterHooks": [],
      "tests": [
        {
          "title": "An uncaught error was detected outside of a test",
          "fullTitle": "An uncaught error was detected outside of a test",
          "timedOut": null,
          "duration": 97,
          "state": "failed",
          "speed": null,
          "pass": false,
          "fail": true,
          "pending": false,
          "context": null,
          "code": "throw err;",
          "err": {
            "message": "TypeError: The following error originated from your test code, not from Cypress.\n\n  > (0 , _grep.default) is not a function\n\nWhen Cypress detects uncaught errors originating from your test code it will automatically fail the current test.\n\nCypress could not associate this error to any specific test.\n\nWe dynamically generated a new test to display this failure.",
            "estack": "TypeError: The following error originated from your test code, not from Cypress.\n\n  > (0 , _grep.default) is not a function\n\nWhen Cypress detects uncaught errors originating from your test code it will automatically fail the current test.\n\nCypress could not associate this error to any specific test.\n\nWe dynamically generated a new test to display this failure.\n    at eval (webpack://cypress-cartes-gouv-fr/./cypress/support/e2e.js:20:20)\n    at eval (https://cartes.gouv.fr/__cypress/tests?p=cypress/support/e2e.js:1619:3)\n    at eval (https://cartes.gouv.fr/__cypress/tests?p=cypress/support/e2e.js:1621:12)\n    at eval (<anonymous>)\n    at <unknown> (https://cartes.gouv.fr/__cypress/runner/cypress_runner.js:114035:23)\n    at tryCatcher (https://cartes.gouv.fr/__cypress/runner/cypress_runner.js:1777:23)\n    at Object.gotValue (https://cartes.gouv.fr/__cypress/runner/cypress_runner.js:6446:18)\n    at Object.gotAccum (https://cartes.gouv.fr/__cypress/runner/cypress_runner.js:6435:25)\n    at Object.tryCatcher (https://cartes.gouv.fr/__cypress/runner/cypress_runner.js:1777:23)\n    at Promise._settlePromiseFromHandler (https://cartes.gouv.fr/__cypress/runner/cypress_runner.js:1489:31)",
            "diff": null
          },
          "uuid": "f426250b-38f4-49cf-9bda-74d933a8a66e",
          "parentUUID": "65c355f3-1394-47ca-9778-e53a82e13f14",
          "isHook": false,
          "skipped": false
        }
      ],
      "suites": [],
      "passes": [],
      "failures": [
        "f426250b-38f4-49cf-9bda-74d933a8a66e"
      ],
      "pending": [],
      "skipped": [],
      "duration": 97,
      "root": true,
      "rootEmpty": false,
      "_timeout": 2000
    }
  ],
  "meta": {
    "mocha": {
      "version": "7.2.0"
    },
    "mochawesome": {
      "options": {
        "quiet": false,
        "reportFilename": "mochawesome",
        "saveHtml": false,
        "saveJson": true,
        "consoleReporter": "spec",
        "useInlineDiffs": false,
        "code": true
      },
      "version": "7.1.4"
    },
    "marge": {
      "options": {
        "reportDir": "cypress/reports/json",
        "overwrite": false,
        "html": false,
        "json": true,
        "timestamp": "yyyy-mm-dd_HH-MM"
      },
      "version": "6.3.2"
    }
  }
}