{
  "stats": {
    "suites": 8,
    "tests": 7,
    "passes": 0,
    "pending": 28,
    "failures": -21,
    "start": "2026-04-14T13:54:02.807Z",
    "end": "2026-04-14T13:54:02.964Z",
    "duration": 157,
    "testsRegistered": 28,
    "passPercent": null,
    "pendingPercent": 100,
    "other": 21,
    "hasOther": true,
    "skipped": 0,
    "hasSkipped": false
  },
  "results": [
    {
      "uuid": "bcd2ecad-f75c-4bf1-ad01-5af872abda0d",
      "title": "",
      "fullFile": "cypress/e2e/a11y-secondary-pages.cy.js",
      "file": "cypress/e2e/a11y-secondary-pages.cy.js",
      "beforeHooks": [],
      "afterHooks": [],
      "tests": [],
      "suites": [
        {
          "uuid": "04f653da-c2da-4263-8d97-492e67ab860f",
          "title": "Accessibilité des pages secondaires (axe-core)",
          "fullFile": "",
          "file": "",
          "beforeHooks": [],
          "afterHooks": [],
          "tests": [],
          "suites": [
            {
              "uuid": "b2108b15-2058-48c8-90b8-0aa7e1b4fc5d",
              "title": "Catalogue de données",
              "fullFile": "",
              "file": "",
              "beforeHooks": [],
              "afterHooks": [],
              "tests": [
                {
                  "title": "la page se charge correctement",
                  "fullTitle": "Accessibilité des pages secondaires (axe-core) Catalogue de données la page se charge correctement",
                  "timedOut": null,
                  "duration": 0,
                  "state": "pending",
                  "speed": null,
                  "pass": false,
                  "fail": false,
                  "pending": true,
                  "context": null,
                  "code": "cy.visit(url, {\n  failOnStatusCode: false\n});\ncy.get('body', {\n  timeout: 15000\n}).should('not.be.empty');",
                  "err": {},
                  "uuid": "a4a5dde4-f444-45cf-ba1e-44848bee51c0",
                  "parentUUID": "b2108b15-2058-48c8-90b8-0aa7e1b4fc5d",
                  "isHook": false,
                  "skipped": false
                },
                {
                  "title": "aucune violation critique ou grave (hors violations connues)",
                  "fullTitle": "Accessibilité des pages secondaires (axe-core) Catalogue de données aucune violation critique ou grave (hors violations connues)",
                  "timedOut": null,
                  "duration": 0,
                  "state": "pending",
                  "speed": null,
                  "pass": false,
                  "fail": false,
                  "pending": true,
                  "context": null,
                  "code": "cy.visit(url, {\n  failOnStatusCode: false\n});\ncy.injectAxe();\ncy.checkA11y(null, axeOptions, violations => {\n  const newViolations = violations.filter(v => !knownViolations.includes(v.id));\n  if (newViolations.length > 0) {\n    const msg = newViolations.map(v => `- [${v.impact}] ${v.id}: ${v.description} (${v.nodes.length} éléments)`).join('\\n');\n    cy.log(`axe-core : ${newViolations.length} nouvelle(s) violation(s) sur ${pageName}`);\n    cy.log(msg);\n  }\n  // Seules les violations critical/serious non connues font échouer le test\n  const blocking = newViolations.filter(v => v.impact === 'critical');\n  expect(blocking.length, `Violations critiques sur ${pageName} :\\n${blocking.map(v => v.id).join(', ')}`).to.equal(0);\n});",
                  "err": {},
                  "uuid": "fc1c6af2-372c-4768-9c97-cd8e984bf377",
                  "parentUUID": "b2108b15-2058-48c8-90b8-0aa7e1b4fc5d",
                  "isHook": false,
                  "skipped": false
                },
                {
                  "title": "les images ont un attribut alt",
                  "fullTitle": "Accessibilité des pages secondaires (axe-core) Catalogue de données les images ont un attribut alt",
                  "timedOut": null,
                  "duration": 0,
                  "state": "pending",
                  "speed": null,
                  "pass": false,
                  "fail": false,
                  "pending": true,
                  "context": null,
                  "code": "cy.visit(url, {\n  failOnStatusCode: false\n});\ncy.get('img:visible', {\n  timeout: 10000\n}).each($img => {\n  var _$img$attr;\n  expect($img.attr('alt') !== undefined || $img.attr('role') === 'presentation', `L'image \"${(_$img$attr = $img.attr('src')) === null || _$img$attr === void 0 ? void 0 : _$img$attr.slice(0, 60)}\" doit avoir un alt ou role=\"presentation\"`).to.be.true;\n});",
                  "err": {},
                  "uuid": "5fd143dc-2d6e-4ec2-b3f2-64c36364b143",
                  "parentUUID": "b2108b15-2058-48c8-90b8-0aa7e1b4fc5d",
                  "isHook": false,
                  "skipped": false
                },
                {
                  "title": "la hiérarchie des titres est correcte",
                  "fullTitle": "Accessibilité des pages secondaires (axe-core) Catalogue de données la hiérarchie des titres est correcte",
                  "timedOut": null,
                  "duration": 0,
                  "state": "pending",
                  "speed": null,
                  "pass": false,
                  "fail": false,
                  "pending": true,
                  "context": null,
                  "code": "cy.visit(url, {\n  failOnStatusCode: false\n});\ncy.get('h1, h2, h3, h4, h5, h6', {\n  timeout: 10000\n}).then($headings => {\n  if ($headings.length === 0) return; // Certaines pages peuvent ne pas avoir de titres\n  let previousLevel = 0;\n  $headings.each((_, el) => {\n    const level = parseInt(el.tagName[1], 10);\n    // Un titre ne doit pas sauter plus d'un niveau (h1 → h3 sans h2)\n    if (previousLevel > 0) {\n      expect(level <= previousLevel + 1, `${el.tagName} après H${previousLevel} : saut de niveau interdit`).to.be.true;\n    }\n    previousLevel = level;\n  });\n});",
                  "err": {},
                  "uuid": "937e0673-0461-4560-9a93-90fe422cc9f2",
                  "parentUUID": "b2108b15-2058-48c8-90b8-0aa7e1b4fc5d",
                  "isHook": false,
                  "skipped": false
                }
              ],
              "suites": [],
              "passes": [],
              "failures": [],
              "pending": [
                "a4a5dde4-f444-45cf-ba1e-44848bee51c0",
                "fc1c6af2-372c-4768-9c97-cd8e984bf377",
                "5fd143dc-2d6e-4ec2-b3f2-64c36364b143",
                "937e0673-0461-4560-9a93-90fe422cc9f2"
              ],
              "skipped": [],
              "duration": 0,
              "root": false,
              "rootEmpty": false,
              "_timeout": 2000
            },
            {
              "uuid": "968ef2a2-8393-4061-a783-6d4e8b07cbf7",
              "title": "Fiche BD ORTHO",
              "fullFile": "",
              "file": "",
              "beforeHooks": [],
              "afterHooks": [],
              "tests": [
                {
                  "title": "la page se charge correctement",
                  "fullTitle": "Accessibilité des pages secondaires (axe-core) Fiche BD ORTHO la page se charge correctement",
                  "timedOut": null,
                  "duration": 0,
                  "state": "pending",
                  "speed": null,
                  "pass": false,
                  "fail": false,
                  "pending": true,
                  "context": null,
                  "code": "cy.visit(url, {\n  failOnStatusCode: false\n});\ncy.get('body', {\n  timeout: 15000\n}).should('not.be.empty');",
                  "err": {},
                  "uuid": "11aa77e0-e28b-4508-a088-4cb80dbba539",
                  "parentUUID": "968ef2a2-8393-4061-a783-6d4e8b07cbf7",
                  "isHook": false,
                  "skipped": false
                },
                {
                  "title": "aucune violation critique ou grave (hors violations connues)",
                  "fullTitle": "Accessibilité des pages secondaires (axe-core) Fiche BD ORTHO aucune violation critique ou grave (hors violations connues)",
                  "timedOut": null,
                  "duration": 0,
                  "state": "pending",
                  "speed": null,
                  "pass": false,
                  "fail": false,
                  "pending": true,
                  "context": null,
                  "code": "cy.visit(url, {\n  failOnStatusCode: false\n});\ncy.injectAxe();\ncy.checkA11y(null, axeOptions, violations => {\n  const newViolations = violations.filter(v => !knownViolations.includes(v.id));\n  if (newViolations.length > 0) {\n    const msg = newViolations.map(v => `- [${v.impact}] ${v.id}: ${v.description} (${v.nodes.length} éléments)`).join('\\n');\n    cy.log(`axe-core : ${newViolations.length} nouvelle(s) violation(s) sur ${pageName}`);\n    cy.log(msg);\n  }\n  // Seules les violations critical/serious non connues font échouer le test\n  const blocking = newViolations.filter(v => v.impact === 'critical');\n  expect(blocking.length, `Violations critiques sur ${pageName} :\\n${blocking.map(v => v.id).join(', ')}`).to.equal(0);\n});",
                  "err": {},
                  "uuid": "31c4abf9-3d76-42b7-a5c9-683d5b3bbea4",
                  "parentUUID": "968ef2a2-8393-4061-a783-6d4e8b07cbf7",
                  "isHook": false,
                  "skipped": false
                },
                {
                  "title": "les images ont un attribut alt",
                  "fullTitle": "Accessibilité des pages secondaires (axe-core) Fiche BD ORTHO les images ont un attribut alt",
                  "timedOut": null,
                  "duration": 0,
                  "state": "pending",
                  "speed": null,
                  "pass": false,
                  "fail": false,
                  "pending": true,
                  "context": null,
                  "code": "cy.visit(url, {\n  failOnStatusCode: false\n});\ncy.get('img:visible', {\n  timeout: 10000\n}).each($img => {\n  var _$img$attr;\n  expect($img.attr('alt') !== undefined || $img.attr('role') === 'presentation', `L'image \"${(_$img$attr = $img.attr('src')) === null || _$img$attr === void 0 ? void 0 : _$img$attr.slice(0, 60)}\" doit avoir un alt ou role=\"presentation\"`).to.be.true;\n});",
                  "err": {},
                  "uuid": "075a421a-450a-4898-ad5d-ba2232b77fd2",
                  "parentUUID": "968ef2a2-8393-4061-a783-6d4e8b07cbf7",
                  "isHook": false,
                  "skipped": false
                },
                {
                  "title": "la hiérarchie des titres est correcte",
                  "fullTitle": "Accessibilité des pages secondaires (axe-core) Fiche BD ORTHO la hiérarchie des titres est correcte",
                  "timedOut": null,
                  "duration": 0,
                  "state": "pending",
                  "speed": null,
                  "pass": false,
                  "fail": false,
                  "pending": true,
                  "context": null,
                  "code": "cy.visit(url, {\n  failOnStatusCode: false\n});\ncy.get('h1, h2, h3, h4, h5, h6', {\n  timeout: 10000\n}).then($headings => {\n  if ($headings.length === 0) return; // Certaines pages peuvent ne pas avoir de titres\n  let previousLevel = 0;\n  $headings.each((_, el) => {\n    const level = parseInt(el.tagName[1], 10);\n    // Un titre ne doit pas sauter plus d'un niveau (h1 → h3 sans h2)\n    if (previousLevel > 0) {\n      expect(level <= previousLevel + 1, `${el.tagName} après H${previousLevel} : saut de niveau interdit`).to.be.true;\n    }\n    previousLevel = level;\n  });\n});",
                  "err": {},
                  "uuid": "1f9e321f-2e5f-4683-aa12-371b74d2058f",
                  "parentUUID": "968ef2a2-8393-4061-a783-6d4e8b07cbf7",
                  "isHook": false,
                  "skipped": false
                }
              ],
              "suites": [],
              "passes": [],
              "failures": [],
              "pending": [
                "11aa77e0-e28b-4508-a088-4cb80dbba539",
                "31c4abf9-3d76-42b7-a5c9-683d5b3bbea4",
                "075a421a-450a-4898-ad5d-ba2232b77fd2",
                "1f9e321f-2e5f-4683-aa12-371b74d2058f"
              ],
              "skipped": [],
              "duration": 0,
              "root": false,
              "rootEmpty": false,
              "_timeout": 2000
            },
            {
              "uuid": "64b05778-0c8d-4d7d-ab58-6543da8fb46e",
              "title": "Mentions légales",
              "fullFile": "",
              "file": "",
              "beforeHooks": [],
              "afterHooks": [],
              "tests": [
                {
                  "title": "la page se charge correctement",
                  "fullTitle": "Accessibilité des pages secondaires (axe-core) Mentions légales la page se charge correctement",
                  "timedOut": null,
                  "duration": 0,
                  "state": "pending",
                  "speed": null,
                  "pass": false,
                  "fail": false,
                  "pending": true,
                  "context": null,
                  "code": "cy.visit(url, {\n  failOnStatusCode: false\n});\ncy.get('body', {\n  timeout: 15000\n}).should('not.be.empty');",
                  "err": {},
                  "uuid": "b215d673-42eb-4947-9831-f57c52f4ad5e",
                  "parentUUID": "64b05778-0c8d-4d7d-ab58-6543da8fb46e",
                  "isHook": false,
                  "skipped": false
                },
                {
                  "title": "aucune violation critique ou grave (hors violations connues)",
                  "fullTitle": "Accessibilité des pages secondaires (axe-core) Mentions légales aucune violation critique ou grave (hors violations connues)",
                  "timedOut": null,
                  "duration": 0,
                  "state": "pending",
                  "speed": null,
                  "pass": false,
                  "fail": false,
                  "pending": true,
                  "context": null,
                  "code": "cy.visit(url, {\n  failOnStatusCode: false\n});\ncy.injectAxe();\ncy.checkA11y(null, axeOptions, violations => {\n  const newViolations = violations.filter(v => !knownViolations.includes(v.id));\n  if (newViolations.length > 0) {\n    const msg = newViolations.map(v => `- [${v.impact}] ${v.id}: ${v.description} (${v.nodes.length} éléments)`).join('\\n');\n    cy.log(`axe-core : ${newViolations.length} nouvelle(s) violation(s) sur ${pageName}`);\n    cy.log(msg);\n  }\n  // Seules les violations critical/serious non connues font échouer le test\n  const blocking = newViolations.filter(v => v.impact === 'critical');\n  expect(blocking.length, `Violations critiques sur ${pageName} :\\n${blocking.map(v => v.id).join(', ')}`).to.equal(0);\n});",
                  "err": {},
                  "uuid": "ef70f30b-4583-4790-ad42-fc07f654b3dd",
                  "parentUUID": "64b05778-0c8d-4d7d-ab58-6543da8fb46e",
                  "isHook": false,
                  "skipped": false
                },
                {
                  "title": "les images ont un attribut alt",
                  "fullTitle": "Accessibilité des pages secondaires (axe-core) Mentions légales les images ont un attribut alt",
                  "timedOut": null,
                  "duration": 0,
                  "state": "pending",
                  "speed": null,
                  "pass": false,
                  "fail": false,
                  "pending": true,
                  "context": null,
                  "code": "cy.visit(url, {\n  failOnStatusCode: false\n});\ncy.get('img:visible', {\n  timeout: 10000\n}).each($img => {\n  var _$img$attr;\n  expect($img.attr('alt') !== undefined || $img.attr('role') === 'presentation', `L'image \"${(_$img$attr = $img.attr('src')) === null || _$img$attr === void 0 ? void 0 : _$img$attr.slice(0, 60)}\" doit avoir un alt ou role=\"presentation\"`).to.be.true;\n});",
                  "err": {},
                  "uuid": "4acd17c9-5c66-434e-9c2b-b58ef4270aae",
                  "parentUUID": "64b05778-0c8d-4d7d-ab58-6543da8fb46e",
                  "isHook": false,
                  "skipped": false
                },
                {
                  "title": "la hiérarchie des titres est correcte",
                  "fullTitle": "Accessibilité des pages secondaires (axe-core) Mentions légales la hiérarchie des titres est correcte",
                  "timedOut": null,
                  "duration": 0,
                  "state": "pending",
                  "speed": null,
                  "pass": false,
                  "fail": false,
                  "pending": true,
                  "context": null,
                  "code": "cy.visit(url, {\n  failOnStatusCode: false\n});\ncy.get('h1, h2, h3, h4, h5, h6', {\n  timeout: 10000\n}).then($headings => {\n  if ($headings.length === 0) return; // Certaines pages peuvent ne pas avoir de titres\n  let previousLevel = 0;\n  $headings.each((_, el) => {\n    const level = parseInt(el.tagName[1], 10);\n    // Un titre ne doit pas sauter plus d'un niveau (h1 → h3 sans h2)\n    if (previousLevel > 0) {\n      expect(level <= previousLevel + 1, `${el.tagName} après H${previousLevel} : saut de niveau interdit`).to.be.true;\n    }\n    previousLevel = level;\n  });\n});",
                  "err": {},
                  "uuid": "18c5cafd-0ac3-473b-9a49-d455cb5d8ed1",
                  "parentUUID": "64b05778-0c8d-4d7d-ab58-6543da8fb46e",
                  "isHook": false,
                  "skipped": false
                }
              ],
              "suites": [],
              "passes": [],
              "failures": [],
              "pending": [
                "b215d673-42eb-4947-9831-f57c52f4ad5e",
                "ef70f30b-4583-4790-ad42-fc07f654b3dd",
                "4acd17c9-5c66-434e-9c2b-b58ef4270aae",
                "18c5cafd-0ac3-473b-9a49-d455cb5d8ed1"
              ],
              "skipped": [],
              "duration": 0,
              "root": false,
              "rootEmpty": false,
              "_timeout": 2000
            },
            {
              "uuid": "e813ce3f-53d3-413f-b852-d643c1ca46de",
              "title": "Accessibilité",
              "fullFile": "",
              "file": "",
              "beforeHooks": [],
              "afterHooks": [],
              "tests": [
                {
                  "title": "la page se charge correctement",
                  "fullTitle": "Accessibilité des pages secondaires (axe-core) Accessibilité la page se charge correctement",
                  "timedOut": null,
                  "duration": 0,
                  "state": "pending",
                  "speed": null,
                  "pass": false,
                  "fail": false,
                  "pending": true,
                  "context": null,
                  "code": "cy.visit(url, {\n  failOnStatusCode: false\n});\ncy.get('body', {\n  timeout: 15000\n}).should('not.be.empty');",
                  "err": {},
                  "uuid": "a9756cb5-80d7-4c92-88b6-03d12f124517",
                  "parentUUID": "e813ce3f-53d3-413f-b852-d643c1ca46de",
                  "isHook": false,
                  "skipped": false
                },
                {
                  "title": "aucune violation critique ou grave (hors violations connues)",
                  "fullTitle": "Accessibilité des pages secondaires (axe-core) Accessibilité aucune violation critique ou grave (hors violations connues)",
                  "timedOut": null,
                  "duration": 0,
                  "state": "pending",
                  "speed": null,
                  "pass": false,
                  "fail": false,
                  "pending": true,
                  "context": null,
                  "code": "cy.visit(url, {\n  failOnStatusCode: false\n});\ncy.injectAxe();\ncy.checkA11y(null, axeOptions, violations => {\n  const newViolations = violations.filter(v => !knownViolations.includes(v.id));\n  if (newViolations.length > 0) {\n    const msg = newViolations.map(v => `- [${v.impact}] ${v.id}: ${v.description} (${v.nodes.length} éléments)`).join('\\n');\n    cy.log(`axe-core : ${newViolations.length} nouvelle(s) violation(s) sur ${pageName}`);\n    cy.log(msg);\n  }\n  // Seules les violations critical/serious non connues font échouer le test\n  const blocking = newViolations.filter(v => v.impact === 'critical');\n  expect(blocking.length, `Violations critiques sur ${pageName} :\\n${blocking.map(v => v.id).join(', ')}`).to.equal(0);\n});",
                  "err": {},
                  "uuid": "db22983c-2293-4644-8fdb-8306610e85d3",
                  "parentUUID": "e813ce3f-53d3-413f-b852-d643c1ca46de",
                  "isHook": false,
                  "skipped": false
                },
                {
                  "title": "les images ont un attribut alt",
                  "fullTitle": "Accessibilité des pages secondaires (axe-core) Accessibilité les images ont un attribut alt",
                  "timedOut": null,
                  "duration": 0,
                  "state": "pending",
                  "speed": null,
                  "pass": false,
                  "fail": false,
                  "pending": true,
                  "context": null,
                  "code": "cy.visit(url, {\n  failOnStatusCode: false\n});\ncy.get('img:visible', {\n  timeout: 10000\n}).each($img => {\n  var _$img$attr;\n  expect($img.attr('alt') !== undefined || $img.attr('role') === 'presentation', `L'image \"${(_$img$attr = $img.attr('src')) === null || _$img$attr === void 0 ? void 0 : _$img$attr.slice(0, 60)}\" doit avoir un alt ou role=\"presentation\"`).to.be.true;\n});",
                  "err": {},
                  "uuid": "305327df-e2fb-44c1-ac2d-4e02cf3108cc",
                  "parentUUID": "e813ce3f-53d3-413f-b852-d643c1ca46de",
                  "isHook": false,
                  "skipped": false
                },
                {
                  "title": "la hiérarchie des titres est correcte",
                  "fullTitle": "Accessibilité des pages secondaires (axe-core) Accessibilité la hiérarchie des titres est correcte",
                  "timedOut": null,
                  "duration": 0,
                  "state": "pending",
                  "speed": null,
                  "pass": false,
                  "fail": false,
                  "pending": true,
                  "context": null,
                  "code": "cy.visit(url, {\n  failOnStatusCode: false\n});\ncy.get('h1, h2, h3, h4, h5, h6', {\n  timeout: 10000\n}).then($headings => {\n  if ($headings.length === 0) return; // Certaines pages peuvent ne pas avoir de titres\n  let previousLevel = 0;\n  $headings.each((_, el) => {\n    const level = parseInt(el.tagName[1], 10);\n    // Un titre ne doit pas sauter plus d'un niveau (h1 → h3 sans h2)\n    if (previousLevel > 0) {\n      expect(level <= previousLevel + 1, `${el.tagName} après H${previousLevel} : saut de niveau interdit`).to.be.true;\n    }\n    previousLevel = level;\n  });\n});",
                  "err": {},
                  "uuid": "e96c2138-fc5f-4998-a1d6-21d6929fb55a",
                  "parentUUID": "e813ce3f-53d3-413f-b852-d643c1ca46de",
                  "isHook": false,
                  "skipped": false
                }
              ],
              "suites": [],
              "passes": [],
              "failures": [],
              "pending": [
                "a9756cb5-80d7-4c92-88b6-03d12f124517",
                "db22983c-2293-4644-8fdb-8306610e85d3",
                "305327df-e2fb-44c1-ac2d-4e02cf3108cc",
                "e96c2138-fc5f-4998-a1d6-21d6929fb55a"
              ],
              "skipped": [],
              "duration": 0,
              "root": false,
              "rootEmpty": false,
              "_timeout": 2000
            },
            {
              "uuid": "73e29972-2c1e-4fcd-b11b-1bc6c2fc4025",
              "title": "Données personnelles",
              "fullFile": "",
              "file": "",
              "beforeHooks": [],
              "afterHooks": [],
              "tests": [
                {
                  "title": "la page se charge correctement",
                  "fullTitle": "Accessibilité des pages secondaires (axe-core) Données personnelles la page se charge correctement",
                  "timedOut": null,
                  "duration": 0,
                  "state": "pending",
                  "speed": null,
                  "pass": false,
                  "fail": false,
                  "pending": true,
                  "context": null,
                  "code": "cy.visit(url, {\n  failOnStatusCode: false\n});\ncy.get('body', {\n  timeout: 15000\n}).should('not.be.empty');",
                  "err": {},
                  "uuid": "c1797b48-de1d-4bb2-b9c3-4a3a0e30a634",
                  "parentUUID": "73e29972-2c1e-4fcd-b11b-1bc6c2fc4025",
                  "isHook": false,
                  "skipped": false
                },
                {
                  "title": "aucune violation critique ou grave (hors violations connues)",
                  "fullTitle": "Accessibilité des pages secondaires (axe-core) Données personnelles aucune violation critique ou grave (hors violations connues)",
                  "timedOut": null,
                  "duration": 0,
                  "state": "pending",
                  "speed": null,
                  "pass": false,
                  "fail": false,
                  "pending": true,
                  "context": null,
                  "code": "cy.visit(url, {\n  failOnStatusCode: false\n});\ncy.injectAxe();\ncy.checkA11y(null, axeOptions, violations => {\n  const newViolations = violations.filter(v => !knownViolations.includes(v.id));\n  if (newViolations.length > 0) {\n    const msg = newViolations.map(v => `- [${v.impact}] ${v.id}: ${v.description} (${v.nodes.length} éléments)`).join('\\n');\n    cy.log(`axe-core : ${newViolations.length} nouvelle(s) violation(s) sur ${pageName}`);\n    cy.log(msg);\n  }\n  // Seules les violations critical/serious non connues font échouer le test\n  const blocking = newViolations.filter(v => v.impact === 'critical');\n  expect(blocking.length, `Violations critiques sur ${pageName} :\\n${blocking.map(v => v.id).join(', ')}`).to.equal(0);\n});",
                  "err": {},
                  "uuid": "f4b3c86c-9539-4964-a2f1-95d200cd3524",
                  "parentUUID": "73e29972-2c1e-4fcd-b11b-1bc6c2fc4025",
                  "isHook": false,
                  "skipped": false
                },
                {
                  "title": "les images ont un attribut alt",
                  "fullTitle": "Accessibilité des pages secondaires (axe-core) Données personnelles les images ont un attribut alt",
                  "timedOut": null,
                  "duration": 0,
                  "state": "pending",
                  "speed": null,
                  "pass": false,
                  "fail": false,
                  "pending": true,
                  "context": null,
                  "code": "cy.visit(url, {\n  failOnStatusCode: false\n});\ncy.get('img:visible', {\n  timeout: 10000\n}).each($img => {\n  var _$img$attr;\n  expect($img.attr('alt') !== undefined || $img.attr('role') === 'presentation', `L'image \"${(_$img$attr = $img.attr('src')) === null || _$img$attr === void 0 ? void 0 : _$img$attr.slice(0, 60)}\" doit avoir un alt ou role=\"presentation\"`).to.be.true;\n});",
                  "err": {},
                  "uuid": "869d68b9-4361-41f8-8ef4-34badc3a8553",
                  "parentUUID": "73e29972-2c1e-4fcd-b11b-1bc6c2fc4025",
                  "isHook": false,
                  "skipped": false
                },
                {
                  "title": "la hiérarchie des titres est correcte",
                  "fullTitle": "Accessibilité des pages secondaires (axe-core) Données personnelles la hiérarchie des titres est correcte",
                  "timedOut": null,
                  "duration": 0,
                  "state": "pending",
                  "speed": null,
                  "pass": false,
                  "fail": false,
                  "pending": true,
                  "context": null,
                  "code": "cy.visit(url, {\n  failOnStatusCode: false\n});\ncy.get('h1, h2, h3, h4, h5, h6', {\n  timeout: 10000\n}).then($headings => {\n  if ($headings.length === 0) return; // Certaines pages peuvent ne pas avoir de titres\n  let previousLevel = 0;\n  $headings.each((_, el) => {\n    const level = parseInt(el.tagName[1], 10);\n    // Un titre ne doit pas sauter plus d'un niveau (h1 → h3 sans h2)\n    if (previousLevel > 0) {\n      expect(level <= previousLevel + 1, `${el.tagName} après H${previousLevel} : saut de niveau interdit`).to.be.true;\n    }\n    previousLevel = level;\n  });\n});",
                  "err": {},
                  "uuid": "b49e5202-db32-4410-9fee-6619d5db2dc7",
                  "parentUUID": "73e29972-2c1e-4fcd-b11b-1bc6c2fc4025",
                  "isHook": false,
                  "skipped": false
                }
              ],
              "suites": [],
              "passes": [],
              "failures": [],
              "pending": [
                "c1797b48-de1d-4bb2-b9c3-4a3a0e30a634",
                "f4b3c86c-9539-4964-a2f1-95d200cd3524",
                "869d68b9-4361-41f8-8ef4-34badc3a8553",
                "b49e5202-db32-4410-9fee-6619d5db2dc7"
              ],
              "skipped": [],
              "duration": 0,
              "root": false,
              "rootEmpty": false,
              "_timeout": 2000
            },
            {
              "uuid": "b2d73602-5f89-4052-afea-79128c2d240f",
              "title": "CGU",
              "fullFile": "",
              "file": "",
              "beforeHooks": [],
              "afterHooks": [],
              "tests": [
                {
                  "title": "la page se charge correctement",
                  "fullTitle": "Accessibilité des pages secondaires (axe-core) CGU la page se charge correctement",
                  "timedOut": null,
                  "duration": 0,
                  "state": "pending",
                  "speed": null,
                  "pass": false,
                  "fail": false,
                  "pending": true,
                  "context": null,
                  "code": "cy.visit(url, {\n  failOnStatusCode: false\n});\ncy.get('body', {\n  timeout: 15000\n}).should('not.be.empty');",
                  "err": {},
                  "uuid": "4ebec1e3-e40a-429f-9660-22859f8c91bf",
                  "parentUUID": "b2d73602-5f89-4052-afea-79128c2d240f",
                  "isHook": false,
                  "skipped": false
                },
                {
                  "title": "aucune violation critique ou grave (hors violations connues)",
                  "fullTitle": "Accessibilité des pages secondaires (axe-core) CGU aucune violation critique ou grave (hors violations connues)",
                  "timedOut": null,
                  "duration": 0,
                  "state": "pending",
                  "speed": null,
                  "pass": false,
                  "fail": false,
                  "pending": true,
                  "context": null,
                  "code": "cy.visit(url, {\n  failOnStatusCode: false\n});\ncy.injectAxe();\ncy.checkA11y(null, axeOptions, violations => {\n  const newViolations = violations.filter(v => !knownViolations.includes(v.id));\n  if (newViolations.length > 0) {\n    const msg = newViolations.map(v => `- [${v.impact}] ${v.id}: ${v.description} (${v.nodes.length} éléments)`).join('\\n');\n    cy.log(`axe-core : ${newViolations.length} nouvelle(s) violation(s) sur ${pageName}`);\n    cy.log(msg);\n  }\n  // Seules les violations critical/serious non connues font échouer le test\n  const blocking = newViolations.filter(v => v.impact === 'critical');\n  expect(blocking.length, `Violations critiques sur ${pageName} :\\n${blocking.map(v => v.id).join(', ')}`).to.equal(0);\n});",
                  "err": {},
                  "uuid": "815f6ab1-348a-4f07-a04a-d3dbd0aa87a2",
                  "parentUUID": "b2d73602-5f89-4052-afea-79128c2d240f",
                  "isHook": false,
                  "skipped": false
                },
                {
                  "title": "les images ont un attribut alt",
                  "fullTitle": "Accessibilité des pages secondaires (axe-core) CGU les images ont un attribut alt",
                  "timedOut": null,
                  "duration": 0,
                  "state": "pending",
                  "speed": null,
                  "pass": false,
                  "fail": false,
                  "pending": true,
                  "context": null,
                  "code": "cy.visit(url, {\n  failOnStatusCode: false\n});\ncy.get('img:visible', {\n  timeout: 10000\n}).each($img => {\n  var _$img$attr;\n  expect($img.attr('alt') !== undefined || $img.attr('role') === 'presentation', `L'image \"${(_$img$attr = $img.attr('src')) === null || _$img$attr === void 0 ? void 0 : _$img$attr.slice(0, 60)}\" doit avoir un alt ou role=\"presentation\"`).to.be.true;\n});",
                  "err": {},
                  "uuid": "80fed4cc-7e2a-4b2d-8e13-a9a366792af6",
                  "parentUUID": "b2d73602-5f89-4052-afea-79128c2d240f",
                  "isHook": false,
                  "skipped": false
                },
                {
                  "title": "la hiérarchie des titres est correcte",
                  "fullTitle": "Accessibilité des pages secondaires (axe-core) CGU la hiérarchie des titres est correcte",
                  "timedOut": null,
                  "duration": 0,
                  "state": "pending",
                  "speed": null,
                  "pass": false,
                  "fail": false,
                  "pending": true,
                  "context": null,
                  "code": "cy.visit(url, {\n  failOnStatusCode: false\n});\ncy.get('h1, h2, h3, h4, h5, h6', {\n  timeout: 10000\n}).then($headings => {\n  if ($headings.length === 0) return; // Certaines pages peuvent ne pas avoir de titres\n  let previousLevel = 0;\n  $headings.each((_, el) => {\n    const level = parseInt(el.tagName[1], 10);\n    // Un titre ne doit pas sauter plus d'un niveau (h1 → h3 sans h2)\n    if (previousLevel > 0) {\n      expect(level <= previousLevel + 1, `${el.tagName} après H${previousLevel} : saut de niveau interdit`).to.be.true;\n    }\n    previousLevel = level;\n  });\n});",
                  "err": {},
                  "uuid": "ada93709-55ff-484e-8b04-0c63486dc453",
                  "parentUUID": "b2d73602-5f89-4052-afea-79128c2d240f",
                  "isHook": false,
                  "skipped": false
                }
              ],
              "suites": [],
              "passes": [],
              "failures": [],
              "pending": [
                "4ebec1e3-e40a-429f-9660-22859f8c91bf",
                "815f6ab1-348a-4f07-a04a-d3dbd0aa87a2",
                "80fed4cc-7e2a-4b2d-8e13-a9a366792af6",
                "ada93709-55ff-484e-8b04-0c63486dc453"
              ],
              "skipped": [],
              "duration": 0,
              "root": false,
              "rootEmpty": false,
              "_timeout": 2000
            },
            {
              "uuid": "ff3ef0c3-15c6-4100-8723-51b487c5b26d",
              "title": "Découvrir",
              "fullFile": "",
              "file": "",
              "beforeHooks": [],
              "afterHooks": [],
              "tests": [
                {
                  "title": "la page se charge correctement",
                  "fullTitle": "Accessibilité des pages secondaires (axe-core) Découvrir la page se charge correctement",
                  "timedOut": null,
                  "duration": 0,
                  "state": "pending",
                  "speed": null,
                  "pass": false,
                  "fail": false,
                  "pending": true,
                  "context": null,
                  "code": "cy.visit(url, {\n  failOnStatusCode: false\n});\ncy.get('body', {\n  timeout: 15000\n}).should('not.be.empty');",
                  "err": {},
                  "uuid": "d6aba1ce-fa8b-4763-9c50-52840315676c",
                  "parentUUID": "ff3ef0c3-15c6-4100-8723-51b487c5b26d",
                  "isHook": false,
                  "skipped": false
                },
                {
                  "title": "aucune violation critique ou grave (hors violations connues)",
                  "fullTitle": "Accessibilité des pages secondaires (axe-core) Découvrir aucune violation critique ou grave (hors violations connues)",
                  "timedOut": null,
                  "duration": 0,
                  "state": "pending",
                  "speed": null,
                  "pass": false,
                  "fail": false,
                  "pending": true,
                  "context": null,
                  "code": "cy.visit(url, {\n  failOnStatusCode: false\n});\ncy.injectAxe();\ncy.checkA11y(null, axeOptions, violations => {\n  const newViolations = violations.filter(v => !knownViolations.includes(v.id));\n  if (newViolations.length > 0) {\n    const msg = newViolations.map(v => `- [${v.impact}] ${v.id}: ${v.description} (${v.nodes.length} éléments)`).join('\\n');\n    cy.log(`axe-core : ${newViolations.length} nouvelle(s) violation(s) sur ${pageName}`);\n    cy.log(msg);\n  }\n  // Seules les violations critical/serious non connues font échouer le test\n  const blocking = newViolations.filter(v => v.impact === 'critical');\n  expect(blocking.length, `Violations critiques sur ${pageName} :\\n${blocking.map(v => v.id).join(', ')}`).to.equal(0);\n});",
                  "err": {},
                  "uuid": "5ac6c67d-adc9-43ee-9cff-945c943fee9d",
                  "parentUUID": "ff3ef0c3-15c6-4100-8723-51b487c5b26d",
                  "isHook": false,
                  "skipped": false
                },
                {
                  "title": "les images ont un attribut alt",
                  "fullTitle": "Accessibilité des pages secondaires (axe-core) Découvrir les images ont un attribut alt",
                  "timedOut": null,
                  "duration": 0,
                  "state": "pending",
                  "speed": null,
                  "pass": false,
                  "fail": false,
                  "pending": true,
                  "context": null,
                  "code": "cy.visit(url, {\n  failOnStatusCode: false\n});\ncy.get('img:visible', {\n  timeout: 10000\n}).each($img => {\n  var _$img$attr;\n  expect($img.attr('alt') !== undefined || $img.attr('role') === 'presentation', `L'image \"${(_$img$attr = $img.attr('src')) === null || _$img$attr === void 0 ? void 0 : _$img$attr.slice(0, 60)}\" doit avoir un alt ou role=\"presentation\"`).to.be.true;\n});",
                  "err": {},
                  "uuid": "eb68e1ef-161e-4d79-8d4b-bfd33d875d95",
                  "parentUUID": "ff3ef0c3-15c6-4100-8723-51b487c5b26d",
                  "isHook": false,
                  "skipped": false
                },
                {
                  "title": "la hiérarchie des titres est correcte",
                  "fullTitle": "Accessibilité des pages secondaires (axe-core) Découvrir la hiérarchie des titres est correcte",
                  "timedOut": null,
                  "duration": 0,
                  "state": "pending",
                  "speed": null,
                  "pass": false,
                  "fail": false,
                  "pending": true,
                  "context": null,
                  "code": "cy.visit(url, {\n  failOnStatusCode: false\n});\ncy.get('h1, h2, h3, h4, h5, h6', {\n  timeout: 10000\n}).then($headings => {\n  if ($headings.length === 0) return; // Certaines pages peuvent ne pas avoir de titres\n  let previousLevel = 0;\n  $headings.each((_, el) => {\n    const level = parseInt(el.tagName[1], 10);\n    // Un titre ne doit pas sauter plus d'un niveau (h1 → h3 sans h2)\n    if (previousLevel > 0) {\n      expect(level <= previousLevel + 1, `${el.tagName} après H${previousLevel} : saut de niveau interdit`).to.be.true;\n    }\n    previousLevel = level;\n  });\n});",
                  "err": {},
                  "uuid": "70bf77a2-5473-415f-8d09-95e44525617c",
                  "parentUUID": "ff3ef0c3-15c6-4100-8723-51b487c5b26d",
                  "isHook": false,
                  "skipped": false
                }
              ],
              "suites": [],
              "passes": [],
              "failures": [],
              "pending": [
                "d6aba1ce-fa8b-4763-9c50-52840315676c",
                "5ac6c67d-adc9-43ee-9cff-945c943fee9d",
                "eb68e1ef-161e-4d79-8d4b-bfd33d875d95",
                "70bf77a2-5473-415f-8d09-95e44525617c"
              ],
              "skipped": [],
              "duration": 0,
              "root": false,
              "rootEmpty": false,
              "_timeout": 2000
            }
          ],
          "passes": [],
          "failures": [],
          "pending": [],
          "skipped": [],
          "duration": 0,
          "root": false,
          "rootEmpty": false,
          "_timeout": 2000
        }
      ],
      "passes": [],
      "failures": [],
      "pending": [],
      "skipped": [],
      "duration": 0,
      "root": true,
      "rootEmpty": true,
      "_timeout": 2000
    }
  ],
  "meta": {
    "mocha": {
      "version": "7.2.0"
    },
    "mochawesome": {
      "options": {
        "quiet": false,
        "reportFilename": "mochawesome",
        "saveHtml": false,
        "saveJson": true,
        "consoleReporter": "spec",
        "useInlineDiffs": false,
        "code": true
      },
      "version": "7.1.4"
    },
    "marge": {
      "options": {
        "reportDir": "cypress/reports/json",
        "overwrite": false,
        "html": false,
        "json": true,
        "timestamp": "yyyy-mm-dd_HH-MM"
      },
      "version": "6.3.2"
    }
  }
}