{
  "stats": {
    "suites": 6,
    "tests": 11,
    "passes": 10,
    "pending": 0,
    "failures": 1,
    "start": "2026-04-08T15:37:23.134Z",
    "end": "2026-04-08T15:37:37.003Z",
    "duration": 13869,
    "testsRegistered": 11,
    "passPercent": 90.9090909090909,
    "pendingPercent": 0,
    "other": 0,
    "hasOther": false,
    "skipped": 0,
    "hasSkipped": false
  },
  "results": [
    {
      "uuid": "965753a1-f539-4d94-b697-b6eaae4ee08b",
      "title": "",
      "fullFile": "cypress/e2e/monitoring.cy.js",
      "file": "cypress/e2e/monitoring.cy.js",
      "beforeHooks": [],
      "afterHooks": [],
      "tests": [],
      "suites": [
        {
          "uuid": "01410d9b-9aec-47d1-9add-8dd847a8acdf",
          "title": "🩺 Monitoring synthétique — cartes.gouv.fr",
          "fullFile": "",
          "file": "",
          "beforeHooks": [],
          "afterHooks": [],
          "tests": [],
          "suites": [
            {
              "uuid": "ae8f35f4-a7ec-4004-9bac-71e9dde2df58",
              "title": "Disponibilité des pages critiques",
              "fullFile": "",
              "file": "",
              "beforeHooks": [],
              "afterHooks": [],
              "tests": [
                {
                  "title": "[UPTIME] Accueil (/explorer-les-cartes/) répond en < 5s avec un statut 2xx",
                  "fullTitle": "🩺 Monitoring synthétique — cartes.gouv.fr Disponibilité des pages critiques [UPTIME] Accueil (/explorer-les-cartes/) répond en < 5s avec un statut 2xx",
                  "timedOut": null,
                  "duration": 96,
                  "state": "passed",
                  "speed": "fast",
                  "pass": true,
                  "fail": false,
                  "pending": false,
                  "context": null,
                  "code": "const start = Date.now();\ncy.request({\n  url: path,\n  timeout: 15000,\n  failOnStatusCode: false\n}).then(response => {\n  const duration = Date.now() - start;\n  // Vérifier le statut HTTP\n  expect(response.status, `${name} doit répondre avec un statut 2xx`).to.be.within(200, 399);\n  // Vérifier le temps de réponse\n  expect(duration, `${name} doit répondre en moins de 5 secondes (actuel: ${duration}ms)`).to.be.lessThan(5000);\n  // Vérifier que le body n'est pas vide\n  expect(response.body).to.not.be.empty;\n  // Log pour le rapport\n  cy.task('log', `✅ ${name}: ${response.status} en ${duration}ms`);\n});",
                  "err": {},
                  "uuid": "bc2f7c7c-062a-4800-a86b-98b2a8dd795d",
                  "parentUUID": "ae8f35f4-a7ec-4004-9bac-71e9dde2df58",
                  "isHook": false,
                  "skipped": false
                },
                {
                  "title": "[UPTIME] Éditeur cartographique (/editeur-carto) répond en < 5s avec un statut 2xx",
                  "fullTitle": "🩺 Monitoring synthétique — cartes.gouv.fr Disponibilité des pages critiques [UPTIME] Éditeur cartographique (/editeur-carto) répond en < 5s avec un statut 2xx",
                  "timedOut": null,
                  "duration": 128,
                  "state": "failed",
                  "speed": null,
                  "pass": false,
                  "fail": true,
                  "pending": false,
                  "context": null,
                  "code": "const start = Date.now();\ncy.request({\n  url: path,\n  timeout: 15000,\n  failOnStatusCode: false\n}).then(response => {\n  const duration = Date.now() - start;\n  // Vérifier le statut HTTP\n  expect(response.status, `${name} doit répondre avec un statut 2xx`).to.be.within(200, 399);\n  // Vérifier le temps de réponse\n  expect(duration, `${name} doit répondre en moins de 5 secondes (actuel: ${duration}ms)`).to.be.lessThan(5000);\n  // Vérifier que le body n'est pas vide\n  expect(response.body).to.not.be.empty;\n  // Log pour le rapport\n  cy.task('log', `✅ ${name}: ${response.status} en ${duration}ms`);\n});",
                  "err": {
                    "message": "AssertionError: Éditeur cartographique doit répondre avec un statut 2xx: expected 404 to be within 200..399",
                    "estack": "AssertionError: Éditeur cartographique doit répondre avec un statut 2xx: expected 404 to be within 200..399\n    at Context.eval (webpack://cypress-cartes-gouv-fr/./cypress/e2e/monitoring.cy.js:41:18)\n    at getRet (https://cartes.gouv.fr/__cypress/runner/cypress_runner.js:122806:20)\n    at tryCatcher (https://cartes.gouv.fr/__cypress/runner/cypress_runner.js:1777:23)\n    at Promise.attempt.Promise.try (https://cartes.gouv.fr/__cypress/runner/cypress_runner.js:4285:29)\n    at Context.thenFn (https://cartes.gouv.fr/__cypress/runner/cypress_runner.js:122817:66)\n    at Context.then (https://cartes.gouv.fr/__cypress/runner/cypress_runner.js:123068:21)",
                    "diff": null
                  },
                  "uuid": "925c927c-f7de-407e-af90-ac9842c84841",
                  "parentUUID": "ae8f35f4-a7ec-4004-9bac-71e9dde2df58",
                  "isHook": false,
                  "skipped": false
                },
                {
                  "title": "[UPTIME] À propos (/a-propos/) répond en < 5s avec un statut 2xx",
                  "fullTitle": "🩺 Monitoring synthétique — cartes.gouv.fr Disponibilité des pages critiques [UPTIME] À propos (/a-propos/) répond en < 5s avec un statut 2xx",
                  "timedOut": null,
                  "duration": 51,
                  "state": "passed",
                  "speed": "fast",
                  "pass": true,
                  "fail": false,
                  "pending": false,
                  "context": null,
                  "code": "const start = Date.now();\ncy.request({\n  url: path,\n  timeout: 15000,\n  failOnStatusCode: false\n}).then(response => {\n  const duration = Date.now() - start;\n  // Vérifier le statut HTTP\n  expect(response.status, `${name} doit répondre avec un statut 2xx`).to.be.within(200, 399);\n  // Vérifier le temps de réponse\n  expect(duration, `${name} doit répondre en moins de 5 secondes (actuel: ${duration}ms)`).to.be.lessThan(5000);\n  // Vérifier que le body n'est pas vide\n  expect(response.body).to.not.be.empty;\n  // Log pour le rapport\n  cy.task('log', `✅ ${name}: ${response.status} en ${duration}ms`);\n});",
                  "err": {},
                  "uuid": "6fcc84d1-7bdf-4a4d-b3e7-1c91adfbcc37",
                  "parentUUID": "ae8f35f4-a7ec-4004-9bac-71e9dde2df58",
                  "isHook": false,
                  "skipped": false
                },
                {
                  "title": "[UPTIME] Découvrir les données (/decouvrir/) répond en < 5s avec un statut 2xx",
                  "fullTitle": "🩺 Monitoring synthétique — cartes.gouv.fr Disponibilité des pages critiques [UPTIME] Découvrir les données (/decouvrir/) répond en < 5s avec un statut 2xx",
                  "timedOut": null,
                  "duration": 55,
                  "state": "passed",
                  "speed": "fast",
                  "pass": true,
                  "fail": false,
                  "pending": false,
                  "context": null,
                  "code": "const start = Date.now();\ncy.request({\n  url: path,\n  timeout: 15000,\n  failOnStatusCode: false\n}).then(response => {\n  const duration = Date.now() - start;\n  // Vérifier le statut HTTP\n  expect(response.status, `${name} doit répondre avec un statut 2xx`).to.be.within(200, 399);\n  // Vérifier le temps de réponse\n  expect(duration, `${name} doit répondre en moins de 5 secondes (actuel: ${duration}ms)`).to.be.lessThan(5000);\n  // Vérifier que le body n'est pas vide\n  expect(response.body).to.not.be.empty;\n  // Log pour le rapport\n  cy.task('log', `✅ ${name}: ${response.status} en ${duration}ms`);\n});",
                  "err": {},
                  "uuid": "3dfbd9a4-30e3-41bc-8170-af2d6a8fa1d2",
                  "parentUUID": "ae8f35f4-a7ec-4004-9bac-71e9dde2df58",
                  "isHook": false,
                  "skipped": false
                }
              ],
              "suites": [],
              "passes": [
                "bc2f7c7c-062a-4800-a86b-98b2a8dd795d",
                "6fcc84d1-7bdf-4a4d-b3e7-1c91adfbcc37",
                "3dfbd9a4-30e3-41bc-8170-af2d6a8fa1d2"
              ],
              "failures": [
                "925c927c-f7de-407e-af90-ac9842c84841"
              ],
              "pending": [],
              "skipped": [],
              "duration": 330,
              "root": false,
              "rootEmpty": false,
              "_timeout": 2000
            },
            {
              "uuid": "920edef9-2c15-4d9b-9253-f5fd7898714d",
              "title": "Santé des API",
              "fullFile": "",
              "file": "",
              "beforeHooks": [],
              "afterHooks": [],
              "tests": [
                {
                  "title": "[API] Géoplateforme WMTS (data.geopf.fr) est accessible",
                  "fullTitle": "🩺 Monitoring synthétique — cartes.gouv.fr Santé des API [API] Géoplateforme WMTS (data.geopf.fr) est accessible",
                  "timedOut": null,
                  "duration": 377,
                  "state": "passed",
                  "speed": "fast",
                  "pass": true,
                  "fail": false,
                  "pending": false,
                  "context": null,
                  "code": "const start = Date.now();\ncy.request({\n  url: 'https://data.geopf.fr/wmts?service=WMTS&request=GetCapabilities',\n  timeout: 15000,\n  failOnStatusCode: false\n}).then(response => {\n  const duration = Date.now() - start;\n  expect(response.status).to.be.within(200, 399);\n  expect(duration).to.be.lessThan(10000);\n  cy.task('log', `✅ API Géoplateforme WMTS: ${response.status} en ${duration}ms`);\n});",
                  "err": {},
                  "uuid": "36fa4864-79aa-4a7d-9371-4d96a38a30fd",
                  "parentUUID": "920edef9-2c15-4d9b-9253-f5fd7898714d",
                  "isHook": false,
                  "skipped": false
                },
                {
                  "title": "[API] Géocodage (data.geopf.fr/geocodage) répond correctement",
                  "fullTitle": "🩺 Monitoring synthétique — cartes.gouv.fr Santé des API [API] Géocodage (data.geopf.fr/geocodage) répond correctement",
                  "timedOut": null,
                  "duration": 97,
                  "state": "passed",
                  "speed": "fast",
                  "pass": true,
                  "fail": false,
                  "pending": false,
                  "context": null,
                  "code": "const start = Date.now();\ncy.request({\n  url: 'https://data.geopf.fr/geocodage/search?q=Paris&limit=1',\n  timeout: 10000,\n  failOnStatusCode: false\n}).then(response => {\n  const duration = Date.now() - start;\n  expect(response.status).to.eq(200);\n  expect(duration).to.be.lessThan(5000);\n  // Vérifier la structure de la réponse\n  expect(response.body).to.have.property('features');\n  expect(response.body.features).to.have.length.at.least(1);\n  cy.task('log', `✅ API Géocodage: ${response.status} en ${duration}ms`);\n});",
                  "err": {},
                  "uuid": "e65877b0-a7a2-4cca-8be7-9519c1155a93",
                  "parentUUID": "920edef9-2c15-4d9b-9253-f5fd7898714d",
                  "isHook": false,
                  "skipped": false
                }
              ],
              "suites": [],
              "passes": [
                "36fa4864-79aa-4a7d-9371-4d96a38a30fd",
                "e65877b0-a7a2-4cca-8be7-9519c1155a93"
              ],
              "failures": [],
              "pending": [],
              "skipped": [],
              "duration": 474,
              "root": false,
              "rootEmpty": false,
              "_timeout": 2000
            },
            {
              "uuid": "56290abf-348e-467c-ac24-7a9ca4acfa86",
              "title": "Performance de chargement",
              "fullFile": "",
              "file": "",
              "beforeHooks": [],
              "afterHooks": [],
              "tests": [
                {
                  "title": "[PERF] la page d'accueil se charge complètement en < 15s",
                  "fullTitle": "🩺 Monitoring synthétique — cartes.gouv.fr Performance de chargement [PERF] la page d'accueil se charge complètement en < 15s",
                  "timedOut": null,
                  "duration": 3078,
                  "state": "passed",
                  "speed": "fast",
                  "pass": true,
                  "fail": false,
                  "pending": false,
                  "context": null,
                  "code": "const start = Date.now();\ncy.visit('/', {\n  timeout: 30000\n});\ncy.document().its('readyState').should('eq', 'complete');\ncy.get('body').should('be.visible');\n// Attendre un élément significatif de la page\ncy.get('header, nav, [role=\"banner\"]', {\n  timeout: 15000\n}).should('be.visible').then(() => {\n  const loadTime = Date.now() - start;\n  cy.task('log', `⏱️ Chargement complet accueil: ${loadTime}ms`);\n  expect(loadTime, `La page doit se charger en moins de 15 secondes (actuel: ${loadTime}ms)`).to.be.lessThan(15000);\n});",
                  "err": {},
                  "uuid": "f0c000e6-8d44-4b0f-a128-1c0132740f8c",
                  "parentUUID": "56290abf-348e-467c-ac24-7a9ca4acfa86",
                  "isHook": false,
                  "skipped": false
                },
                {
                  "title": "[PERF] l'éditeur cartographique se charge en < 20s",
                  "fullTitle": "🩺 Monitoring synthétique — cartes.gouv.fr Performance de chargement [PERF] l'éditeur cartographique se charge en < 20s",
                  "timedOut": null,
                  "duration": 3050,
                  "state": "passed",
                  "speed": "fast",
                  "pass": true,
                  "fail": false,
                  "pending": false,
                  "context": null,
                  "code": "const start = Date.now();\ncy.visit('/editeur', {\n  timeout: 30000,\n  failOnStatusCode: false\n});\ncy.document().its('readyState').should('eq', 'complete');\ncy.get('body', {\n  timeout: 20000\n}).should('be.visible');\n// L'éditeur est un SPA lourd — on vérifie simplement qu'il rend un body non vide\ncy.get('body').then($body => {\n  const loadTime = Date.now() - start;\n  cy.task('log', `⏱️ Chargement éditeur carto: ${loadTime}ms`);\n  expect($body.text().trim().length).to.be.greaterThan(0);\n  expect(loadTime, `L'éditeur carto doit se charger en moins de 20 secondes (actuel: ${loadTime}ms)`).to.be.lessThan(20000);\n});",
                  "err": {},
                  "uuid": "3baa2b1c-1aec-45f2-b806-124b00f546c0",
                  "parentUUID": "56290abf-348e-467c-ac24-7a9ca4acfa86",
                  "isHook": false,
                  "skipped": false
                }
              ],
              "suites": [],
              "passes": [
                "f0c000e6-8d44-4b0f-a128-1c0132740f8c",
                "3baa2b1c-1aec-45f2-b806-124b00f546c0"
              ],
              "failures": [],
              "pending": [],
              "skipped": [],
              "duration": 6128,
              "root": false,
              "rootEmpty": false,
              "_timeout": 2000
            },
            {
              "uuid": "33453eb2-d69a-4a3a-b3c9-e98b3d8ceb79",
              "title": "Erreurs JavaScript",
              "fullFile": "",
              "file": "",
              "beforeHooks": [],
              "afterHooks": [],
              "tests": [
                {
                  "title": "[JS] la page d'accueil ne produit pas d'erreurs console critiques",
                  "fullTitle": "🩺 Monitoring synthétique — cartes.gouv.fr Erreurs JavaScript [JS] la page d'accueil ne produit pas d'erreurs console critiques",
                  "timedOut": null,
                  "duration": 6184,
                  "state": "passed",
                  "speed": "medium",
                  "pass": true,
                  "fail": false,
                  "pending": false,
                  "context": null,
                  "code": "const consoleErrors = [];\ncy.on('window:before:load', win => {\n  cy.stub(win.console, 'error').callsFake((...args) => {\n    consoleErrors.push(args.join(' '));\n  });\n});\ncy.visit('/', {\n  timeout: 30000\n});\ncy.document().its('readyState').should('eq', 'complete');\n// eslint-disable-next-line cypress/no-unnecessary-waiting\ncy.wait(3000); // Laisser le JS s'exécuter\ncy.then(() => {\n  // Filtrer les erreurs connues/acceptables\n  const criticalErrors = consoleErrors.filter(err => {\n    const ignoredPatterns = ['favicon', 'third-party', 'analytics', 'matomo', 'tarteaucitron', 'cookie', 'ResizeObserver'];\n    return !ignoredPatterns.some(pattern => err.toLowerCase().includes(pattern.toLowerCase()));\n  });\n  if (criticalErrors.length > 0) {\n    cy.task('log', `⚠️ ${criticalErrors.length} erreur(s) JS détectée(s)`);\n    criticalErrors.forEach(err => cy.task('log', `  ❌ ${err.substring(0, 200)}`));\n  } else {\n    cy.task('log', '✅ Aucune erreur JS critique détectée');\n  }\n  // On log mais on ne fait pas échouer le test pour les erreurs non critiques\n  // Décommenter la ligne ci-dessous pour être strict :\n  // expect(criticalErrors, 'Erreurs JS critiques').to.have.length(0)\n});",
                  "err": {},
                  "uuid": "6b38b177-42f0-4106-8cda-20c33f600bec",
                  "parentUUID": "33453eb2-d69a-4a3a-b3c9-e98b3d8ceb79",
                  "isHook": false,
                  "skipped": false
                }
              ],
              "suites": [],
              "passes": [
                "6b38b177-42f0-4106-8cda-20c33f600bec"
              ],
              "failures": [],
              "pending": [],
              "skipped": [],
              "duration": 6184,
              "root": false,
              "rootEmpty": false,
              "_timeout": 2000
            },
            {
              "uuid": "fe83d704-128d-4dc6-b129-512dba4601a5",
              "title": "Sécurité",
              "fullFile": "",
              "file": "",
              "beforeHooks": [],
              "afterHooks": [],
              "tests": [
                {
                  "title": "[SSL] le site est accessible en HTTPS",
                  "fullTitle": "🩺 Monitoring synthétique — cartes.gouv.fr Sécurité [SSL] le site est accessible en HTTPS",
                  "timedOut": null,
                  "duration": 87,
                  "state": "passed",
                  "speed": "fast",
                  "pass": true,
                  "fail": false,
                  "pending": false,
                  "context": null,
                  "code": "cy.request({\n  url: 'https://cartes.gouv.fr',\n  timeout: 10000\n}).then(response => {\n  expect(response.status).to.eq(200);\n  cy.task('log', '✅ HTTPS OK');\n});",
                  "err": {},
                  "uuid": "58233ad5-d6a8-47b3-994a-415b1cf70dc6",
                  "parentUUID": "fe83d704-128d-4dc6-b129-512dba4601a5",
                  "isHook": false,
                  "skipped": false
                },
                {
                  "title": "[SECURITY] les headers de sécurité sont présents",
                  "fullTitle": "🩺 Monitoring synthétique — cartes.gouv.fr Sécurité [SECURITY] les headers de sécurité sont présents",
                  "timedOut": null,
                  "duration": 65,
                  "state": "passed",
                  "speed": "fast",
                  "pass": true,
                  "fail": false,
                  "pending": false,
                  "context": null,
                  "code": "cy.request({\n  url: 'https://cartes.gouv.fr',\n  timeout: 10000\n}).then(response => {\n  const headers = response.headers;\n  // Vérifier les headers de sécurité importants\n  const securityHeaders = {\n    'x-frame-options': 'Protection contre le clickjacking',\n    'x-content-type-options': 'Protection contre le MIME sniffing',\n    'strict-transport-security': 'HSTS activé'\n  };\n  Object.entries(securityHeaders).forEach(([header, description]) => {\n    if (headers[header]) {\n      cy.task('log', `✅ ${description}: ${headers[header]}`);\n    } else {\n      cy.task('log', `⚠️ Header manquant: ${header} (${description})`);\n    }\n  });\n  // Au minimum, vérifier que le content-type est correct\n  expect(headers['content-type']).to.include('text/html');\n});",
                  "err": {},
                  "uuid": "0e055b9e-c098-43de-899b-ed3b5a3ce1e8",
                  "parentUUID": "fe83d704-128d-4dc6-b129-512dba4601a5",
                  "isHook": false,
                  "skipped": false
                }
              ],
              "suites": [],
              "passes": [
                "58233ad5-d6a8-47b3-994a-415b1cf70dc6",
                "0e055b9e-c098-43de-899b-ed3b5a3ce1e8"
              ],
              "failures": [],
              "pending": [],
              "skipped": [],
              "duration": 152,
              "root": false,
              "rootEmpty": false,
              "_timeout": 2000
            }
          ],
          "passes": [],
          "failures": [],
          "pending": [],
          "skipped": [],
          "duration": 0,
          "root": false,
          "rootEmpty": false,
          "_timeout": 2000
        }
      ],
      "passes": [],
      "failures": [],
      "pending": [],
      "skipped": [],
      "duration": 0,
      "root": true,
      "rootEmpty": true,
      "_timeout": 2000
    }
  ],
  "meta": {
    "mocha": {
      "version": "7.2.0"
    },
    "mochawesome": {
      "options": {
        "quiet": false,
        "reportFilename": "mochawesome",
        "saveHtml": false,
        "saveJson": true,
        "consoleReporter": "spec",
        "useInlineDiffs": false,
        "code": true
      },
      "version": "7.1.4"
    },
    "marge": {
      "options": {
        "reportDir": "cypress/reports/json",
        "overwrite": false,
        "html": false,
        "json": true,
        "timestamp": "yyyy-mm-dd_HH-MM"
      },
      "version": "6.3.2"
    }
  }
}