{
  "stats": {
    "suites": 1,
    "tests": 4,
    "passes": 4,
    "pending": 0,
    "failures": 0,
    "start": "2026-04-10T08:52:01.768Z",
    "end": "2026-04-10T08:52:11.673Z",
    "duration": 9905,
    "testsRegistered": 4,
    "passPercent": 100,
    "pendingPercent": 0,
    "other": 0,
    "hasOther": false,
    "skipped": 0,
    "hasSkipped": false
  },
  "results": [
    {
      "uuid": "f56fa3e1-5a1c-4da7-8a71-3d9421ba66e0",
      "title": "",
      "fullFile": "cypress/e2e/auth.cy.js",
      "file": "cypress/e2e/auth.cy.js",
      "beforeHooks": [],
      "afterHooks": [],
      "tests": [],
      "suites": [
        {
          "uuid": "4a6d4d0f-f0fa-4d2d-9805-0a480de9de9b",
          "title": "Authentification — parcours critique",
          "fullFile": "",
          "file": "",
          "beforeHooks": [],
          "afterHooks": [],
          "tests": [
            {
              "title": "affiche un bouton de connexion visible sur la page d'accueil",
              "fullTitle": "Authentification — parcours critique affiche un bouton de connexion visible sur la page d'accueil",
              "timedOut": null,
              "duration": 940,
              "state": "passed",
              "speed": "fast",
              "pass": true,
              "fail": false,
              "pending": false,
              "context": null,
              "code": "cy.visit('/');\ncy.get('[data-testid=\"login-btn\"], [aria-label*=\"connexion\"], a[href*=\"login\"], a[href*=\"connexion\"]').should('exist').and('be.visible');",
              "err": {},
              "uuid": "c7f29832-f087-4a7e-a61b-5e52c1b91b6e",
              "parentUUID": "4a6d4d0f-f0fa-4d2d-9805-0a480de9de9b",
              "isHook": false,
              "skipped": false
            },
            {
              "title": "redirige vers le SSO Géoplateforme au clic sur connexion",
              "fullTitle": "Authentification — parcours critique redirige vers le SSO Géoplateforme au clic sur connexion",
              "timedOut": null,
              "duration": 1063,
              "state": "passed",
              "speed": "fast",
              "pass": true,
              "fail": false,
              "pending": false,
              "context": null,
              "code": "cy.visit('/');\ncy.get('[data-testid=\"login-btn\"], [aria-label*=\"connexion\"], a[href*=\"login\"]').first().click();\ncy.url().should('include', 'sso.geopf.fr');",
              "err": {},
              "uuid": "63a1f0b9-6981-444d-ac00-dd06087ae917",
              "parentUUID": "4a6d4d0f-f0fa-4d2d-9805-0a480de9de9b",
              "isHook": false,
              "skipped": false
            },
            {
              "title": "la page SSO propose un formulaire de connexion complet",
              "fullTitle": "Authentification — parcours critique la page SSO propose un formulaire de connexion complet",
              "timedOut": null,
              "duration": 2048,
              "state": "passed",
              "speed": "fast",
              "pass": true,
              "fail": false,
              "pending": false,
              "context": null,
              "code": "cy.visit('/');\ncy.get('[data-testid=\"login-btn\"], [aria-label*=\"connexion\"], a[href*=\"login\"]').first().click();\ncy.origin('https://sso.geopf.fr', () => {\n  cy.get('input[type=\"text\"], input[type=\"email\"], input[name*=\"username\"]').should('exist');\n  cy.get('input[type=\"password\"]').should('exist');\n  cy.get('button[type=\"submit\"], input[type=\"submit\"]').should('exist');\n});",
              "err": {},
              "uuid": "f9358786-4d68-4971-990b-9efd365ed3fe",
              "parentUUID": "4a6d4d0f-f0fa-4d2d-9805-0a480de9de9b",
              "isHook": false,
              "skipped": false
            },
            {
              "title": "affiche une erreur avec des identifiants invalides",
              "fullTitle": "Authentification — parcours critique affiche une erreur avec des identifiants invalides",
              "timedOut": null,
              "duration": 3142,
              "state": "passed",
              "speed": "fast",
              "pass": true,
              "fail": false,
              "pending": false,
              "context": null,
              "code": "cy.visit('/login', {\n  failOnStatusCode: false\n});\ncy.get('input[type=\"email\"], input[type=\"text\"], input[name*=\"email\"], input[name*=\"username\"], input[name*=\"login\"]').first().type('utilisateur_invalide@test.fr');\ncy.get('input[type=\"password\"]').type('mauvais_mot_de_passe');\ncy.get('button[type=\"submit\"], input[type=\"submit\"]').first().click();\ncy.get('[aria-live=\"polite\"], [role=\"alert\"], .alert, .error, .kc-feedback-text, [data-testid=\"login-error\"]').should('exist');",
              "err": {},
              "uuid": "da838a31-810c-4257-a28a-0e67e5dea534",
              "parentUUID": "4a6d4d0f-f0fa-4d2d-9805-0a480de9de9b",
              "isHook": false,
              "skipped": false
            }
          ],
          "suites": [],
          "passes": [
            "c7f29832-f087-4a7e-a61b-5e52c1b91b6e",
            "63a1f0b9-6981-444d-ac00-dd06087ae917",
            "f9358786-4d68-4971-990b-9efd365ed3fe",
            "da838a31-810c-4257-a28a-0e67e5dea534"
          ],
          "failures": [],
          "pending": [],
          "skipped": [],
          "duration": 7193,
          "root": false,
          "rootEmpty": false,
          "_timeout": 2000
        }
      ],
      "passes": [],
      "failures": [],
      "pending": [],
      "skipped": [],
      "duration": 0,
      "root": true,
      "rootEmpty": true,
      "_timeout": 2000
    }
  ],
  "meta": {
    "mocha": {
      "version": "7.2.0"
    },
    "mochawesome": {
      "options": {
        "quiet": false,
        "reportFilename": "mochawesome",
        "saveHtml": false,
        "saveJson": true,
        "consoleReporter": "spec",
        "useInlineDiffs": false,
        "code": true
      },
      "version": "7.1.4"
    },
    "marge": {
      "options": {
        "reportDir": "cypress/reports/json",
        "overwrite": false,
        "html": false,
        "json": true,
        "timestamp": "yyyy-mm-dd_HH-MM"
      },
      "version": "6.3.2"
    }
  }
}