{
  "stats": {
    "suites": 6,
    "tests": 5,
    "passes": 0,
    "pending": 10,
    "failures": -5,
    "start": "2026-04-14T13:54:57.570Z",
    "end": "2026-04-14T13:54:57.651Z",
    "duration": 81,
    "testsRegistered": 10,
    "passPercent": null,
    "pendingPercent": 100,
    "other": 5,
    "hasOther": true,
    "skipped": 0,
    "hasSkipped": false
  },
  "results": [
    {
      "uuid": "0a4d443b-fd34-4bb0-bc48-417195b32ab7",
      "title": "",
      "fullFile": "cypress/e2e/monitoring.cy.js",
      "file": "cypress/e2e/monitoring.cy.js",
      "beforeHooks": [],
      "afterHooks": [],
      "tests": [],
      "suites": [
        {
          "uuid": "a21db153-fbf4-42b9-ada4-a0b401d24803",
          "title": "🩺 Monitoring synthétique — cartes.gouv.fr",
          "fullFile": "",
          "file": "",
          "beforeHooks": [],
          "afterHooks": [],
          "tests": [],
          "suites": [
            {
              "uuid": "91896fb6-6d3c-4980-b2cf-b677bb69f4b9",
              "title": "Disponibilité des pages critiques",
              "fullFile": "",
              "file": "",
              "beforeHooks": [],
              "afterHooks": [],
              "tests": [
                {
                  "title": "[UPTIME] Accueil (/explorer-les-cartes/) répond en < 5s avec un statut 2xx",
                  "fullTitle": "🩺 Monitoring synthétique — cartes.gouv.fr Disponibilité des pages critiques [UPTIME] Accueil (/explorer-les-cartes/) répond en < 5s avec un statut 2xx",
                  "timedOut": null,
                  "duration": 0,
                  "state": "pending",
                  "speed": null,
                  "pass": false,
                  "fail": false,
                  "pending": true,
                  "context": null,
                  "code": "const start = Date.now();\ncy.request({\n  url: path,\n  timeout: 15000,\n  failOnStatusCode: false\n}).then(response => {\n  const duration = Date.now() - start;\n  // Vérifier le statut HTTP\n  expect(response.status, `${name} doit répondre avec un statut 2xx`).to.be.within(200, 399);\n  // Vérifier le temps de réponse\n  expect(duration, `${name} doit répondre en moins de 5 secondes (actuel: ${duration}ms)`).to.be.lessThan(5000);\n  // Vérifier que le body n'est pas vide\n  expect(response.body).to.not.be.empty;\n  // Log pour le rapport\n  cy.task('log', `✅ ${name}: ${response.status} en ${duration}ms`);\n});",
                  "err": {},
                  "uuid": "cb5e8bfc-4738-46ff-b217-1de549a5628b",
                  "parentUUID": "91896fb6-6d3c-4980-b2cf-b677bb69f4b9",
                  "isHook": false,
                  "skipped": false
                },
                {
                  "title": "[UPTIME] À propos (/a-propos/) répond en < 5s avec un statut 2xx",
                  "fullTitle": "🩺 Monitoring synthétique — cartes.gouv.fr Disponibilité des pages critiques [UPTIME] À propos (/a-propos/) répond en < 5s avec un statut 2xx",
                  "timedOut": null,
                  "duration": 0,
                  "state": "pending",
                  "speed": null,
                  "pass": false,
                  "fail": false,
                  "pending": true,
                  "context": null,
                  "code": "const start = Date.now();\ncy.request({\n  url: path,\n  timeout: 15000,\n  failOnStatusCode: false\n}).then(response => {\n  const duration = Date.now() - start;\n  // Vérifier le statut HTTP\n  expect(response.status, `${name} doit répondre avec un statut 2xx`).to.be.within(200, 399);\n  // Vérifier le temps de réponse\n  expect(duration, `${name} doit répondre en moins de 5 secondes (actuel: ${duration}ms)`).to.be.lessThan(5000);\n  // Vérifier que le body n'est pas vide\n  expect(response.body).to.not.be.empty;\n  // Log pour le rapport\n  cy.task('log', `✅ ${name}: ${response.status} en ${duration}ms`);\n});",
                  "err": {},
                  "uuid": "ad589cd6-3f1f-43c8-8edd-79fb691d2df0",
                  "parentUUID": "91896fb6-6d3c-4980-b2cf-b677bb69f4b9",
                  "isHook": false,
                  "skipped": false
                },
                {
                  "title": "[UPTIME] Découvrir les données (/decouvrir/) répond en < 5s avec un statut 2xx",
                  "fullTitle": "🩺 Monitoring synthétique — cartes.gouv.fr Disponibilité des pages critiques [UPTIME] Découvrir les données (/decouvrir/) répond en < 5s avec un statut 2xx",
                  "timedOut": null,
                  "duration": 0,
                  "state": "pending",
                  "speed": null,
                  "pass": false,
                  "fail": false,
                  "pending": true,
                  "context": null,
                  "code": "const start = Date.now();\ncy.request({\n  url: path,\n  timeout: 15000,\n  failOnStatusCode: false\n}).then(response => {\n  const duration = Date.now() - start;\n  // Vérifier le statut HTTP\n  expect(response.status, `${name} doit répondre avec un statut 2xx`).to.be.within(200, 399);\n  // Vérifier le temps de réponse\n  expect(duration, `${name} doit répondre en moins de 5 secondes (actuel: ${duration}ms)`).to.be.lessThan(5000);\n  // Vérifier que le body n'est pas vide\n  expect(response.body).to.not.be.empty;\n  // Log pour le rapport\n  cy.task('log', `✅ ${name}: ${response.status} en ${duration}ms`);\n});",
                  "err": {},
                  "uuid": "a4d791e6-30f9-47d3-9592-82362beecb79",
                  "parentUUID": "91896fb6-6d3c-4980-b2cf-b677bb69f4b9",
                  "isHook": false,
                  "skipped": false
                }
              ],
              "suites": [],
              "passes": [],
              "failures": [],
              "pending": [
                "cb5e8bfc-4738-46ff-b217-1de549a5628b",
                "ad589cd6-3f1f-43c8-8edd-79fb691d2df0",
                "a4d791e6-30f9-47d3-9592-82362beecb79"
              ],
              "skipped": [],
              "duration": 0,
              "root": false,
              "rootEmpty": false,
              "_timeout": 2000
            },
            {
              "uuid": "b2382f89-d0f0-4084-83a1-f7e644d6f900",
              "title": "Santé des API",
              "fullFile": "",
              "file": "",
              "beforeHooks": [],
              "afterHooks": [],
              "tests": [
                {
                  "title": "[API] Géoplateforme WMTS (data.geopf.fr) est accessible",
                  "fullTitle": "🩺 Monitoring synthétique — cartes.gouv.fr Santé des API [API] Géoplateforme WMTS (data.geopf.fr) est accessible",
                  "timedOut": null,
                  "duration": 0,
                  "state": "pending",
                  "speed": null,
                  "pass": false,
                  "fail": false,
                  "pending": true,
                  "context": null,
                  "code": "const start = Date.now();\ncy.request({\n  url: 'https://data.geopf.fr/wmts?service=WMTS&request=GetCapabilities',\n  timeout: 15000,\n  failOnStatusCode: false\n}).then(response => {\n  const duration = Date.now() - start;\n  expect(response.status).to.be.within(200, 399);\n  expect(duration).to.be.lessThan(10000);\n  cy.task('log', `✅ API Géoplateforme WMTS: ${response.status} en ${duration}ms`);\n});",
                  "err": {},
                  "uuid": "b17bf12a-09ed-4a3a-87f8-6754175fb75e",
                  "parentUUID": "b2382f89-d0f0-4084-83a1-f7e644d6f900",
                  "isHook": false,
                  "skipped": false
                },
                {
                  "title": "[API] Géocodage (data.geopf.fr/geocodage) répond correctement",
                  "fullTitle": "🩺 Monitoring synthétique — cartes.gouv.fr Santé des API [API] Géocodage (data.geopf.fr/geocodage) répond correctement",
                  "timedOut": null,
                  "duration": 0,
                  "state": "pending",
                  "speed": null,
                  "pass": false,
                  "fail": false,
                  "pending": true,
                  "context": null,
                  "code": "const start = Date.now();\ncy.request({\n  url: 'https://data.geopf.fr/geocodage/search?q=Paris&limit=1',\n  timeout: 10000,\n  failOnStatusCode: false\n}).then(response => {\n  const duration = Date.now() - start;\n  expect(response.status).to.eq(200);\n  expect(duration).to.be.lessThan(5000);\n  // Vérifier la structure de la réponse\n  expect(response.body).to.have.property('features');\n  expect(response.body.features).to.have.length.at.least(1);\n  cy.task('log', `✅ API Géocodage: ${response.status} en ${duration}ms`);\n});",
                  "err": {},
                  "uuid": "68b9dde2-1052-4c18-8bfb-4ab9540f8044",
                  "parentUUID": "b2382f89-d0f0-4084-83a1-f7e644d6f900",
                  "isHook": false,
                  "skipped": false
                }
              ],
              "suites": [],
              "passes": [],
              "failures": [],
              "pending": [
                "b17bf12a-09ed-4a3a-87f8-6754175fb75e",
                "68b9dde2-1052-4c18-8bfb-4ab9540f8044"
              ],
              "skipped": [],
              "duration": 0,
              "root": false,
              "rootEmpty": false,
              "_timeout": 2000
            },
            {
              "uuid": "38b9924f-ccf1-4b4e-b0bc-a18f3c573d12",
              "title": "Performance de chargement",
              "fullFile": "",
              "file": "",
              "beforeHooks": [],
              "afterHooks": [],
              "tests": [
                {
                  "title": "[PERF] la page d'accueil se charge complètement en < 15s",
                  "fullTitle": "🩺 Monitoring synthétique — cartes.gouv.fr Performance de chargement [PERF] la page d'accueil se charge complètement en < 15s",
                  "timedOut": null,
                  "duration": 0,
                  "state": "pending",
                  "speed": null,
                  "pass": false,
                  "fail": false,
                  "pending": true,
                  "context": null,
                  "code": "const start = Date.now();\ncy.visit('/', {\n  timeout: 30000\n});\ncy.document().its('readyState').should('eq', 'complete');\ncy.get('body').should('be.visible');\n// Attendre un élément significatif de la page\ncy.get('header, nav, [role=\"banner\"]', {\n  timeout: 15000\n}).should('be.visible').then(() => {\n  const loadTime = Date.now() - start;\n  cy.task('log', `⏱️ Chargement complet accueil: ${loadTime}ms`);\n  expect(loadTime, `La page doit se charger en moins de 15 secondes (actuel: ${loadTime}ms)`).to.be.lessThan(15000);\n});",
                  "err": {},
                  "uuid": "5356c6ab-e035-44e8-a56b-f85b48306774",
                  "parentUUID": "38b9924f-ccf1-4b4e-b0bc-a18f3c573d12",
                  "isHook": false,
                  "skipped": false
                },
                {
                  "title": "[PERF] l'éditeur cartographique se charge en < 20s",
                  "fullTitle": "🩺 Monitoring synthétique — cartes.gouv.fr Performance de chargement [PERF] l'éditeur cartographique se charge en < 20s",
                  "timedOut": null,
                  "duration": 0,
                  "state": "pending",
                  "speed": null,
                  "pass": false,
                  "fail": false,
                  "pending": true,
                  "context": null,
                  "code": "const start = Date.now();\ncy.visit('/editeur', {\n  timeout: 30000,\n  failOnStatusCode: false\n});\ncy.document().its('readyState').should('eq', 'complete');\ncy.get('body', {\n  timeout: 20000\n}).should('be.visible');\n// L'éditeur est un SPA lourd — on vérifie simplement qu'il rend un body non vide\ncy.get('body').then($body => {\n  const loadTime = Date.now() - start;\n  cy.task('log', `⏱️ Chargement éditeur carto: ${loadTime}ms`);\n  expect($body.text().trim().length).to.be.greaterThan(0);\n  expect(loadTime, `L'éditeur carto doit se charger en moins de 20 secondes (actuel: ${loadTime}ms)`).to.be.lessThan(20000);\n});",
                  "err": {},
                  "uuid": "e28308dc-65f9-444d-99eb-c50be291f2d1",
                  "parentUUID": "38b9924f-ccf1-4b4e-b0bc-a18f3c573d12",
                  "isHook": false,
                  "skipped": false
                }
              ],
              "suites": [],
              "passes": [],
              "failures": [],
              "pending": [
                "5356c6ab-e035-44e8-a56b-f85b48306774",
                "e28308dc-65f9-444d-99eb-c50be291f2d1"
              ],
              "skipped": [],
              "duration": 0,
              "root": false,
              "rootEmpty": false,
              "_timeout": 2000
            },
            {
              "uuid": "de72ee93-2339-4183-9e60-b2661264d8fe",
              "title": "Erreurs JavaScript",
              "fullFile": "",
              "file": "",
              "beforeHooks": [],
              "afterHooks": [],
              "tests": [
                {
                  "title": "[JS] la page d'accueil ne produit pas d'erreurs console critiques",
                  "fullTitle": "🩺 Monitoring synthétique — cartes.gouv.fr Erreurs JavaScript [JS] la page d'accueil ne produit pas d'erreurs console critiques",
                  "timedOut": null,
                  "duration": 0,
                  "state": "pending",
                  "speed": null,
                  "pass": false,
                  "fail": false,
                  "pending": true,
                  "context": null,
                  "code": "const consoleErrors = [];\ncy.on('window:before:load', win => {\n  cy.stub(win.console, 'error').callsFake((...args) => {\n    consoleErrors.push(args.join(' '));\n  });\n});\ncy.visit('/', {\n  timeout: 30000\n});\ncy.document().its('readyState').should('eq', 'complete');\n// eslint-disable-next-line cypress/no-unnecessary-waiting\ncy.wait(3000); // Laisser le JS s'exécuter\ncy.then(() => {\n  // Filtrer les erreurs connues/acceptables\n  const criticalErrors = consoleErrors.filter(err => {\n    const ignoredPatterns = ['favicon', 'third-party', 'analytics', 'matomo', 'tarteaucitron', 'cookie', 'ResizeObserver'];\n    return !ignoredPatterns.some(pattern => err.toLowerCase().includes(pattern.toLowerCase()));\n  });\n  if (criticalErrors.length > 0) {\n    cy.task('log', `⚠️ ${criticalErrors.length} erreur(s) JS détectée(s)`);\n    criticalErrors.forEach(err => cy.task('log', `  ❌ ${err.substring(0, 200)}`));\n  } else {\n    cy.task('log', '✅ Aucune erreur JS critique détectée');\n  }\n  // On log mais on ne fait pas échouer le test pour les erreurs non critiques\n  // Décommenter la ligne ci-dessous pour être strict :\n  // expect(criticalErrors, 'Erreurs JS critiques').to.have.length(0)\n});",
                  "err": {},
                  "uuid": "3836a308-edf2-4666-adb4-e874a2e59d75",
                  "parentUUID": "de72ee93-2339-4183-9e60-b2661264d8fe",
                  "isHook": false,
                  "skipped": false
                }
              ],
              "suites": [],
              "passes": [],
              "failures": [],
              "pending": [
                "3836a308-edf2-4666-adb4-e874a2e59d75"
              ],
              "skipped": [],
              "duration": 0,
              "root": false,
              "rootEmpty": false,
              "_timeout": 2000
            },
            {
              "uuid": "38e7abde-2bce-4135-907c-fc32622b0a6c",
              "title": "Sécurité",
              "fullFile": "",
              "file": "",
              "beforeHooks": [],
              "afterHooks": [],
              "tests": [
                {
                  "title": "[SSL] le site est accessible en HTTPS",
                  "fullTitle": "🩺 Monitoring synthétique — cartes.gouv.fr Sécurité [SSL] le site est accessible en HTTPS",
                  "timedOut": null,
                  "duration": 0,
                  "state": "pending",
                  "speed": null,
                  "pass": false,
                  "fail": false,
                  "pending": true,
                  "context": null,
                  "code": "cy.request({\n  url: 'https://cartes.gouv.fr',\n  timeout: 10000\n}).then(response => {\n  expect(response.status).to.eq(200);\n  cy.task('log', '✅ HTTPS OK');\n});",
                  "err": {},
                  "uuid": "46d3f0c7-5041-40f2-b40c-42f55bfd4006",
                  "parentUUID": "38e7abde-2bce-4135-907c-fc32622b0a6c",
                  "isHook": false,
                  "skipped": false
                },
                {
                  "title": "[SECURITY] les headers de sécurité sont présents",
                  "fullTitle": "🩺 Monitoring synthétique — cartes.gouv.fr Sécurité [SECURITY] les headers de sécurité sont présents",
                  "timedOut": null,
                  "duration": 0,
                  "state": "pending",
                  "speed": null,
                  "pass": false,
                  "fail": false,
                  "pending": true,
                  "context": null,
                  "code": "cy.request({\n  url: 'https://cartes.gouv.fr',\n  timeout: 10000\n}).then(response => {\n  const headers = response.headers;\n  // Vérifier les headers de sécurité importants\n  const securityHeaders = {\n    'x-frame-options': 'Protection contre le clickjacking',\n    'x-content-type-options': 'Protection contre le MIME sniffing',\n    'strict-transport-security': 'HSTS activé'\n  };\n  Object.entries(securityHeaders).forEach(([header, description]) => {\n    if (headers[header]) {\n      cy.task('log', `✅ ${description}: ${headers[header]}`);\n    } else {\n      cy.task('log', `⚠️ Header manquant: ${header} (${description})`);\n    }\n  });\n  // Au minimum, vérifier que le content-type est correct\n  expect(headers['content-type']).to.include('text/html');\n});",
                  "err": {},
                  "uuid": "b0be68b4-c40f-47a5-af5b-e50ff1ace8be",
                  "parentUUID": "38e7abde-2bce-4135-907c-fc32622b0a6c",
                  "isHook": false,
                  "skipped": false
                }
              ],
              "suites": [],
              "passes": [],
              "failures": [],
              "pending": [
                "46d3f0c7-5041-40f2-b40c-42f55bfd4006",
                "b0be68b4-c40f-47a5-af5b-e50ff1ace8be"
              ],
              "skipped": [],
              "duration": 0,
              "root": false,
              "rootEmpty": false,
              "_timeout": 2000
            }
          ],
          "passes": [],
          "failures": [],
          "pending": [],
          "skipped": [],
          "duration": 0,
          "root": false,
          "rootEmpty": false,
          "_timeout": 2000
        }
      ],
      "passes": [],
      "failures": [],
      "pending": [],
      "skipped": [],
      "duration": 0,
      "root": true,
      "rootEmpty": true,
      "_timeout": 2000
    }
  ],
  "meta": {
    "mocha": {
      "version": "7.2.0"
    },
    "mochawesome": {
      "options": {
        "quiet": false,
        "reportFilename": "mochawesome",
        "saveHtml": false,
        "saveJson": true,
        "consoleReporter": "spec",
        "useInlineDiffs": false,
        "code": true
      },
      "version": "7.1.4"
    },
    "marge": {
      "options": {
        "reportDir": "cypress/reports/json",
        "overwrite": false,
        "html": false,
        "json": true,
        "timestamp": "yyyy-mm-dd_HH-MM"
      },
      "version": "6.3.2"
    }
  }
}