{
  "stats": {
    "suites": 1,
    "tests": 4,
    "passes": 2,
    "pending": 0,
    "failures": 2,
    "start": "2026-04-09T15:22:29.251Z",
    "end": "2026-04-09T15:24:26.774Z",
    "duration": 117523,
    "testsRegistered": 4,
    "passPercent": 50,
    "pendingPercent": 0,
    "other": 0,
    "hasOther": false,
    "skipped": 0,
    "hasSkipped": false
  },
  "results": [
    {
      "uuid": "9719fb8e-3cb0-4d32-af0d-84ea463ac651",
      "title": "",
      "fullFile": "cypress/e2e/editeur-carto.cy.js",
      "file": "cypress/e2e/editeur-carto.cy.js",
      "beforeHooks": [],
      "afterHooks": [],
      "tests": [],
      "suites": [
        {
          "uuid": "7af615ca-66f2-4aff-b227-612f7441c3e6",
          "title": "Éditeur cartographique",
          "fullFile": "",
          "file": "",
          "beforeHooks": [],
          "afterHooks": [],
          "tests": [
            {
              "title": "la page de l'éditeur se charge correctement",
              "fullTitle": "Éditeur cartographique la page de l'éditeur se charge correctement",
              "timedOut": null,
              "duration": 872,
              "state": "passed",
              "speed": "fast",
              "pass": true,
              "fail": false,
              "pending": false,
              "context": null,
              "code": "cy.document().its('readyState').should('eq', 'complete');\ncy.title().should('not.be.empty');\n// Vérifier qu'un contenu significatif est rendu\ncy.get('header, nav, [role=\"banner\"], .fr-header').should('exist');",
              "err": {},
              "uuid": "a6fd888e-33d0-4f67-890f-b00133cb2d6c",
              "parentUUID": "7af615ca-66f2-4aff-b227-612f7441c3e6",
              "isHook": false,
              "skipped": false
            },
            {
              "title": "le bouton « Créer » est visible et cliquable",
              "fullTitle": "Éditeur cartographique le bouton « Créer » est visible et cliquable",
              "timedOut": null,
              "duration": 1050,
              "state": "passed",
              "speed": "fast",
              "pass": true,
              "fail": false,
              "pending": false,
              "context": null,
              "code": "// Le bouton peut contenir \"Créer\", \"CRÉER\" ou \"Créer une carte\"\ncy.contains('button, a', /cr[ée]er/i, {\n  timeout: 10000\n}).should('be.visible').click({\n  force: true\n});\n// Après le clic, un changement doit se produire (nouvelle vue, carte, modale…)\ncy.get('body').should('be.visible');",
              "err": {},
              "uuid": "7bd979f1-6095-4f2c-99ac-d6774fbad46c",
              "parentUUID": "7af615ca-66f2-4aff-b227-612f7441c3e6",
              "isHook": false,
              "skipped": false
            },
            {
              "title": "un champ de recherche est disponible",
              "fullTitle": "Éditeur cartographique un champ de recherche est disponible",
              "timedOut": null,
              "duration": 10857,
              "state": "failed",
              "speed": null,
              "pass": false,
              "fail": true,
              "pending": false,
              "context": null,
              "code": "// Chercher un input de recherche via des sélecteurs accessibles\ncy.get('input[type=\"search\"], input[role=\"combobox\"], input[aria-label*=\"echerch\"], input[placeholder*=\"echerch\"], input[name*=\"search\"]', {\n  timeout: 10000\n}).first().should('be.visible');",
              "err": {
                "message": "AssertionError: Timed out retrying after 10000ms: Expected to find element: `input[type=\"search\"], input[role=\"combobox\"], input[aria-label*=\"echerch\"], input[placeholder*=\"echerch\"], input[name*=\"search\"]`, but never found it.",
                "estack": "AssertionError: Timed out retrying after 10000ms: Expected to find element: `input[type=\"search\"], input[role=\"combobox\"], input[aria-label*=\"echerch\"], input[placeholder*=\"echerch\"], input[name*=\"search\"]`, but never found it.\n    at Context.eval (webpack://cypress-cartes-gouv-fr/./cypress/e2e/editeur-carto.cy.js:48:7)",
                "diff": null
              },
              "uuid": "d62cf5ab-206b-4a32-84c7-b77df16021e8",
              "parentUUID": "7af615ca-66f2-4aff-b227-612f7441c3e6",
              "isHook": false,
              "skipped": false
            },
            {
              "title": "la recherche d'un lieu affiche des suggestions",
              "fullTitle": "Éditeur cartographique la recherche d'un lieu affiche des suggestions",
              "timedOut": null,
              "duration": 10883,
              "state": "failed",
              "speed": null,
              "pass": false,
              "fail": true,
              "pending": false,
              "context": null,
              "code": "cy.get('input[type=\"search\"], input[role=\"combobox\"], input[aria-label*=\"echerch\"], input[placeholder*=\"echerch\"], input[name*=\"search\"]', {\n  timeout: 10000\n}).first().clear({\n  force: true\n}).type('toulouse', {\n  force: true,\n  delay: 100\n});\n// Des suggestions doivent apparaître\ncy.get('[role=\"listbox\"] [role=\"option\"], [class*=\"autoComplete\"], [class*=\"suggestion\"], [class*=\"result\"]', {\n  timeout: 5000\n}).should('have.length.greaterThan', 0);",
              "err": {
                "message": "AssertionError: Timed out retrying after 10000ms: Expected to find element: `input[type=\"search\"], input[role=\"combobox\"], input[aria-label*=\"echerch\"], input[placeholder*=\"echerch\"], input[name*=\"search\"]`, but never found it.",
                "estack": "AssertionError: Timed out retrying after 10000ms: Expected to find element: `input[type=\"search\"], input[role=\"combobox\"], input[aria-label*=\"echerch\"], input[placeholder*=\"echerch\"], input[name*=\"search\"]`, but never found it.\n    at Context.eval (webpack://cypress-cartes-gouv-fr/./cypress/e2e/editeur-carto.cy.js:55:7)",
                "diff": null
              },
              "uuid": "13d8dc7a-aa61-40ee-8dd6-8e7d18697f6f",
              "parentUUID": "7af615ca-66f2-4aff-b227-612f7441c3e6",
              "isHook": false,
              "skipped": false
            }
          ],
          "suites": [],
          "passes": [
            "a6fd888e-33d0-4f67-890f-b00133cb2d6c",
            "7bd979f1-6095-4f2c-99ac-d6774fbad46c"
          ],
          "failures": [
            "d62cf5ab-206b-4a32-84c7-b77df16021e8",
            "13d8dc7a-aa61-40ee-8dd6-8e7d18697f6f"
          ],
          "pending": [],
          "skipped": [],
          "duration": 23662,
          "root": false,
          "rootEmpty": false,
          "_timeout": 2000
        }
      ],
      "passes": [],
      "failures": [],
      "pending": [],
      "skipped": [],
      "duration": 0,
      "root": true,
      "rootEmpty": true,
      "_timeout": 2000
    }
  ],
  "meta": {
    "mocha": {
      "version": "7.2.0"
    },
    "mochawesome": {
      "options": {
        "quiet": false,
        "reportFilename": "mochawesome",
        "saveHtml": false,
        "saveJson": true,
        "consoleReporter": "spec",
        "useInlineDiffs": false,
        "code": true
      },
      "version": "7.1.4"
    },
    "marge": {
      "options": {
        "reportDir": "cypress/reports/json",
        "overwrite": false,
        "html": false,
        "json": true,
        "timestamp": "yyyy-mm-dd_HH-MM"
      },
      "version": "6.3.2"
    }
  }
}