{
  "stats": {
    "suites": 6,
    "tests": 10,
    "passes": 10,
    "pending": 0,
    "failures": 0,
    "start": "2026-04-09T14:59:47.208Z",
    "end": "2026-04-09T15:00:02.378Z",
    "duration": 15170,
    "testsRegistered": 10,
    "passPercent": 100,
    "pendingPercent": 0,
    "other": 0,
    "hasOther": false,
    "skipped": 0,
    "hasSkipped": false
  },
  "results": [
    {
      "uuid": "fce63860-67ae-4a3c-9a97-7c3dc0bfa2f7",
      "title": "",
      "fullFile": "cypress/e2e/monitoring.cy.js",
      "file": "cypress/e2e/monitoring.cy.js",
      "beforeHooks": [],
      "afterHooks": [],
      "tests": [],
      "suites": [
        {
          "uuid": "149baae0-0b30-423e-8fc4-da06464ef3b8",
          "title": "🩺 Monitoring synthétique — cartes.gouv.fr",
          "fullFile": "",
          "file": "",
          "beforeHooks": [],
          "afterHooks": [],
          "tests": [],
          "suites": [
            {
              "uuid": "d27b2588-9453-4c8d-b03f-4302ecbcbcf9",
              "title": "Disponibilité des pages critiques",
              "fullFile": "",
              "file": "",
              "beforeHooks": [],
              "afterHooks": [],
              "tests": [
                {
                  "title": "[UPTIME] Accueil (/explorer-les-cartes/) répond en < 5s avec un statut 2xx",
                  "fullTitle": "🩺 Monitoring synthétique — cartes.gouv.fr Disponibilité des pages critiques [UPTIME] Accueil (/explorer-les-cartes/) répond en < 5s avec un statut 2xx",
                  "timedOut": null,
                  "duration": 70,
                  "state": "passed",
                  "speed": "fast",
                  "pass": true,
                  "fail": false,
                  "pending": false,
                  "context": null,
                  "code": "const start = Date.now();\ncy.request({\n  url: path,\n  timeout: 15000,\n  failOnStatusCode: false\n}).then(response => {\n  const duration = Date.now() - start;\n  // Vérifier le statut HTTP\n  expect(response.status, `${name} doit répondre avec un statut 2xx`).to.be.within(200, 399);\n  // Vérifier le temps de réponse\n  expect(duration, `${name} doit répondre en moins de 5 secondes (actuel: ${duration}ms)`).to.be.lessThan(5000);\n  // Vérifier que le body n'est pas vide\n  expect(response.body).to.not.be.empty;\n  // Log pour le rapport\n  cy.task('log', `✅ ${name}: ${response.status} en ${duration}ms`);\n});",
                  "err": {},
                  "uuid": "3964be2b-b01f-4145-8053-206984eddb00",
                  "parentUUID": "d27b2588-9453-4c8d-b03f-4302ecbcbcf9",
                  "isHook": false,
                  "skipped": false
                },
                {
                  "title": "[UPTIME] À propos (/a-propos/) répond en < 5s avec un statut 2xx",
                  "fullTitle": "🩺 Monitoring synthétique — cartes.gouv.fr Disponibilité des pages critiques [UPTIME] À propos (/a-propos/) répond en < 5s avec un statut 2xx",
                  "timedOut": null,
                  "duration": 37,
                  "state": "passed",
                  "speed": "fast",
                  "pass": true,
                  "fail": false,
                  "pending": false,
                  "context": null,
                  "code": "const start = Date.now();\ncy.request({\n  url: path,\n  timeout: 15000,\n  failOnStatusCode: false\n}).then(response => {\n  const duration = Date.now() - start;\n  // Vérifier le statut HTTP\n  expect(response.status, `${name} doit répondre avec un statut 2xx`).to.be.within(200, 399);\n  // Vérifier le temps de réponse\n  expect(duration, `${name} doit répondre en moins de 5 secondes (actuel: ${duration}ms)`).to.be.lessThan(5000);\n  // Vérifier que le body n'est pas vide\n  expect(response.body).to.not.be.empty;\n  // Log pour le rapport\n  cy.task('log', `✅ ${name}: ${response.status} en ${duration}ms`);\n});",
                  "err": {},
                  "uuid": "6c7cd5bc-a738-4791-a0e3-3697ab204ab7",
                  "parentUUID": "d27b2588-9453-4c8d-b03f-4302ecbcbcf9",
                  "isHook": false,
                  "skipped": false
                },
                {
                  "title": "[UPTIME] Découvrir les données (/decouvrir/) répond en < 5s avec un statut 2xx",
                  "fullTitle": "🩺 Monitoring synthétique — cartes.gouv.fr Disponibilité des pages critiques [UPTIME] Découvrir les données (/decouvrir/) répond en < 5s avec un statut 2xx",
                  "timedOut": null,
                  "duration": 85,
                  "state": "passed",
                  "speed": "fast",
                  "pass": true,
                  "fail": false,
                  "pending": false,
                  "context": null,
                  "code": "const start = Date.now();\ncy.request({\n  url: path,\n  timeout: 15000,\n  failOnStatusCode: false\n}).then(response => {\n  const duration = Date.now() - start;\n  // Vérifier le statut HTTP\n  expect(response.status, `${name} doit répondre avec un statut 2xx`).to.be.within(200, 399);\n  // Vérifier le temps de réponse\n  expect(duration, `${name} doit répondre en moins de 5 secondes (actuel: ${duration}ms)`).to.be.lessThan(5000);\n  // Vérifier que le body n'est pas vide\n  expect(response.body).to.not.be.empty;\n  // Log pour le rapport\n  cy.task('log', `✅ ${name}: ${response.status} en ${duration}ms`);\n});",
                  "err": {},
                  "uuid": "7ac14c42-eeb2-43e1-b3ec-9320e4b1568f",
                  "parentUUID": "d27b2588-9453-4c8d-b03f-4302ecbcbcf9",
                  "isHook": false,
                  "skipped": false
                }
              ],
              "suites": [],
              "passes": [
                "3964be2b-b01f-4145-8053-206984eddb00",
                "6c7cd5bc-a738-4791-a0e3-3697ab204ab7",
                "7ac14c42-eeb2-43e1-b3ec-9320e4b1568f"
              ],
              "failures": [],
              "pending": [],
              "skipped": [],
              "duration": 192,
              "root": false,
              "rootEmpty": false,
              "_timeout": 2000
            },
            {
              "uuid": "e9e8be49-8067-42b3-a74a-4f95e3c7feac",
              "title": "Santé des API",
              "fullFile": "",
              "file": "",
              "beforeHooks": [],
              "afterHooks": [],
              "tests": [
                {
                  "title": "[API] Géoplateforme WMTS (data.geopf.fr) est accessible",
                  "fullTitle": "🩺 Monitoring synthétique — cartes.gouv.fr Santé des API [API] Géoplateforme WMTS (data.geopf.fr) est accessible",
                  "timedOut": null,
                  "duration": 536,
                  "state": "passed",
                  "speed": "fast",
                  "pass": true,
                  "fail": false,
                  "pending": false,
                  "context": null,
                  "code": "const start = Date.now();\ncy.request({\n  url: 'https://data.geopf.fr/wmts?service=WMTS&request=GetCapabilities',\n  timeout: 15000,\n  failOnStatusCode: false\n}).then(response => {\n  const duration = Date.now() - start;\n  expect(response.status).to.be.within(200, 399);\n  expect(duration).to.be.lessThan(10000);\n  cy.task('log', `✅ API Géoplateforme WMTS: ${response.status} en ${duration}ms`);\n});",
                  "err": {},
                  "uuid": "d792a3f0-2a90-4476-af71-528aed8c84df",
                  "parentUUID": "e9e8be49-8067-42b3-a74a-4f95e3c7feac",
                  "isHook": false,
                  "skipped": false
                },
                {
                  "title": "[API] Géocodage (data.geopf.fr/geocodage) répond correctement",
                  "fullTitle": "🩺 Monitoring synthétique — cartes.gouv.fr Santé des API [API] Géocodage (data.geopf.fr/geocodage) répond correctement",
                  "timedOut": null,
                  "duration": 175,
                  "state": "passed",
                  "speed": "fast",
                  "pass": true,
                  "fail": false,
                  "pending": false,
                  "context": null,
                  "code": "const start = Date.now();\ncy.request({\n  url: 'https://data.geopf.fr/geocodage/search?q=Paris&limit=1',\n  timeout: 10000,\n  failOnStatusCode: false\n}).then(response => {\n  const duration = Date.now() - start;\n  expect(response.status).to.eq(200);\n  expect(duration).to.be.lessThan(5000);\n  // Vérifier la structure de la réponse\n  expect(response.body).to.have.property('features');\n  expect(response.body.features).to.have.length.at.least(1);\n  cy.task('log', `✅ API Géocodage: ${response.status} en ${duration}ms`);\n});",
                  "err": {},
                  "uuid": "60b31d17-e713-471c-abf8-c95b968845dc",
                  "parentUUID": "e9e8be49-8067-42b3-a74a-4f95e3c7feac",
                  "isHook": false,
                  "skipped": false
                }
              ],
              "suites": [],
              "passes": [
                "d792a3f0-2a90-4476-af71-528aed8c84df",
                "60b31d17-e713-471c-abf8-c95b968845dc"
              ],
              "failures": [],
              "pending": [],
              "skipped": [],
              "duration": 711,
              "root": false,
              "rootEmpty": false,
              "_timeout": 2000
            },
            {
              "uuid": "d47b41b6-57f7-46ec-bf53-42f4f4713400",
              "title": "Performance de chargement",
              "fullFile": "",
              "file": "",
              "beforeHooks": [],
              "afterHooks": [],
              "tests": [
                {
                  "title": "[PERF] la page d'accueil se charge complètement en < 15s",
                  "fullTitle": "🩺 Monitoring synthétique — cartes.gouv.fr Performance de chargement [PERF] la page d'accueil se charge complètement en < 15s",
                  "timedOut": null,
                  "duration": 3063,
                  "state": "passed",
                  "speed": "fast",
                  "pass": true,
                  "fail": false,
                  "pending": false,
                  "context": null,
                  "code": "const start = Date.now();\ncy.visit('/', {\n  timeout: 30000\n});\ncy.document().its('readyState').should('eq', 'complete');\ncy.get('body').should('be.visible');\n// Attendre un élément significatif de la page\ncy.get('header, nav, [role=\"banner\"]', {\n  timeout: 15000\n}).should('be.visible').then(() => {\n  const loadTime = Date.now() - start;\n  cy.task('log', `⏱️ Chargement complet accueil: ${loadTime}ms`);\n  expect(loadTime, `La page doit se charger en moins de 15 secondes (actuel: ${loadTime}ms)`).to.be.lessThan(15000);\n});",
                  "err": {},
                  "uuid": "da4ab61d-c720-4fcb-a575-aadc97afd90d",
                  "parentUUID": "d47b41b6-57f7-46ec-bf53-42f4f4713400",
                  "isHook": false,
                  "skipped": false
                },
                {
                  "title": "[PERF] l'éditeur cartographique se charge en < 20s",
                  "fullTitle": "🩺 Monitoring synthétique — cartes.gouv.fr Performance de chargement [PERF] l'éditeur cartographique se charge en < 20s",
                  "timedOut": null,
                  "duration": 4818,
                  "state": "passed",
                  "speed": "fast",
                  "pass": true,
                  "fail": false,
                  "pending": false,
                  "context": null,
                  "code": "const start = Date.now();\ncy.visit('/editeur', {\n  timeout: 30000,\n  failOnStatusCode: false\n});\ncy.document().its('readyState').should('eq', 'complete');\ncy.get('body', {\n  timeout: 20000\n}).should('be.visible');\n// L'éditeur est un SPA lourd — on vérifie simplement qu'il rend un body non vide\ncy.get('body').then($body => {\n  const loadTime = Date.now() - start;\n  cy.task('log', `⏱️ Chargement éditeur carto: ${loadTime}ms`);\n  expect($body.text().trim().length).to.be.greaterThan(0);\n  expect(loadTime, `L'éditeur carto doit se charger en moins de 20 secondes (actuel: ${loadTime}ms)`).to.be.lessThan(20000);\n});",
                  "err": {},
                  "uuid": "eb0ddd48-8dc9-4e09-950d-e7e31bb1fae0",
                  "parentUUID": "d47b41b6-57f7-46ec-bf53-42f4f4713400",
                  "isHook": false,
                  "skipped": false
                }
              ],
              "suites": [],
              "passes": [
                "da4ab61d-c720-4fcb-a575-aadc97afd90d",
                "eb0ddd48-8dc9-4e09-950d-e7e31bb1fae0"
              ],
              "failures": [],
              "pending": [],
              "skipped": [],
              "duration": 7881,
              "root": false,
              "rootEmpty": false,
              "_timeout": 2000
            },
            {
              "uuid": "ce59843b-0d23-424a-934a-0172253a412d",
              "title": "Erreurs JavaScript",
              "fullFile": "",
              "file": "",
              "beforeHooks": [],
              "afterHooks": [],
              "tests": [
                {
                  "title": "[JS] la page d'accueil ne produit pas d'erreurs console critiques",
                  "fullTitle": "🩺 Monitoring synthétique — cartes.gouv.fr Erreurs JavaScript [JS] la page d'accueil ne produit pas d'erreurs console critiques",
                  "timedOut": null,
                  "duration": 6084,
                  "state": "passed",
                  "speed": "medium",
                  "pass": true,
                  "fail": false,
                  "pending": false,
                  "context": null,
                  "code": "const consoleErrors = [];\ncy.on('window:before:load', win => {\n  cy.stub(win.console, 'error').callsFake((...args) => {\n    consoleErrors.push(args.join(' '));\n  });\n});\ncy.visit('/', {\n  timeout: 30000\n});\ncy.document().its('readyState').should('eq', 'complete');\n// eslint-disable-next-line cypress/no-unnecessary-waiting\ncy.wait(3000); // Laisser le JS s'exécuter\ncy.then(() => {\n  // Filtrer les erreurs connues/acceptables\n  const criticalErrors = consoleErrors.filter(err => {\n    const ignoredPatterns = ['favicon', 'third-party', 'analytics', 'matomo', 'tarteaucitron', 'cookie', 'ResizeObserver'];\n    return !ignoredPatterns.some(pattern => err.toLowerCase().includes(pattern.toLowerCase()));\n  });\n  if (criticalErrors.length > 0) {\n    cy.task('log', `⚠️ ${criticalErrors.length} erreur(s) JS détectée(s)`);\n    criticalErrors.forEach(err => cy.task('log', `  ❌ ${err.substring(0, 200)}`));\n  } else {\n    cy.task('log', '✅ Aucune erreur JS critique détectée');\n  }\n  // On log mais on ne fait pas échouer le test pour les erreurs non critiques\n  // Décommenter la ligne ci-dessous pour être strict :\n  // expect(criticalErrors, 'Erreurs JS critiques').to.have.length(0)\n});",
                  "err": {},
                  "uuid": "ab491d7e-4dd8-4136-9ac1-73433616a52e",
                  "parentUUID": "ce59843b-0d23-424a-934a-0172253a412d",
                  "isHook": false,
                  "skipped": false
                }
              ],
              "suites": [],
              "passes": [
                "ab491d7e-4dd8-4136-9ac1-73433616a52e"
              ],
              "failures": [],
              "pending": [],
              "skipped": [],
              "duration": 6084,
              "root": false,
              "rootEmpty": false,
              "_timeout": 2000
            },
            {
              "uuid": "07ee2f5c-d6c8-4504-b93a-ad4a0efbaa48",
              "title": "Sécurité",
              "fullFile": "",
              "file": "",
              "beforeHooks": [],
              "afterHooks": [],
              "tests": [
                {
                  "title": "[SSL] le site est accessible en HTTPS",
                  "fullTitle": "🩺 Monitoring synthétique — cartes.gouv.fr Sécurité [SSL] le site est accessible en HTTPS",
                  "timedOut": null,
                  "duration": 95,
                  "state": "passed",
                  "speed": "fast",
                  "pass": true,
                  "fail": false,
                  "pending": false,
                  "context": null,
                  "code": "cy.request({\n  url: 'https://cartes.gouv.fr',\n  timeout: 10000\n}).then(response => {\n  expect(response.status).to.eq(200);\n  cy.task('log', '✅ HTTPS OK');\n});",
                  "err": {},
                  "uuid": "d43cf911-edd8-4547-a3e2-d7c51cc524ca",
                  "parentUUID": "07ee2f5c-d6c8-4504-b93a-ad4a0efbaa48",
                  "isHook": false,
                  "skipped": false
                },
                {
                  "title": "[SECURITY] les headers de sécurité sont présents",
                  "fullTitle": "🩺 Monitoring synthétique — cartes.gouv.fr Sécurité [SECURITY] les headers de sécurité sont présents",
                  "timedOut": null,
                  "duration": 66,
                  "state": "passed",
                  "speed": "fast",
                  "pass": true,
                  "fail": false,
                  "pending": false,
                  "context": null,
                  "code": "cy.request({\n  url: 'https://cartes.gouv.fr',\n  timeout: 10000\n}).then(response => {\n  const headers = response.headers;\n  // Vérifier les headers de sécurité importants\n  const securityHeaders = {\n    'x-frame-options': 'Protection contre le clickjacking',\n    'x-content-type-options': 'Protection contre le MIME sniffing',\n    'strict-transport-security': 'HSTS activé'\n  };\n  Object.entries(securityHeaders).forEach(([header, description]) => {\n    if (headers[header]) {\n      cy.task('log', `✅ ${description}: ${headers[header]}`);\n    } else {\n      cy.task('log', `⚠️ Header manquant: ${header} (${description})`);\n    }\n  });\n  // Au minimum, vérifier que le content-type est correct\n  expect(headers['content-type']).to.include('text/html');\n});",
                  "err": {},
                  "uuid": "d810318b-802c-44fb-b5c8-cb336fae19e3",
                  "parentUUID": "07ee2f5c-d6c8-4504-b93a-ad4a0efbaa48",
                  "isHook": false,
                  "skipped": false
                }
              ],
              "suites": [],
              "passes": [
                "d43cf911-edd8-4547-a3e2-d7c51cc524ca",
                "d810318b-802c-44fb-b5c8-cb336fae19e3"
              ],
              "failures": [],
              "pending": [],
              "skipped": [],
              "duration": 161,
              "root": false,
              "rootEmpty": false,
              "_timeout": 2000
            }
          ],
          "passes": [],
          "failures": [],
          "pending": [],
          "skipped": [],
          "duration": 0,
          "root": false,
          "rootEmpty": false,
          "_timeout": 2000
        }
      ],
      "passes": [],
      "failures": [],
      "pending": [],
      "skipped": [],
      "duration": 0,
      "root": true,
      "rootEmpty": true,
      "_timeout": 2000
    }
  ],
  "meta": {
    "mocha": {
      "version": "7.2.0"
    },
    "mochawesome": {
      "options": {
        "quiet": false,
        "reportFilename": "mochawesome",
        "saveHtml": false,
        "saveJson": true,
        "consoleReporter": "spec",
        "useInlineDiffs": false,
        "code": true
      },
      "version": "7.1.4"
    },
    "marge": {
      "options": {
        "reportDir": "cypress/reports/json",
        "overwrite": false,
        "html": false,
        "json": true,
        "timestamp": "yyyy-mm-dd_HH-MM"
      },
      "version": "6.3.2"
    }
  }
}