{
  "stats": {
    "suites": 1,
    "tests": 4,
    "passes": 4,
    "pending": 0,
    "failures": 0,
    "start": "2026-04-08T09:34:00.026Z",
    "end": "2026-04-08T09:34:16.235Z",
    "duration": 16209,
    "testsRegistered": 4,
    "passPercent": 100,
    "pendingPercent": 0,
    "other": 0,
    "hasOther": false,
    "skipped": 0,
    "hasSkipped": false
  },
  "results": [
    {
      "uuid": "0afeb75d-968e-482c-bcfa-e5c578e7501a",
      "title": "",
      "fullFile": "cypress/e2e/auth.cy.js",
      "file": "cypress/e2e/auth.cy.js",
      "beforeHooks": [],
      "afterHooks": [],
      "tests": [],
      "suites": [
        {
          "uuid": "3c1776fb-342e-471e-abd6-3b08376fc107",
          "title": "Authentification — parcours critique",
          "fullFile": "",
          "file": "",
          "beforeHooks": [],
          "afterHooks": [],
          "tests": [
            {
              "title": "affiche un bouton de connexion visible sur la page d'accueil",
              "fullTitle": "Authentification — parcours critique affiche un bouton de connexion visible sur la page d'accueil",
              "timedOut": null,
              "duration": 3054,
              "state": "passed",
              "speed": "fast",
              "pass": true,
              "fail": false,
              "pending": false,
              "context": null,
              "code": "cy.visit('/');\ncy.get('[data-testid=\"login-btn\"], [aria-label*=\"connexion\"], a[href*=\"login\"], a[href*=\"connexion\"]').should('exist').and('be.visible');",
              "err": {},
              "uuid": "e6764ce1-e8f3-4256-9bf6-97cab93e2d53",
              "parentUUID": "3c1776fb-342e-471e-abd6-3b08376fc107",
              "isHook": false,
              "skipped": false
            },
            {
              "title": "redirige vers le SSO Géoplateforme au clic sur connexion",
              "fullTitle": "Authentification — parcours critique redirige vers le SSO Géoplateforme au clic sur connexion",
              "timedOut": null,
              "duration": 3591,
              "state": "passed",
              "speed": "fast",
              "pass": true,
              "fail": false,
              "pending": false,
              "context": null,
              "code": "cy.visit('/');\ncy.get('[data-testid=\"login-btn\"], [aria-label*=\"connexion\"], a[href*=\"login\"]').first().click();\ncy.url().should('include', 'sso.geopf.fr');",
              "err": {},
              "uuid": "132abb39-fa4c-43b0-bbb8-9816bd93045e",
              "parentUUID": "3c1776fb-342e-471e-abd6-3b08376fc107",
              "isHook": false,
              "skipped": false
            },
            {
              "title": "la page SSO propose un formulaire de connexion complet",
              "fullTitle": "Authentification — parcours critique la page SSO propose un formulaire de connexion complet",
              "timedOut": null,
              "duration": 4117,
              "state": "passed",
              "speed": "fast",
              "pass": true,
              "fail": false,
              "pending": false,
              "context": null,
              "code": "cy.visit('/');\ncy.get('[data-testid=\"login-btn\"], [aria-label*=\"connexion\"], a[href*=\"login\"]').first().click();\ncy.origin('https://sso.geopf.fr', () => {\n  cy.get('input[type=\"text\"], input[type=\"email\"], input[name*=\"username\"]').should('exist');\n  cy.get('input[type=\"password\"]').should('exist');\n  cy.get('button[type=\"submit\"], input[type=\"submit\"]').should('exist');\n});",
              "err": {},
              "uuid": "b6275489-456f-4c88-b364-18993a4a32dd",
              "parentUUID": "3c1776fb-342e-471e-abd6-3b08376fc107",
              "isHook": false,
              "skipped": false
            },
            {
              "title": "affiche une erreur avec des identifiants invalides",
              "fullTitle": "Authentification — parcours critique affiche une erreur avec des identifiants invalides",
              "timedOut": null,
              "duration": 4062,
              "state": "passed",
              "speed": "fast",
              "pass": true,
              "fail": false,
              "pending": false,
              "context": null,
              "code": "cy.visit('/login', {\n  failOnStatusCode: false\n});\ncy.get('input[type=\"email\"], input[type=\"text\"], input[name*=\"email\"], input[name*=\"username\"], input[name*=\"login\"]').first().type('utilisateur_invalide@test.fr');\ncy.get('input[type=\"password\"]').type('mauvais_mot_de_passe');\ncy.get('button[type=\"submit\"], input[type=\"submit\"]').first().click();\ncy.get('[aria-live=\"polite\"], [role=\"alert\"], .alert, .error, .kc-feedback-text, [data-testid=\"login-error\"]').should('exist');",
              "err": {},
              "uuid": "96932d55-8533-4b24-84be-95753a27fa94",
              "parentUUID": "3c1776fb-342e-471e-abd6-3b08376fc107",
              "isHook": false,
              "skipped": false
            }
          ],
          "suites": [],
          "passes": [
            "e6764ce1-e8f3-4256-9bf6-97cab93e2d53",
            "132abb39-fa4c-43b0-bbb8-9816bd93045e",
            "b6275489-456f-4c88-b364-18993a4a32dd",
            "96932d55-8533-4b24-84be-95753a27fa94"
          ],
          "failures": [],
          "pending": [],
          "skipped": [],
          "duration": 14824,
          "root": false,
          "rootEmpty": false,
          "_timeout": 2000
        }
      ],
      "passes": [],
      "failures": [],
      "pending": [],
      "skipped": [],
      "duration": 0,
      "root": true,
      "rootEmpty": true,
      "_timeout": 2000
    }
  ],
  "meta": {
    "mocha": {
      "version": "7.2.0"
    },
    "mochawesome": {
      "options": {
        "quiet": false,
        "reportFilename": "mochawesome",
        "saveHtml": false,
        "saveJson": true,
        "consoleReporter": "spec",
        "useInlineDiffs": false,
        "code": true
      },
      "version": "7.1.4"
    },
    "marge": {
      "options": {
        "reportDir": "cypress/reports/json",
        "overwrite": false,
        "html": false,
        "json": true,
        "timestamp": "yyyy-mm-dd_HH-MM"
      },
      "version": "6.3.2"
    }
  }
}