{
  "stats": {
    "suites": 1,
    "tests": 8,
    "passes": 8,
    "pending": 0,
    "failures": 0,
    "start": "2026-03-26T10:17:58.402Z",
    "end": "2026-03-26T10:18:03.310Z",
    "duration": 4908,
    "testsRegistered": 8,
    "passPercent": 100,
    "pendingPercent": 0,
    "other": 0,
    "hasOther": false,
    "skipped": 0,
    "hasSkipped": false
  },
  "results": [
    {
      "uuid": "74dc5ab4-1a0a-4109-bd8e-d6fed60f7592",
      "title": "",
      "fullFile": "cypress/e2e/accessibility.cy.js",
      "file": "cypress/e2e/accessibility.cy.js",
      "beforeHooks": [],
      "afterHooks": [],
      "tests": [],
      "suites": [
        {
          "uuid": "1b7159fc-fed9-41a5-b02c-6cbdc91f37e7",
          "title": "Accessibility Tests",
          "fullFile": "",
          "file": "",
          "beforeHooks": [],
          "afterHooks": [],
          "tests": [
            {
              "title": "should have proper HTML structure",
              "fullTitle": "Accessibility Tests should have proper HTML structure",
              "timedOut": null,
              "duration": 481,
              "state": "passed",
              "speed": "fast",
              "pass": true,
              "fail": false,
              "pending": false,
              "context": null,
              "code": "cy.get('html').should('have.attr', 'lang');\ncy.get('head title').should('exist');\ncy.get('body').should('exist');",
              "err": {},
              "uuid": "608ed896-d70d-4651-9459-e7edc2c7ed43",
              "parentUUID": "1b7159fc-fed9-41a5-b02c-6cbdc91f37e7",
              "isHook": false,
              "skipped": false
            },
            {
              "title": "should have accessible images",
              "fullTitle": "Accessibility Tests should have accessible images",
              "timedOut": null,
              "duration": 393,
              "state": "passed",
              "speed": "fast",
              "pass": true,
              "fail": false,
              "pending": false,
              "context": null,
              "code": "// Check that content images have alt attributes\n// Exclude decorative/tracking images (e.g. analytics pixels) that may lack alt\ncy.get('img:visible').each($img => {\n  const src = $img.attr('src') || '';\n  const role = $img.attr('role') || '';\n  // Skip images explicitly marked as decorative (role=\"presentation\" or role=\"none\")\n  if (role === 'presentation' || role === 'none') return;\n  // Skip tiny tracking pixels (1x1 images)\n  if ($img.width() <= 1 && $img.height() <= 1) return;\n  cy.wrap($img).should($el => {\n    const alt = $el.attr('alt');\n    expect(alt !== undefined, `img should have alt attribute: ${src}`).to.be.true;\n  });\n});",
              "err": {},
              "uuid": "c2d77cf9-6d47-43b4-ad93-98c17963696f",
              "parentUUID": "1b7159fc-fed9-41a5-b02c-6cbdc91f37e7",
              "isHook": false,
              "skipped": false
            },
            {
              "title": "should have proper heading hierarchy",
              "fullTitle": "Accessibility Tests should have proper heading hierarchy",
              "timedOut": null,
              "duration": 1258,
              "state": "passed",
              "speed": "fast",
              "pass": true,
              "fail": false,
              "pending": false,
              "context": null,
              "code": "cy.get('h1').should('have.length.at.least', 1);",
              "err": {},
              "uuid": "c82063e3-ff1f-4d21-93a7-063052997ebe",
              "parentUUID": "1b7159fc-fed9-41a5-b02c-6cbdc91f37e7",
              "isHook": false,
              "skipped": false
            },
            {
              "title": "should not have empty links",
              "fullTitle": "Accessibility Tests should not have empty links",
              "timedOut": null,
              "duration": 171,
              "state": "passed",
              "speed": "fast",
              "pass": true,
              "fail": false,
              "pending": false,
              "context": null,
              "code": "cy.get('a:visible').each($link => {\n  var _$link$attr, _$link$attr2, _$link$attr3;\n  const text = $link.text().trim();\n  const ariaLabel = ((_$link$attr = $link.attr('aria-label')) === null || _$link$attr === void 0 ? void 0 : _$link$attr.trim()) || '';\n  const title = ((_$link$attr2 = $link.attr('title')) === null || _$link$attr2 === void 0 ? void 0 : _$link$attr2.trim()) || '';\n  const href = ((_$link$attr3 = $link.attr('href')) === null || _$link$attr3 === void 0 ? void 0 : _$link$attr3.trim()) || '';\n  const hasAccessibleName = Boolean(text || ariaLabel || title);\n  const hasUsableHref = Boolean(href && href !== '#');\n  expect(hasAccessibleName || hasUsableHref, `link should have text/aria-label/title or a usable href: ${$link.prop('outerHTML')}`).to.eq(true);\n});",
              "err": {},
              "uuid": "1201e5db-2a2a-4095-8807-2409f3a51280",
              "parentUUID": "1b7159fc-fed9-41a5-b02c-6cbdc91f37e7",
              "isHook": false,
              "skipped": false
            },
            {
              "title": "should have keyboard navigable elements",
              "fullTitle": "Accessibility Tests should have keyboard navigable elements",
              "timedOut": null,
              "duration": 364,
              "state": "passed",
              "speed": "fast",
              "pass": true,
              "fail": false,
              "pending": false,
              "context": null,
              "code": "// Verify that focusable elements exist on the page\ncy.get('a:visible, button:visible, input:visible').filter(':enabled').should('have.length.greaterThan', 0);\n// Try focusing an input first (most reliably focusable), then fallback to link/button\ncy.get('a:visible, button:visible, input:visible').filter(':enabled').first().should('exist').should('be.visible').trigger('focus');",
              "err": {},
              "uuid": "7c167bbc-7be5-45ec-8183-a45125b6f5ea",
              "parentUUID": "1b7159fc-fed9-41a5-b02c-6cbdc91f37e7",
              "isHook": false,
              "skipped": false
            },
            {
              "title": "should have ARIA landmark regions (RGAA)",
              "fullTitle": "Accessibility Tests should have ARIA landmark regions (RGAA)",
              "timedOut": null,
              "duration": 154,
              "state": "passed",
              "speed": "fast",
              "pass": true,
              "fail": false,
              "pending": false,
              "context": null,
              "code": "// Un site public français doit avoir les régions landmark\ncy.get('header, [role=\"banner\"]').should('exist');\ncy.get('nav, [role=\"navigation\"]').should('exist');\ncy.get('footer, [role=\"contentinfo\"]').should('exist');",
              "err": {},
              "uuid": "a638ba0c-aec7-4bd7-9e83-b28633ae10be",
              "parentUUID": "1b7159fc-fed9-41a5-b02c-6cbdc91f37e7",
              "isHook": false,
              "skipped": false
            },
            {
              "title": "should have labeled interactive controls",
              "fullTitle": "Accessibility Tests should have labeled interactive controls",
              "timedOut": null,
              "duration": 1452,
              "state": "passed",
              "speed": "fast",
              "pass": true,
              "fail": false,
              "pending": false,
              "context": null,
              "code": "// Chaque champ de formulaire visible doit avoir un nom accessible\ncy.get('input:visible, select:visible, textarea:visible').each($el => {\n  const type = $el.attr('type');\n  if (type === 'hidden' || type === 'submit' || type === 'button') return;\n  const ariaLabel = $el.attr('aria-label') || '';\n  const ariaLabelledby = $el.attr('aria-labelledby') || '';\n  const title = $el.attr('title') || '';\n  const placeholder = $el.attr('placeholder') || '';\n  const id = $el.attr('id') || '';\n  const hasForLabel = id ? Cypress.$(`label[for=\"${id}\"]`).length > 0 : false;\n  expect(Boolean(ariaLabel || ariaLabelledby || title || hasForLabel || placeholder), `control should have accessible name: ${$el.prop('outerHTML').substring(0, 120)}`).to.be.true;\n});",
              "err": {},
              "uuid": "28eb66e0-6237-4c07-b1dc-879a8117df52",
              "parentUUID": "1b7159fc-fed9-41a5-b02c-6cbdc91f37e7",
              "isHook": false,
              "skipped": false
            },
            {
              "title": "should pass automated WCAG accessibility audit (axe-core)",
              "fullTitle": "Accessibility Tests should pass automated WCAG accessibility audit (axe-core)",
              "timedOut": null,
              "duration": 342,
              "state": "passed",
              "speed": "fast",
              "pass": true,
              "fail": false,
              "pending": false,
              "context": null,
              "code": "cy.injectAxe();\n// Audit WCAG 2.1 AA — le standard RGAA français\n// Approche « baseline » : on logue les violations existantes du site\n// et on ne bloque que si de nouvelles violations critiques apparaissent\ncy.checkA11y(null, {\n  includedImpacts: ['critical', 'serious'],\n  rules: {\n    'image-alt': {\n      enabled: false\n    },\n    'region': {\n      enabled: false\n    }\n  }\n}, violations => {\n  // Logger toutes les violations pour reporting\n  if (violations.length) {\n    cy.task('log', `⚠️  axe-core : ${violations.length} violation(s) détectée(s) sur cartes.gouv.fr`);\n    violations.forEach(v => {\n      cy.task('log', `  - [${v.impact}] ${v.id}: ${v.description} (${v.nodes.length} éléments)`);\n    });\n  }\n  // Baseline : violations connues du site qu'on ne peut pas corriger\n  // Ce nombre sert de seuil → si ça augmente, le test échoue\n  expect(violations.length, `Nombre de violations a11y (baseline ≤ 5)`).to.be.lessThan(6);\n}, true);",
              "err": {},
              "uuid": "372b17c6-7ab2-42bb-9e1c-58ae703dc758",
              "parentUUID": "1b7159fc-fed9-41a5-b02c-6cbdc91f37e7",
              "isHook": false,
              "skipped": false
            }
          ],
          "suites": [],
          "passes": [
            "608ed896-d70d-4651-9459-e7edc2c7ed43",
            "c2d77cf9-6d47-43b4-ad93-98c17963696f",
            "c82063e3-ff1f-4d21-93a7-063052997ebe",
            "1201e5db-2a2a-4095-8807-2409f3a51280",
            "7c167bbc-7be5-45ec-8183-a45125b6f5ea",
            "a638ba0c-aec7-4bd7-9e83-b28633ae10be",
            "28eb66e0-6237-4c07-b1dc-879a8117df52",
            "372b17c6-7ab2-42bb-9e1c-58ae703dc758"
          ],
          "failures": [],
          "pending": [],
          "skipped": [],
          "duration": 4615,
          "root": false,
          "rootEmpty": false,
          "_timeout": 2000
        }
      ],
      "passes": [],
      "failures": [],
      "pending": [],
      "skipped": [],
      "duration": 0,
      "root": true,
      "rootEmpty": true,
      "_timeout": 2000
    }
  ],
  "meta": {
    "mocha": {
      "version": "7.2.0"
    },
    "mochawesome": {
      "options": {
        "quiet": false,
        "reportFilename": "mochawesome",
        "saveHtml": false,
        "saveJson": true,
        "consoleReporter": "spec",
        "useInlineDiffs": false,
        "code": true
      },
      "version": "7.1.4"
    },
    "marge": {
      "options": {
        "reportDir": "cypress/reports/json",
        "overwrite": false,
        "html": false,
        "json": true,
        "timestamp": "yyyy-mm-dd_HH-MM"
      },
      "version": "6.3.2"
    }
  }
}