{
  "stats": {
    "suites": 1,
    "tests": 4,
    "passes": 3,
    "pending": 0,
    "failures": 1,
    "start": "2026-04-08T09:35:27.695Z",
    "end": "2026-04-08T09:36:16.866Z",
    "duration": 49171,
    "testsRegistered": 4,
    "passPercent": 75,
    "pendingPercent": 0,
    "other": 0,
    "hasOther": false,
    "skipped": 0,
    "hasSkipped": false
  },
  "results": [
    {
      "uuid": "21237879-b42b-4b2c-8d74-e45e36fa9c2e",
      "title": "",
      "fullFile": "cypress/e2e/homepage.cy.js",
      "file": "cypress/e2e/homepage.cy.js",
      "beforeHooks": [],
      "afterHooks": [],
      "tests": [],
      "suites": [
        {
          "uuid": "e54ee93d-d816-4ee1-8574-5babda8a9d98",
          "title": "Homepage Tests",
          "fullFile": "",
          "file": "",
          "beforeHooks": [],
          "afterHooks": [],
          "tests": [
            {
              "title": "should load the homepage successfully",
              "fullTitle": "Homepage Tests should load the homepage successfully",
              "timedOut": null,
              "duration": 3197,
              "state": "passed",
              "speed": "fast",
              "pass": true,
              "fail": false,
              "pending": false,
              "context": null,
              "code": "cy.url().should('include', 'cartes.gouv.fr');\n// Close welcome modal only if present/visible\ncy.get('body').then($body => {\n  const closeSelector = '#fr-modal-1 button.fr-btn--icon-right span';\n  if ($body.find(closeSelector).length > 0) {\n    cy.get(closeSelector).first().click({\n      force: true\n    });\n  }\n});\n// Cookie consent is handled globally via cy.acceptCookies() in support/e2e.js",
              "err": {},
              "uuid": "04c087d3-fa92-48b9-a693-950cdd2fef2b",
              "parentUUID": "e54ee93d-d816-4ee1-8574-5babda8a9d98",
              "isHook": false,
              "skipped": false
            },
            {
              "title": "should display the main title or heading",
              "fullTitle": "Homepage Tests should display the main title or heading",
              "timedOut": null,
              "duration": 13172,
              "state": "failed",
              "speed": null,
              "pass": false,
              "fail": true,
              "pending": false,
              "context": null,
              "code": "// Update selector based on actual page structure\ncy.get('h1').should('exist');",
              "err": {
                "message": "AssertionError: Timed out retrying after 10000ms: Expected to find element: `h1`, but never found it.",
                "estack": "AssertionError: Timed out retrying after 10000ms: Expected to find element: `h1`, but never found it.\n    at Context.eval (webpack://cypress-cartes-gouv-fr/./cypress/e2e/homepage.cy.js:24:17)",
                "diff": null
              },
              "uuid": "72a74814-e25f-4ecd-b7f5-5a929c4520f1",
              "parentUUID": "e54ee93d-d816-4ee1-8574-5babda8a9d98",
              "isHook": false,
              "skipped": false
            },
            {
              "title": "should have a valid page title",
              "fullTitle": "Homepage Tests should have a valid page title",
              "timedOut": null,
              "duration": 3112,
              "state": "passed",
              "speed": "fast",
              "pass": true,
              "fail": false,
              "pending": false,
              "context": null,
              "code": "cy.title().should('not.be.empty');",
              "err": {},
              "uuid": "2630d02e-940b-434b-87a4-584a58d05e85",
              "parentUUID": "e54ee93d-d816-4ee1-8574-5babda8a9d98",
              "isHook": false,
              "skipped": false
            },
            {
              "title": "should show mobile navigation on small viewports",
              "fullTitle": "Homepage Tests should show mobile navigation on small viewports",
              "timedOut": null,
              "duration": 3103,
              "state": "passed",
              "speed": "fast",
              "pass": true,
              "fail": false,
              "pending": false,
              "context": null,
              "code": "cy.viewport(375, 667);\n// Fermer la modale si présente après resize\ncy.get('body').then($body => {\n  if ($body.find('dialog.fr-modal--opened, .welcome-modal[open]').length) {\n    cy.get('body').type('{esc}');\n  }\n});\n// Le DSFR affiche un bouton burger sur mobile\ncy.get('.fr-btn--menu, button[data-fr-opened], .fr-header__menu-links button', {\n  timeout: 5000\n}).should('be.visible');",
              "err": {},
              "uuid": "c4701851-e315-4822-97f8-7c7f06990674",
              "parentUUID": "e54ee93d-d816-4ee1-8574-5babda8a9d98",
              "isHook": false,
              "skipped": false
            }
          ],
          "suites": [],
          "passes": [
            "04c087d3-fa92-48b9-a693-950cdd2fef2b",
            "2630d02e-940b-434b-87a4-584a58d05e85",
            "c4701851-e315-4822-97f8-7c7f06990674"
          ],
          "failures": [
            "72a74814-e25f-4ecd-b7f5-5a929c4520f1"
          ],
          "pending": [],
          "skipped": [],
          "duration": 22584,
          "root": false,
          "rootEmpty": false,
          "_timeout": 2000
        }
      ],
      "passes": [],
      "failures": [],
      "pending": [],
      "skipped": [],
      "duration": 0,
      "root": true,
      "rootEmpty": true,
      "_timeout": 2000
    }
  ],
  "meta": {
    "mocha": {
      "version": "7.2.0"
    },
    "mochawesome": {
      "options": {
        "quiet": false,
        "reportFilename": "mochawesome",
        "saveHtml": false,
        "saveJson": true,
        "consoleReporter": "spec",
        "useInlineDiffs": false,
        "code": true
      },
      "version": "7.1.4"
    },
    "marge": {
      "options": {
        "reportDir": "cypress/reports/json",
        "overwrite": false,
        "html": false,
        "json": true,
        "timestamp": "yyyy-mm-dd_HH-MM"
      },
      "version": "6.3.2"
    }
  }
}