{
  "stats": {
    "suites": 1,
    "tests": 1,
    "passes": 0,
    "pending": 0,
    "failures": 1,
    "start": "2026-04-10T12:31:16.550Z",
    "end": "2026-04-10T12:31:18.817Z",
    "duration": 2267,
    "testsRegistered": 8,
    "passPercent": 0,
    "pendingPercent": 0,
    "other": 0,
    "hasOther": false,
    "skipped": 7,
    "hasSkipped": true
  },
  "results": [
    {
      "uuid": "5afaf85f-1330-4485-b812-7ad93e38290e",
      "title": "",
      "fullFile": "cypress/e2e/catalogue-donnees.cy.js",
      "file": "cypress/e2e/catalogue-donnees.cy.js",
      "beforeHooks": [],
      "afterHooks": [],
      "tests": [],
      "suites": [
        {
          "uuid": "874e0795-707e-428a-896d-9eca5c682308",
          "title": "Catalogue de données",
          "fullFile": "",
          "file": "",
          "beforeHooks": [],
          "afterHooks": [],
          "tests": [
            {
              "title": "la page du catalogue se charge et affiche des résultats",
              "fullTitle": "Catalogue de données la page du catalogue se charge et affiche des résultats",
              "timedOut": null,
              "duration": 737,
              "state": "failed",
              "speed": null,
              "pass": false,
              "fail": true,
              "pending": false,
              "context": null,
              "code": "cy.contains('records found', {\n  timeout: 15000\n}).should('be.visible');\n// Au moins quelques fiches de données sont listées\ncy.get('a[href*=\"/rechercher-une-donnee/dataset/\"]', {\n  timeout: 10000\n}).should('have.length.at.least', 1);",
              "err": {
                "message": "CypressError: The following error originated from your application code, not from Cypress. It was caused by an unhandled promise rejection.\n\n  > `cy.visit()` failed trying to load:\n\nhttps://cartes.gouv.fr/rechercher-une-donnee\n\nWe attempted to make an http request to this URL but the request failed without a response.\n\nWe received this error at the network level:\n\n  > Error: Exceeded maxRedirects. Probably stuck in a redirect loop https://cartes.gouv.fr/rechercher-une-donnee\n\nCommon situations why this would fail:\n  - you don't have internet access\n  - you forgot to run / boot your web server\n  - your web server isn't accessible\n  - you have weird network configuration settings on your computer\n\nWhen Cypress detects uncaught errors originating from your application it will automatically fail the current test.\n\nThis behavior is configurable, and you can choose to turn this off by listening to the `uncaught:exception` event.\n\nhttps://on.cypress.io/uncaught-exception-from-application\n\nBecause this error occurred during a `before each` hook we are skipping the remaining tests in the current suite: `Catalogue de données`",
                "estack": "CypressError: The following error originated from your application code, not from Cypress. It was caused by an unhandled promise rejection.\n\n  > `cy.visit()` failed trying to load:\n\nhttps://cartes.gouv.fr/rechercher-une-donnee\n\nWe attempted to make an http request to this URL but the request failed without a response.\n\nWe received this error at the network level:\n\n  > Error: Exceeded maxRedirects. Probably stuck in a redirect loop https://cartes.gouv.fr/rechercher-une-donnee\n\nCommon situations why this would fail:\n  - you don't have internet access\n  - you forgot to run / boot your web server\n  - your web server isn't accessible\n  - you have weird network configuration settings on your computer\n\nWhen Cypress detects uncaught errors originating from your application it will automatically fail the current test.\n\nThis behavior is configurable, and you can choose to turn this off by listening to the `uncaught:exception` event.\n\nhttps://on.cypress.io/uncaught-exception-from-application\n\nBecause this error occurred during a `before each` hook we are skipping the remaining tests in the current suite: `Catalogue de données`\n    at <unknown> (https://cartes.gouv.fr/__cypress/runner/cypress_runner.js:135156:74)\n    at visitFailedByErr (https://cartes.gouv.fr/__cypress/runner/cypress_runner.js:134730:12)\n    at <unknown> (https://cartes.gouv.fr/__cypress/runner/cypress_runner.js:135155:11)\n    at tryCatcher (https://cartes.gouv.fr/__cypress/runner/cypress_runner.js:1777:23)\n    at Promise._settlePromiseFromHandler (https://cartes.gouv.fr/__cypress/runner/cypress_runner.js:1489:31)\n    at Promise._settlePromise (https://cartes.gouv.fr/__cypress/runner/cypress_runner.js:1546:18)\n    at Promise._settlePromise0 (https://cartes.gouv.fr/__cypress/runner/cypress_runner.js:1591:10)\n    at Promise._settlePromises (https://cartes.gouv.fr/__cypress/runner/cypress_runner.js:1667:18)\n    at _drainQueueStep (https://cartes.gouv.fr/__cypress/runner/cypress_runner.js:2377:12)\n    at _drainQueue (https://cartes.gouv.fr/__cypress/runner/cypress_runner.js:2370:9)\n    at Async._drainQueues (https://cartes.gouv.fr/__cypress/runner/cypress_runner.js:2386:5)\n    at Async.drainQueues (https://cartes.gouv.fr/__cypress/runner/cypress_runner.js:2256:14)\nFrom Your Spec Code:\n    at Context.eval (webpack://cypress-cartes-gouv-fr/./cypress/support/e2e.js:49:5)\n    at overridden.fn (https://cartes.gouv.fr/__cypress/runner/cypress_runner.js:114266:21)\n    at wrapped (https://cartes.gouv.fr/__cypress/runner/cypress_runner.js:146318:43)\n\nFrom Node.js Internals:\n  Error: Exceeded maxRedirects. Probably stuck in a redirect loop https://cartes.gouv.fr/rechercher-une-donnee\n      at r (<embedded>:314:96523)\n      at tryCatcher (/home/TGerbeau/.cache/Cypress/15.11.0/Cypress/resources/app/node_modules/bluebird/js/release/util.js:16:23)\n      at Promise._settlePromiseFromHandler (/home/TGerbeau/.cache/Cypress/15.11.0/Cypress/resources/app/node_modules/bluebird/js/release/promise.js:512:31)\n      at Promise._settlePromise (/home/TGerbeau/.cache/Cypress/15.11.0/Cypress/resources/app/node_modules/bluebird/js/release/promise.js:569:18)\n      at Promise._settlePromise0 (/home/TGerbeau/.cache/Cypress/15.11.0/Cypress/resources/app/node_modules/bluebird/js/release/promise.js:614:10)\n      at Promise._settlePromises (/home/TGerbeau/.cache/Cypress/15.11.0/Cypress/resources/app/node_modules/bluebird/js/release/promise.js:694:18)\n      at _drainQueueStep (/home/TGerbeau/.cache/Cypress/15.11.0/Cypress/resources/app/node_modules/bluebird/js/release/async.js:138:12)\n      at _drainQueue (/home/TGerbeau/.cache/Cypress/15.11.0/Cypress/resources/app/node_modules/bluebird/js/release/async.js:131:9)\n      at Async._drainQueues (/home/TGerbeau/.cache/Cypress/15.11.0/Cypress/resources/app/node_modules/bluebird/js/release/async.js:147:5)\n      at Immediate._onImmediate (/home/TGerbeau/.cache/Cypress/15.11.0/Cypress/resources/app/node_modules/bluebird/js/release/async.js:17:14)\n      at process.processImmediate (node:internal/timers:485:21)",
                "diff": null
              },
              "uuid": "515322df-5ce9-45a8-9e53-29c46cd69d79",
              "parentUUID": "874e0795-707e-428a-896d-9eca5c682308",
              "isHook": false,
              "skipped": false
            },
            {
              "title": "le champ de recherche est présent et fonctionnel",
              "fullTitle": "Catalogue de données le champ de recherche est présent et fonctionnel",
              "timedOut": null,
              "duration": 0,
              "state": "skipped",
              "speed": null,
              "pass": false,
              "fail": false,
              "pending": false,
              "context": null,
              "code": "// Trouver le champ de recherche\ncy.get('input[type=\"search\"], input[type=\"text\"], input[placeholder*=\"earch\"], input[placeholder*=\"echerch\"]', {\n  timeout: 10000\n}).first().should('be.visible').clear().type('BD ORTHO');\n// Les résultats se mettent à jour\ncy.get('a[href*=\"/rechercher-une-donnee/dataset/\"]', {\n  timeout: 15000\n}).should('have.length.at.least', 1);",
              "err": {},
              "uuid": "e8a8a9cd-3c65-4ce2-8d27-e0fc2ddd7a33",
              "parentUUID": "874e0795-707e-428a-896d-9eca5c682308",
              "isHook": false,
              "skipped": true
            },
            {
              "title": "la recherche « BD TOPO » retourne des résultats pertinents",
              "fullTitle": "Catalogue de données la recherche « BD TOPO » retourne des résultats pertinents",
              "timedOut": null,
              "duration": 0,
              "state": "skipped",
              "speed": null,
              "pass": false,
              "fail": false,
              "pending": false,
              "context": null,
              "code": "cy.get('input[type=\"search\"], input[type=\"text\"], input[placeholder*=\"earch\"], input[placeholder*=\"echerch\"]', {\n  timeout: 10000\n}).first().clear().type('BD TOPO');\ncy.contains('a', 'BD TOPO', {\n  timeout: 15000\n}).should('exist');",
              "err": {},
              "uuid": "6d7c874d-ef22-4f29-aa82-8f98ec3605a7",
              "parentUUID": "874e0795-707e-428a-896d-9eca5c682308",
              "isHook": false,
              "skipped": true
            },
            {
              "title": "les filtres par thème sont présents",
              "fullTitle": "Catalogue de données les filtres par thème sont présents",
              "timedOut": null,
              "duration": 0,
              "state": "skipped",
              "speed": null,
              "pass": false,
              "fail": false,
              "pending": false,
              "context": null,
              "code": "// Le filtre Topics doit être visible\ncy.contains('Topics', {\n  timeout: 10000\n}).should('exist');",
              "err": {},
              "uuid": "d32ee485-4cf3-49c6-9efb-67539435d78c",
              "parentUUID": "874e0795-707e-428a-896d-9eca5c682308",
              "isHook": false,
              "skipped": true
            },
            {
              "title": "les filtres par organisation sont présents",
              "fullTitle": "Catalogue de données les filtres par organisation sont présents",
              "timedOut": null,
              "duration": 0,
              "state": "skipped",
              "speed": null,
              "pass": false,
              "fail": false,
              "pending": false,
              "context": null,
              "code": "cy.contains('Organization', {\n  timeout: 10000\n}).should('exist');",
              "err": {},
              "uuid": "e9ecc606-e645-4871-b886-b84df80806ba",
              "parentUUID": "874e0795-707e-428a-896d-9eca5c682308",
              "isHook": false,
              "skipped": true
            },
            {
              "title": "les onglets de type de résultat sont affichés",
              "fullTitle": "Catalogue de données les onglets de type de résultat sont affichés",
              "timedOut": null,
              "duration": 0,
              "state": "skipped",
              "speed": null,
              "pass": false,
              "fail": false,
              "pending": false,
              "context": null,
              "code": "// Onglets : All, Datasets, Services, Reuses\ncy.contains('All', {\n  timeout: 10000\n}).should('exist');\ncy.contains('Datasets').should('exist');\ncy.contains('Services').should('exist');",
              "err": {},
              "uuid": "f1271f07-5f93-442d-8212-490449000e7f",
              "parentUUID": "874e0795-707e-428a-896d-9eca5c682308",
              "isHook": false,
              "skipped": true
            },
            {
              "title": "un clic sur une fiche mène à la page de détail",
              "fullTitle": "Catalogue de données un clic sur une fiche mène à la page de détail",
              "timedOut": null,
              "duration": 0,
              "state": "skipped",
              "speed": null,
              "pass": false,
              "fail": false,
              "pending": false,
              "context": null,
              "code": "cy.get('a[href*=\"/rechercher-une-donnee/dataset/\"]', {\n  timeout: 15000\n}).first().click();\ncy.url().should('include', '/rechercher-une-donnee/dataset/');",
              "err": {},
              "uuid": "f9672367-dc46-4294-aed4-40052bdd5bf3",
              "parentUUID": "874e0795-707e-428a-896d-9eca5c682308",
              "isHook": false,
              "skipped": true
            },
            {
              "title": "la page affiche un compteur de résultats",
              "fullTitle": "Catalogue de données la page affiche un compteur de résultats",
              "timedOut": null,
              "duration": 0,
              "state": "skipped",
              "speed": null,
              "pass": false,
              "fail": false,
              "pending": false,
              "context": null,
              "code": "cy.contains(/\\d+\\s*records?\\s*found/i, {\n  timeout: 15000\n}).should('be.visible');",
              "err": {},
              "uuid": "e2ce5a45-a699-4e40-a95a-d5eb012ade94",
              "parentUUID": "874e0795-707e-428a-896d-9eca5c682308",
              "isHook": false,
              "skipped": true
            }
          ],
          "suites": [],
          "passes": [],
          "failures": [
            "515322df-5ce9-45a8-9e53-29c46cd69d79"
          ],
          "pending": [],
          "skipped": [
            "e8a8a9cd-3c65-4ce2-8d27-e0fc2ddd7a33",
            "6d7c874d-ef22-4f29-aa82-8f98ec3605a7",
            "d32ee485-4cf3-49c6-9efb-67539435d78c",
            "e9ecc606-e645-4871-b886-b84df80806ba",
            "f1271f07-5f93-442d-8212-490449000e7f",
            "f9672367-dc46-4294-aed4-40052bdd5bf3",
            "e2ce5a45-a699-4e40-a95a-d5eb012ade94"
          ],
          "duration": 737,
          "root": false,
          "rootEmpty": false,
          "_timeout": 2000
        }
      ],
      "passes": [],
      "failures": [],
      "pending": [],
      "skipped": [],
      "duration": 0,
      "root": true,
      "rootEmpty": true,
      "_timeout": 2000
    }
  ],
  "meta": {
    "mocha": {
      "version": "7.2.0"
    },
    "mochawesome": {
      "options": {
        "quiet": false,
        "reportFilename": "mochawesome",
        "saveHtml": false,
        "saveJson": true,
        "consoleReporter": "spec",
        "useInlineDiffs": false,
        "code": true
      },
      "version": "7.1.4"
    },
    "marge": {
      "options": {
        "reportDir": "cypress/reports/json",
        "overwrite": false,
        "html": false,
        "json": true,
        "timestamp": "yyyy-mm-dd_HH-MM"
      },
      "version": "6.3.2"
    }
  }
}