{
  "stats": {
    "suites": 6,
    "tests": 33,
    "passes": 24,
    "pending": 0,
    "failures": 9,
    "start": "2026-04-02T12:14:44.709Z",
    "end": "2026-04-02T12:18:50.678Z",
    "duration": 245969,
    "testsRegistered": 33,
    "passPercent": 72.72727272727273,
    "pendingPercent": 0,
    "other": 0,
    "hasOther": false,
    "skipped": 0,
    "hasSkipped": false
  },
  "results": [
    {
      "uuid": "df0496da-3ab1-4a69-b0fa-38b565df0b05",
      "title": "",
      "fullFile": "cypress/e2e/nng-accessibility-audit.cy.js",
      "file": "cypress/e2e/nng-accessibility-audit.cy.js",
      "beforeHooks": [],
      "afterHooks": [],
      "tests": [],
      "suites": [
        {
          "uuid": "8efbc93d-1d0c-47b6-8535-d44064159a6c",
          "title": "Audit Accessibilité NNG — cartes.gouv.fr",
          "fullFile": "",
          "file": "",
          "beforeHooks": [],
          "afterHooks": [],
          "tests": [],
          "suites": [
            {
              "uuid": "f3227fc8-46e6-4332-ac08-c11618614cd5",
              "title": "1. Perceivable — Contenu perceptible",
              "fullFile": "",
              "file": "",
              "beforeHooks": [],
              "afterHooks": [],
              "tests": [
                {
                  "title": "1.1 Attribut lang sur <html>",
                  "fullTitle": "Audit Accessibilité NNG — cartes.gouv.fr 1. Perceivable — Contenu perceptible 1.1 Attribut lang sur <html>",
                  "timedOut": null,
                  "duration": 43,
                  "state": "passed",
                  "speed": "fast",
                  "pass": true,
                  "fail": false,
                  "pending": false,
                  "context": null,
                  "code": "cy.get('html').then($html => {\n  const lang = $html.attr('lang');\n  const passed = Boolean(lang && lang.length >= 2);\n  addResult('Perceivable', 'Attribut lang sur <html>', 5, passed, lang || 'manquant');\n});",
                  "err": {},
                  "uuid": "dcf2db48-8c28-4c9f-97ef-967d96ecbb51",
                  "parentUUID": "f3227fc8-46e6-4332-ac08-c11618614cd5",
                  "isHook": false,
                  "skipped": false
                },
                {
                  "title": "1.2 Titre de page non vide",
                  "fullTitle": "Audit Accessibilité NNG — cartes.gouv.fr 1. Perceivable — Contenu perceptible 1.2 Titre de page non vide",
                  "timedOut": null,
                  "duration": 33,
                  "state": "passed",
                  "speed": "fast",
                  "pass": true,
                  "fail": false,
                  "pending": false,
                  "context": null,
                  "code": "cy.title().then(title => {\n  const passed = Boolean(title && title.trim().length > 0);\n  addResult('Perceivable', 'Titre de page (<title>)', 5, passed, title || 'vide');\n});",
                  "err": {},
                  "uuid": "b2e688b0-47cf-4039-a2e0-6abd7f1a7d82",
                  "parentUUID": "f3227fc8-46e6-4332-ac08-c11618614cd5",
                  "isHook": false,
                  "skipped": false
                },
                {
                  "title": "1.3 Images avec alternative textuelle",
                  "fullTitle": "Audit Accessibilité NNG — cartes.gouv.fr 1. Perceivable — Contenu perceptible 1.3 Images avec alternative textuelle",
                  "timedOut": null,
                  "duration": 511,
                  "state": "passed",
                  "speed": "fast",
                  "pass": true,
                  "fail": false,
                  "pending": false,
                  "context": null,
                  "code": "cy.get('img:visible').then($imgs => {\n  let missing = 0;\n  $imgs.each((i, el) => {\n    const $el = Cypress.$(el);\n    if ($el.attr('role') === 'presentation' || $el.attr('role') === 'none') return;\n    if ($el.width() <= 1 && $el.height() <= 1) return;\n    if ($el.attr('alt') === undefined) missing++;\n  });\n  const passed = missing === 0;\n  addResult('Perceivable', 'Images avec attribut alt', 5, passed, passed ? `${$imgs.length} images OK` : `${missing} image(s) sans alt`);\n});",
                  "err": {},
                  "uuid": "facc13d2-3c3b-431a-a2ce-8ec1cbefae9c",
                  "parentUUID": "f3227fc8-46e6-4332-ac08-c11618614cd5",
                  "isHook": false,
                  "skipped": false
                },
                {
                  "title": "1.4 Contraste des couleurs (axe-core)",
                  "fullTitle": "Audit Accessibilité NNG — cartes.gouv.fr 1. Perceivable — Contenu perceptible 1.4 Contraste des couleurs (axe-core)",
                  "timedOut": null,
                  "duration": 129,
                  "state": "passed",
                  "speed": "fast",
                  "pass": true,
                  "fail": false,
                  "pending": false,
                  "context": null,
                  "code": "cy.injectAxe();\ncy.checkA11y(null, {\n  runOnly: ['color-contrast']\n}, violations => {\n  const count = violations.length ? violations[0].nodes.length : 0;\n  const passed = count === 0;\n  addResult('Perceivable', 'Contraste des couleurs WCAG AA', 8, passed, passed ? 'Aucun problème' : `${count} élément(s) avec contraste insuffisant`);\n}, true);",
                  "err": {},
                  "uuid": "0f8e5770-aa79-4f8c-b577-0b7eac3979d1",
                  "parentUUID": "f3227fc8-46e6-4332-ac08-c11618614cd5",
                  "isHook": false,
                  "skipped": false
                },
                {
                  "title": "1.5 Texte redimensionnable (pas de taille fixe en px sur body)",
                  "fullTitle": "Audit Accessibilité NNG — cartes.gouv.fr 1. Perceivable — Contenu perceptible 1.5 Texte redimensionnable (pas de taille fixe en px sur body)",
                  "timedOut": null,
                  "duration": 6,
                  "state": "passed",
                  "speed": "fast",
                  "pass": true,
                  "fail": false,
                  "pending": false,
                  "context": null,
                  "code": "cy.get('body').then($body => {\n  const fs = $body.css('font-size');\n  // Vérifie que la page ne force pas une taille < 12px en dur\n  const pxSize = parseFloat(fs);\n  const passed = pxSize >= 12;\n  addResult('Perceivable', 'Taille de texte lisible (≥12px)', 4, passed, `body font-size: ${fs}`);\n});",
                  "err": {},
                  "uuid": "9b171433-b3bf-46ac-990d-f8667810ba56",
                  "parentUUID": "f3227fc8-46e6-4332-ac08-c11618614cd5",
                  "isHook": false,
                  "skipped": false
                },
                {
                  "title": "1.6 Contenu visible sans CSS (structure sémantique)",
                  "fullTitle": "Audit Accessibilité NNG — cartes.gouv.fr 1. Perceivable — Contenu perceptible 1.6 Contenu visible sans CSS (structure sémantique)",
                  "timedOut": null,
                  "duration": 10097,
                  "state": "failed",
                  "speed": null,
                  "pass": false,
                  "fail": true,
                  "pending": false,
                  "context": null,
                  "code": "cy.get('main, [role=\"main\"]').then($el => {\n  const passed = $el.length > 0;\n  addResult('Perceivable', 'Élément <main> ou role=\"main\"', 4, passed, passed ? 'Présent' : 'Absent');\n});",
                  "err": {
                    "message": "AssertionError: Timed out retrying after 10000ms: Expected to find element: `main, [role=\"main\"]`, but never found it.",
                    "estack": "AssertionError: Timed out retrying after 10000ms: Expected to find element: `main, [role=\"main\"]`, but never found it.\n    at Context.eval (webpack://cypress-cartes-gouv-fr/./cypress/e2e/nng-accessibility-audit.cy.js:120:9)",
                    "diff": null
                  },
                  "uuid": "40d7e5ad-c244-4926-9c04-de4608dcade4",
                  "parentUUID": "f3227fc8-46e6-4332-ac08-c11618614cd5",
                  "isHook": false,
                  "skipped": false
                },
                {
                  "title": "1.7 Vidéos/médias accessibles",
                  "fullTitle": "Audit Accessibilité NNG — cartes.gouv.fr 1. Perceivable — Contenu perceptible 1.7 Vidéos/médias accessibles",
                  "timedOut": null,
                  "duration": 15,
                  "state": "passed",
                  "speed": "fast",
                  "pass": true,
                  "fail": false,
                  "pending": false,
                  "context": null,
                  "code": "cy.get('body').then($body => {\n  const videos = $body.find('video:visible, iframe[src*=\"youtube\"], iframe[src*=\"dailymotion\"]');\n  if (videos.length === 0) {\n    addResult('Perceivable', 'Vidéos/médias accessibles', 3, true, 'Aucune vidéo détectée');\n  } else {\n    let ok = true;\n    videos.each((i, el) => {\n      const $v = Cypress.$(el);\n      if (el.tagName === 'VIDEO' && !$v.find('track').length) ok = false;\n      if (el.tagName === 'IFRAME' && !$v.attr('title')) ok = false;\n    });\n    addResult('Perceivable', 'Vidéos/médias accessibles', 3, ok, ok ? `${videos.length} média(s) OK` : 'titre ou sous-titres manquants');\n  }\n});",
                  "err": {},
                  "uuid": "6ba2cb9f-af9d-476e-8ab7-2dbd4eb73b2a",
                  "parentUUID": "f3227fc8-46e6-4332-ac08-c11618614cd5",
                  "isHook": false,
                  "skipped": false
                }
              ],
              "suites": [],
              "passes": [
                "dcf2db48-8c28-4c9f-97ef-967d96ecbb51",
                "b2e688b0-47cf-4039-a2e0-6abd7f1a7d82",
                "facc13d2-3c3b-431a-a2ce-8ec1cbefae9c",
                "0f8e5770-aa79-4f8c-b577-0b7eac3979d1",
                "9b171433-b3bf-46ac-990d-f8667810ba56",
                "6ba2cb9f-af9d-476e-8ab7-2dbd4eb73b2a"
              ],
              "failures": [
                "40d7e5ad-c244-4926-9c04-de4608dcade4"
              ],
              "pending": [],
              "skipped": [],
              "duration": 10834,
              "root": false,
              "rootEmpty": false,
              "_timeout": 2000
            },
            {
              "uuid": "144d779a-58a1-43bf-aa46-5cd7cf577069",
              "title": "2. Operable — Contenu utilisable",
              "fullFile": "",
              "file": "",
              "beforeHooks": [],
              "afterHooks": [],
              "tests": [
                {
                  "title": "2.1 Navigation clavier possible",
                  "fullTitle": "Audit Accessibilité NNG — cartes.gouv.fr 2. Operable — Contenu utilisable 2.1 Navigation clavier possible",
                  "timedOut": null,
                  "duration": 10095,
                  "state": "failed",
                  "speed": null,
                  "pass": false,
                  "fail": true,
                  "pending": false,
                  "context": null,
                  "code": "cy.get('a:visible, button:visible, input:visible').filter(':enabled').first().focus().then($el => {\n  const passed = $el.is(':focus');\n  addResult('Operable', 'Navigation clavier fonctionnelle', 6, passed, passed ? 'Focus OK' : 'Focus impossible');\n});",
                  "err": {
                    "message": "AssertionError: Timed out retrying after 10000ms: Expected to find element: `a:visible, button:visible, input:visible`, but never found it.",
                    "estack": "AssertionError: Timed out retrying after 10000ms: Expected to find element: `a:visible, button:visible, input:visible`, but never found it.\n    at Context.eval (webpack://cypress-cartes-gouv-fr/./cypress/e2e/nng-accessibility-audit.cy.js:151:9)",
                    "diff": null
                  },
                  "uuid": "903761ef-ffaa-45e6-a6f2-632d667c0d89",
                  "parentUUID": "144d779a-58a1-43bf-aa46-5cd7cf577069",
                  "isHook": false,
                  "skipped": false
                },
                {
                  "title": "2.2 Lien d'évitement (skip navigation)",
                  "fullTitle": "Audit Accessibilité NNG — cartes.gouv.fr 2. Operable — Contenu utilisable 2.2 Lien d'évitement (skip navigation)",
                  "timedOut": null,
                  "duration": 13,
                  "state": "passed",
                  "speed": "fast",
                  "pass": true,
                  "fail": false,
                  "pending": false,
                  "context": null,
                  "code": "cy.get('body').then($body => {\n  const skipLink = $body.find('a[href=\"#content\"], a[href=\"#main\"], a[href=\"#main-content\"], a.skip-link, a[href=\"#contenu\"], .fr-skiplinks a');\n  const passed = skipLink.length > 0;\n  addResult('Operable', 'Lien d\\'évitement (skip nav)', 5, passed, passed ? 'Présent' : 'Aucun skip link détecté');\n});",
                  "err": {},
                  "uuid": "319126e7-0580-4d93-b24e-81c07f596e72",
                  "parentUUID": "144d779a-58a1-43bf-aa46-5cd7cf577069",
                  "isHook": false,
                  "skipped": false
                },
                {
                  "title": "2.3 Focus visible sur les éléments interactifs",
                  "fullTitle": "Audit Accessibilité NNG — cartes.gouv.fr 2. Operable — Contenu utilisable 2.3 Focus visible sur les éléments interactifs",
                  "timedOut": null,
                  "duration": 10101,
                  "state": "failed",
                  "speed": null,
                  "pass": false,
                  "fail": true,
                  "pending": false,
                  "context": null,
                  "code": "cy.get('a:visible').first().focus().then($el => {\n  const outlineStyle = $el.css('outline-style');\n  const outlineWidth = parseFloat($el.css('outline-width'));\n  const boxShadow = $el.css('box-shadow');\n  const hasFocusIndicator = outlineStyle !== 'none' && outlineWidth > 0 || boxShadow && boxShadow !== 'none';\n  addResult('Operable', 'Indicateur de focus visible', 6, hasFocusIndicator, hasFocusIndicator ? 'Focus visible (outline/box-shadow)' : 'Focus non visible');\n});",
                  "err": {
                    "message": "AssertionError: Timed out retrying after 10000ms: Expected to find element: `a:visible`, but never found it.",
                    "estack": "AssertionError: Timed out retrying after 10000ms: Expected to find element: `a:visible`, but never found it.\n    at Context.eval (webpack://cypress-cartes-gouv-fr/./cypress/e2e/nng-accessibility-audit.cy.js:172:9)",
                    "diff": null
                  },
                  "uuid": "a804d15d-b656-4f8e-bb21-d4ae6af7f798",
                  "parentUUID": "144d779a-58a1-43bf-aa46-5cd7cf577069",
                  "isHook": false,
                  "skipped": false
                },
                {
                  "title": "2.4 Pas de piège clavier",
                  "fullTitle": "Audit Accessibilité NNG — cartes.gouv.fr 2. Operable — Contenu utilisable 2.4 Pas de piège clavier",
                  "timedOut": null,
                  "duration": 94,
                  "state": "failed",
                  "speed": null,
                  "pass": false,
                  "fail": true,
                  "pending": false,
                  "context": null,
                  "code": "// Vérifie qu'on peut tab à travers les éléments sans être piégé\ncy.get('body').tab({\n  shift: false\n}).then(() => {\n  addResult('Operable', 'Pas de piège clavier', 5, true, 'Navigation Tab OK');\n});",
                  "err": {
                    "message": "TypeError: cy.get(...).tab is not a function",
                    "estack": "TypeError: cy.get(...).tab is not a function\n    at Context.eval (webpack://cypress-cartes-gouv-fr/./cypress/e2e/nng-accessibility-audit.cy.js:185:21)\n    at runnable.fn (https://cartes.gouv.fr/__cypress/runner/cypress_runner.js:146599:19)\n    at callFn (https://cartes.gouv.fr/__cypress/runner/cypress_runner.js:165733:21)\n    at Runnable.run (https://cartes.gouv.fr/__cypress/runner/cypress_runner.js:165720:7)\n    at <unknown> (https://cartes.gouv.fr/__cypress/runner/cypress_runner.js:171818:30)\n    at PassThroughHandlerContext.finallyHandler (https://cartes.gouv.fr/__cypress/runner/cypress_runner.js:4042:23)\n    at PassThroughHandlerContext.tryCatcher (https://cartes.gouv.fr/__cypress/runner/cypress_runner.js:1777:23)\n    at Promise._settlePromiseFromHandler (https://cartes.gouv.fr/__cypress/runner/cypress_runner.js:1489:31)\n    at Promise._settlePromise (https://cartes.gouv.fr/__cypress/runner/cypress_runner.js:1546:18)",
                    "diff": null
                  },
                  "uuid": "28ff76cb-50ce-4b56-80f8-90e7d0877a87",
                  "parentUUID": "144d779a-58a1-43bf-aa46-5cd7cf577069",
                  "isHook": false,
                  "skipped": false
                },
                {
                  "title": "2.5 Pas de clignotement dangereux",
                  "fullTitle": "Audit Accessibilité NNG — cartes.gouv.fr 2. Operable — Contenu utilisable 2.5 Pas de clignotement dangereux",
                  "timedOut": null,
                  "duration": 17,
                  "state": "passed",
                  "speed": "fast",
                  "pass": true,
                  "fail": false,
                  "pending": false,
                  "context": null,
                  "code": "cy.get('body').then($body => {\n  const blink = $body.find('blink, marquee, [style*=\"animation\"]');\n  // Filtrer les animations dangereuses (flash > 3/sec)\n  const dangerousElements = [];\n  blink.each((i, el) => {\n    const tag = el.tagName.toLowerCase();\n    if (tag === 'blink' || tag === 'marquee') dangerousElements.push(tag);\n  });\n  const passed = dangerousElements.length === 0;\n  addResult('Operable', 'Pas de contenu clignotant dangereux', 3, passed, passed ? 'OK' : `Éléments problématiques: ${dangerousElements.join(', ')}`);\n});",
                  "err": {},
                  "uuid": "53889653-4d04-42f3-af16-e216678ed187",
                  "parentUUID": "144d779a-58a1-43bf-aa46-5cd7cf577069",
                  "isHook": false,
                  "skipped": false
                },
                {
                  "title": "2.6 Taille des cibles tactiles (≥ 24x24px)",
                  "fullTitle": "Audit Accessibilité NNG — cartes.gouv.fr 2. Operable — Contenu utilisable 2.6 Taille des cibles tactiles (≥ 24x24px)",
                  "timedOut": null,
                  "duration": 10110,
                  "state": "failed",
                  "speed": null,
                  "pass": false,
                  "fail": true,
                  "pending": false,
                  "context": null,
                  "code": "let tooSmall = 0;\nlet total = 0;\ncy.get('a:visible, button:visible').each($el => {\n  const w = $el.outerWidth();\n  const h = $el.outerHeight();\n  total++;\n  if (w < 24 || h < 24) tooSmall++;\n}).then(() => {\n  const passed = tooSmall <= Math.ceil(total * 0.1); // tolère 10%\n  addResult('Operable', 'Cibles tactiles ≥ 24×24px', 5, passed, `${tooSmall}/${total} cibles trop petites`);\n});",
                  "err": {
                    "message": "AssertionError: Timed out retrying after 10000ms: Expected to find element: `a:visible, button:visible`, but never found it.",
                    "estack": "AssertionError: Timed out retrying after 10000ms: Expected to find element: `a:visible, button:visible`, but never found it.\n    at Context.eval (webpack://cypress-cartes-gouv-fr/./cypress/e2e/nng-accessibility-audit.cy.js:208:9)",
                    "diff": null
                  },
                  "uuid": "56d5ec53-2692-4582-9a57-2dc902378e55",
                  "parentUUID": "144d779a-58a1-43bf-aa46-5cd7cf577069",
                  "isHook": false,
                  "skipped": false
                },
                {
                  "title": "2.7 Navigation cohérente entre pages",
                  "fullTitle": "Audit Accessibilité NNG — cartes.gouv.fr 2. Operable — Contenu utilisable 2.7 Navigation cohérente entre pages",
                  "timedOut": null,
                  "duration": 10107,
                  "state": "failed",
                  "speed": null,
                  "pass": false,
                  "fail": true,
                  "pending": false,
                  "context": null,
                  "code": "cy.get('nav, [role=\"navigation\"]').then($navs => {\n  const passed = $navs.length > 0;\n  addResult('Operable', 'Navigation cohérente (<nav>)', 4, passed, `${$navs.length} zone(s) de navigation`);\n});",
                  "err": {
                    "message": "AssertionError: Timed out retrying after 10000ms: Expected to find element: `nav, [role=\"navigation\"]`, but never found it.",
                    "estack": "AssertionError: Timed out retrying after 10000ms: Expected to find element: `nav, [role=\"navigation\"]`, but never found it.\n    at Context.eval (webpack://cypress-cartes-gouv-fr/./cypress/e2e/nng-accessibility-audit.cy.js:221:9)",
                    "diff": null
                  },
                  "uuid": "f7ece445-196b-4bf7-9f7a-53ede4df629d",
                  "parentUUID": "144d779a-58a1-43bf-aa46-5cd7cf577069",
                  "isHook": false,
                  "skipped": false
                }
              ],
              "suites": [],
              "passes": [
                "319126e7-0580-4d93-b24e-81c07f596e72",
                "53889653-4d04-42f3-af16-e216678ed187"
              ],
              "failures": [
                "903761ef-ffaa-45e6-a6f2-632d667c0d89",
                "a804d15d-b656-4f8e-bb21-d4ae6af7f798",
                "28ff76cb-50ce-4b56-80f8-90e7d0877a87",
                "56d5ec53-2692-4582-9a57-2dc902378e55",
                "f7ece445-196b-4bf7-9f7a-53ede4df629d"
              ],
              "pending": [],
              "skipped": [],
              "duration": 40537,
              "root": false,
              "rootEmpty": false,
              "_timeout": 2000
            },
            {
              "uuid": "42947580-73ac-49fb-97b7-8b72c417c205",
              "title": "3. Understandable — Contenu compréhensible",
              "fullFile": "",
              "file": "",
              "beforeHooks": [],
              "afterHooks": [],
              "tests": [
                {
                  "title": "3.1 Libellés de liens explicites (pas de \"cliquez ici\")",
                  "fullTitle": "Audit Accessibilité NNG — cartes.gouv.fr 3. Understandable — Contenu compréhensible 3.1 Libellés de liens explicites (pas de \"cliquez ici\")",
                  "timedOut": null,
                  "duration": 10117,
                  "state": "failed",
                  "speed": null,
                  "pass": false,
                  "fail": true,
                  "pending": false,
                  "context": null,
                  "code": "let vague = 0;\nconst vagueTexts = ['cliquez ici', 'click here', 'ici', 'lire la suite', 'en savoir plus', 'more', 'here', 'link'];\ncy.get('a:visible').each($a => {\n  const text = ($a.text() || '').trim().toLowerCase();\n  const ariaLabel = ($a.attr('aria-label') || '').trim().toLowerCase();\n  const effectiveText = ariaLabel || text;\n  if (vagueTexts.includes(effectiveText)) vague++;\n}).then(() => {\n  const passed = vague === 0;\n  addResult('Understandable', 'Liens explicites (pas de \"cliquez ici\")', 5, passed, passed ? 'Tous les liens ont un texte explicite' : `${vague} lien(s) vague(s)`);\n});",
                  "err": {
                    "message": "AssertionError: Timed out retrying after 10000ms: Expected to find element: `a:visible`, but never found it.",
                    "estack": "AssertionError: Timed out retrying after 10000ms: Expected to find element: `a:visible`, but never found it.\n    at Context.eval (webpack://cypress-cartes-gouv-fr/./cypress/e2e/nng-accessibility-audit.cy.js:236:9)",
                    "diff": null
                  },
                  "uuid": "da914424-9d59-48aa-9837-69379643859a",
                  "parentUUID": "42947580-73ac-49fb-97b7-8b72c417c205",
                  "isHook": false,
                  "skipped": false
                },
                {
                  "title": "3.2 Labels sur les champs de formulaire",
                  "fullTitle": "Audit Accessibilité NNG — cartes.gouv.fr 3. Understandable — Contenu compréhensible 3.2 Labels sur les champs de formulaire",
                  "timedOut": null,
                  "duration": 21,
                  "state": "passed",
                  "speed": "fast",
                  "pass": true,
                  "fail": false,
                  "pending": false,
                  "context": null,
                  "code": "let unlabeled = 0;\nlet total = 0;\ncy.get('body').then($body => {\n  $body.find('input:visible, select:visible, textarea:visible').each((i, el) => {\n    const $el = Cypress.$(el);\n    const type = $el.attr('type');\n    if (type === 'hidden' || type === 'submit' || type === 'button') return;\n    total++;\n    const id = $el.attr('id') || '';\n    const hasLabel = id ? $body.find(`label[for=\"${id}\"]`).length > 0 : false;\n    const hasAria = Boolean($el.attr('aria-label') || $el.attr('aria-labelledby') || $el.attr('title'));\n    if (!hasLabel && !hasAria) unlabeled++;\n  });\n  const passed = unlabeled === 0;\n  addResult('Understandable', 'Champs de formulaire labellisés', 5, passed, `${unlabeled}/${total} champ(s) sans label`);\n});",
                  "err": {},
                  "uuid": "7cb67891-a2bf-483c-91c2-6276973a4505",
                  "parentUUID": "42947580-73ac-49fb-97b7-8b72c417c205",
                  "isHook": false,
                  "skipped": false
                },
                {
                  "title": "3.3 Messages d'erreur identifiables",
                  "fullTitle": "Audit Accessibilité NNG — cartes.gouv.fr 3. Understandable — Contenu compréhensible 3.3 Messages d'erreur identifiables",
                  "timedOut": null,
                  "duration": 18,
                  "state": "passed",
                  "speed": "fast",
                  "pass": true,
                  "fail": false,
                  "pending": false,
                  "context": null,
                  "code": "// Vérifie la présence d'attributs aria-invalid, aria-errormessage, ou role=\"alert\"\ncy.get('body').then($body => {\n  const forms = $body.find('form');\n  if (forms.length === 0) {\n    addResult('Understandable', 'Messages d\\'erreur identifiables', 4, true, 'Pas de formulaire détecté');\n  } else {\n    // Vérifier que le site a une stratégie d'erreur (aria-invalid ou .error ou role=alert)\n    const hasErrorStrategy = $body.find('[aria-invalid], [role=\"alert\"], .fr-error-text, .error-message').length > 0 || $body.find('input[required], input[aria-required]').length > 0;\n    addResult('Understandable', 'Messages d\\'erreur identifiables', 4, hasErrorStrategy, hasErrorStrategy ? 'Stratégie d\\'erreur détectée' : 'Aucune gestion d\\'erreur ARIA/HTML5');\n  }\n});",
                  "err": {},
                  "uuid": "144265a6-7901-4868-bd70-86c5a17e0935",
                  "parentUUID": "42947580-73ac-49fb-97b7-8b72c417c205",
                  "isHook": false,
                  "skipped": false
                },
                {
                  "title": "3.4 Langue du contenu cohérente",
                  "fullTitle": "Audit Accessibilité NNG — cartes.gouv.fr 3. Understandable — Contenu compréhensible 3.4 Langue du contenu cohérente",
                  "timedOut": null,
                  "duration": 15,
                  "state": "passed",
                  "speed": "fast",
                  "pass": true,
                  "fail": false,
                  "pending": false,
                  "context": null,
                  "code": "cy.get('html').then($html => {\n  const lang = $html.attr('lang') || '';\n  const passed = lang.startsWith('fr');\n  addResult('Understandable', 'Langue du contenu cohérente (fr)', 3, passed, `lang=\"${lang}\"`);\n});",
                  "err": {},
                  "uuid": "eb29e388-a8ad-4f39-b60e-9df0ada25a9f",
                  "parentUUID": "42947580-73ac-49fb-97b7-8b72c417c205",
                  "isHook": false,
                  "skipped": false
                },
                {
                  "title": "3.5 Autocomplétion activée sur les champs pertinents",
                  "fullTitle": "Audit Accessibilité NNG — cartes.gouv.fr 3. Understandable — Contenu compréhensible 3.5 Autocomplétion activée sur les champs pertinents",
                  "timedOut": null,
                  "duration": 18,
                  "state": "passed",
                  "speed": "fast",
                  "pass": true,
                  "fail": false,
                  "pending": false,
                  "context": null,
                  "code": "cy.get('body').then($body => {\n  const searchInputs = $body.find('input[type=\"search\"], input[name*=\"search\"], input[name*=\"recherche\"]');\n  if (searchInputs.length === 0) {\n    addResult('Understandable', 'Autocomplétion sur champs', 3, true, 'Pas de champ recherche visible');\n  } else {\n    const hasAutocomplete = searchInputs.filter('[autocomplete]').length > 0 || searchInputs.filter('[list]').length > 0 || searchInputs.closest('[role=\"combobox\"], [role=\"search\"]').length > 0;\n    addResult('Understandable', 'Autocomplétion sur champs', 3, hasAutocomplete || true, 'Champ recherche présent');\n  }\n});",
                  "err": {},
                  "uuid": "41ac3677-9f56-48c7-9749-15037a199b5f",
                  "parentUUID": "42947580-73ac-49fb-97b7-8b72c417c205",
                  "isHook": false,
                  "skipped": false
                }
              ],
              "suites": [],
              "passes": [
                "7cb67891-a2bf-483c-91c2-6276973a4505",
                "144265a6-7901-4868-bd70-86c5a17e0935",
                "eb29e388-a8ad-4f39-b60e-9df0ada25a9f",
                "41ac3677-9f56-48c7-9749-15037a199b5f"
              ],
              "failures": [
                "da914424-9d59-48aa-9837-69379643859a"
              ],
              "pending": [],
              "skipped": [],
              "duration": 10189,
              "root": false,
              "rootEmpty": false,
              "_timeout": 2000
            },
            {
              "uuid": "f26f765d-b768-4f03-81d7-bb955b05fc62",
              "title": "4. Robust — Contenu robuste",
              "fullFile": "",
              "file": "",
              "beforeHooks": [],
              "afterHooks": [],
              "tests": [
                {
                  "title": "4.1 ARIA correctement utilisé (axe-core)",
                  "fullTitle": "Audit Accessibilité NNG — cartes.gouv.fr 4. Robust — Contenu robuste 4.1 ARIA correctement utilisé (axe-core)",
                  "timedOut": null,
                  "duration": 125,
                  "state": "passed",
                  "speed": "fast",
                  "pass": true,
                  "fail": false,
                  "pending": false,
                  "context": null,
                  "code": "cy.injectAxe();\ncy.checkA11y(null, {\n  runOnly: ['aria-allowed-attr', 'aria-hidden-body', 'aria-required-attr', 'aria-roles', 'aria-valid-attr-value', 'aria-valid-attr']\n}, violations => {\n  const count = violations.reduce((acc, v) => acc + v.nodes.length, 0);\n  const passed = count === 0;\n  addResult('Robust', 'ARIA correctement utilisé', 5, passed, passed ? 'Aucune erreur ARIA' : `${count} erreur(s) ARIA`);\n}, true);",
                  "err": {},
                  "uuid": "492003ea-c542-4e86-bb16-b992c25bfc7c",
                  "parentUUID": "f26f765d-b768-4f03-81d7-bb955b05fc62",
                  "isHook": false,
                  "skipped": false
                },
                {
                  "title": "4.2 Pas de duplicate ID",
                  "fullTitle": "Audit Accessibilité NNG — cartes.gouv.fr 4. Robust — Contenu robuste 4.2 Pas de duplicate ID",
                  "timedOut": null,
                  "duration": 93,
                  "state": "passed",
                  "speed": "fast",
                  "pass": true,
                  "fail": false,
                  "pending": false,
                  "context": null,
                  "code": "cy.injectAxe();\ncy.checkA11y(null, {\n  runOnly: ['duplicate-id', 'duplicate-id-active', 'duplicate-id-aria']\n}, violations => {\n  const count = violations.reduce((acc, v) => acc + v.nodes.length, 0);\n  const passed = count <= 2; // tolérance minimale\n  addResult('Robust', 'Pas de duplicate ID', 4, passed, `${count} ID(s) dupliqué(s)`);\n}, true);",
                  "err": {},
                  "uuid": "1615ae4e-aec6-4f12-b9bc-f68bcf996387",
                  "parentUUID": "f26f765d-b768-4f03-81d7-bb955b05fc62",
                  "isHook": false,
                  "skipped": false
                },
                {
                  "title": "4.3 Boutons et liens avec noms accessibles",
                  "fullTitle": "Audit Accessibilité NNG — cartes.gouv.fr 4. Robust — Contenu robuste 4.3 Boutons et liens avec noms accessibles",
                  "timedOut": null,
                  "duration": 113,
                  "state": "passed",
                  "speed": "fast",
                  "pass": true,
                  "fail": false,
                  "pending": false,
                  "context": null,
                  "code": "cy.injectAxe();\ncy.checkA11y(null, {\n  runOnly: ['button-name', 'link-name']\n}, violations => {\n  const count = violations.reduce((acc, v) => acc + v.nodes.length, 0);\n  const passed = count === 0;\n  addResult('Robust', 'Boutons/liens nommés', 4, passed, passed ? 'Tous nommés' : `${count} élément(s) sans nom accessible`);\n}, true);",
                  "err": {},
                  "uuid": "c232e494-f0fc-4e17-8350-06590effd203",
                  "parentUUID": "f26f765d-b768-4f03-81d7-bb955b05fc62",
                  "isHook": false,
                  "skipped": false
                },
                {
                  "title": "4.4 Structure des tableaux accessible",
                  "fullTitle": "Audit Accessibilité NNG — cartes.gouv.fr 4. Robust — Contenu robuste 4.4 Structure des tableaux accessible",
                  "timedOut": null,
                  "duration": 16,
                  "state": "passed",
                  "speed": "fast",
                  "pass": true,
                  "fail": false,
                  "pending": false,
                  "context": null,
                  "code": "cy.get('body').then($body => {\n  const tables = $body.find('table:visible');\n  if (tables.length === 0) {\n    addResult('Robust', 'Tableaux accessibles', 2, true, 'Aucun tableau détecté');\n  } else {\n    let issues = 0;\n    tables.each((i, el) => {\n      const $t = Cypress.$(el);\n      if (!$t.find('th').length && !$t.attr('role')) issues++;\n    });\n    addResult('Robust', 'Tableaux accessibles', 2, issues === 0, issues === 0 ? `${tables.length} tableau(x) OK` : `${issues} tableau(x) sans en-têtes`);\n  }\n});",
                  "err": {},
                  "uuid": "309c1587-b301-4308-872a-c5b176bd4d2e",
                  "parentUUID": "f26f765d-b768-4f03-81d7-bb955b05fc62",
                  "isHook": false,
                  "skipped": false
                }
              ],
              "suites": [],
              "passes": [
                "492003ea-c542-4e86-bb16-b992c25bfc7c",
                "1615ae4e-aec6-4f12-b9bc-f68bcf996387",
                "c232e494-f0fc-4e17-8350-06590effd203",
                "309c1587-b301-4308-872a-c5b176bd4d2e"
              ],
              "failures": [],
              "pending": [],
              "skipped": [],
              "duration": 347,
              "root": false,
              "rootEmpty": false,
              "_timeout": 2000
            },
            {
              "uuid": "5f256ecb-71d0-4c9f-ac98-097d041bcd0b",
              "title": "5. Heuristiques NNG — Expérience utilisateur",
              "fullFile": "",
              "file": "",
              "beforeHooks": [],
              "afterHooks": [],
              "tests": [
                {
                  "title": "5.1 Visibilité de l'état du système (fil d'Ariane / indicateur)",
                  "fullTitle": "Audit Accessibilité NNG — cartes.gouv.fr 5. Heuristiques NNG — Expérience utilisateur 5.1 Visibilité de l'état du système (fil d'Ariane / indicateur)",
                  "timedOut": null,
                  "duration": 16,
                  "state": "passed",
                  "speed": "fast",
                  "pass": true,
                  "fail": false,
                  "pending": false,
                  "context": null,
                  "code": "cy.get('body').then($body => {\n  const breadcrumb = $body.find('nav[aria-label*=\"fil\"], .fr-breadcrumb, [aria-label*=\"breadcrumb\"], ol.breadcrumb, .breadcrumb');\n  const passed = breadcrumb.length > 0;\n  addResult('NNG Heuristiques', 'Visibilité de l\\'état (fil d\\'Ariane)', 4, passed, passed ? 'Fil d\\'Ariane présent' : 'Pas de fil d\\'Ariane détecté');\n});",
                  "err": {},
                  "uuid": "eea96c0a-fe02-4b9c-92b7-4e530941e537",
                  "parentUUID": "5f256ecb-71d0-4c9f-ac98-097d041bcd0b",
                  "isHook": false,
                  "skipped": false
                },
                {
                  "title": "5.2 Correspondance système / monde réel (langage clair)",
                  "fullTitle": "Audit Accessibilité NNG — cartes.gouv.fr 5. Heuristiques NNG — Expérience utilisateur 5.2 Correspondance système / monde réel (langage clair)",
                  "timedOut": null,
                  "duration": 10119,
                  "state": "failed",
                  "speed": null,
                  "pass": false,
                  "fail": true,
                  "pending": false,
                  "context": null,
                  "code": "cy.get('h1, h2, h3').then($headings => {\n  const passed = $headings.length >= 2;\n  addResult('NNG Heuristiques', 'Titres clairs et structurés', 3, passed, `${$headings.length} titres trouvés`);\n});",
                  "err": {
                    "message": "AssertionError: Timed out retrying after 10000ms: Expected to find element: `h1, h2, h3`, but never found it.",
                    "estack": "AssertionError: Timed out retrying after 10000ms: Expected to find element: `h1, h2, h3`, but never found it.\n    at Context.eval (webpack://cypress-cartes-gouv-fr/./cypress/e2e/nng-accessibility-audit.cy.js:382:9)",
                    "diff": null
                  },
                  "uuid": "c1b0c340-acb0-4433-98f1-04ab269d7748",
                  "parentUUID": "5f256ecb-71d0-4c9f-ac98-097d041bcd0b",
                  "isHook": false,
                  "skipped": false
                },
                {
                  "title": "5.3 Contrôle utilisateur (bouton retour, liens de retour)",
                  "fullTitle": "Audit Accessibilité NNG — cartes.gouv.fr 5. Heuristiques NNG — Expérience utilisateur 5.3 Contrôle utilisateur (bouton retour, liens de retour)",
                  "timedOut": null,
                  "duration": 21,
                  "state": "passed",
                  "speed": "fast",
                  "pass": true,
                  "fail": false,
                  "pending": false,
                  "context": null,
                  "code": "cy.get('body').then($body => {\n  // Vérifie que la page ne bloque pas la navigation arrière\n  // Vérifie la présence de liens/boutons de navigation\n  const navLinks = $body.find('a[href], button').length;\n  const passed = navLinks > 5;\n  addResult('NNG Heuristiques', 'Contrôle utilisateur (navigation)', 3, passed, `${navLinks} éléments de navigation`);\n});",
                  "err": {},
                  "uuid": "da024468-9526-4a1d-9ec1-36998db88fb2",
                  "parentUUID": "5f256ecb-71d0-4c9f-ac98-097d041bcd0b",
                  "isHook": false,
                  "skipped": false
                },
                {
                  "title": "5.4 Cohérence et standards (Design System de l'État)",
                  "fullTitle": "Audit Accessibilité NNG — cartes.gouv.fr 5. Heuristiques NNG — Expérience utilisateur 5.4 Cohérence et standards (Design System de l'État)",
                  "timedOut": null,
                  "duration": 19,
                  "state": "passed",
                  "speed": "fast",
                  "pass": true,
                  "fail": false,
                  "pending": false,
                  "context": null,
                  "code": "cy.get('body').then($body => {\n  // Vérifie l'utilisation du DSFR (Design Système de l'État français)\n  const usesDSFR = $body.find('[class*=\"fr-\"]').length > 0;\n  const hasHeader = $body.find('.fr-header, header').length > 0;\n  const hasFooter = $body.find('.fr-footer, footer').length > 0;\n  const passed = (usesDSFR || hasHeader) && hasFooter;\n  addResult('NNG Heuristiques', 'Cohérence — Design System de l\\'État', 4, passed, `DSFR: ${usesDSFR ? 'oui' : 'non'}, header: ${hasHeader ? 'oui' : 'non'}, footer: ${hasFooter ? 'oui' : 'non'}`);\n});",
                  "err": {},
                  "uuid": "a8aafce5-02fa-4c4a-9e29-4d92d68bf180",
                  "parentUUID": "5f256ecb-71d0-4c9f-ac98-097d041bcd0b",
                  "isHook": false,
                  "skipped": false
                },
                {
                  "title": "5.5 Prévention des erreurs (attributs de validation)",
                  "fullTitle": "Audit Accessibilité NNG — cartes.gouv.fr 5. Heuristiques NNG — Expérience utilisateur 5.5 Prévention des erreurs (attributs de validation)",
                  "timedOut": null,
                  "duration": 25,
                  "state": "passed",
                  "speed": "fast",
                  "pass": true,
                  "fail": false,
                  "pending": false,
                  "context": null,
                  "code": "cy.get('body').then($body => {\n  const inputs = $body.find('input:visible, select:visible, textarea:visible').not('[type=\"hidden\"], [type=\"submit\"], [type=\"button\"]');\n  if (inputs.length === 0) {\n    addResult('NNG Heuristiques', 'Prévention des erreurs (validation)', 3, true, 'Pas de champs détectés');\n  } else {\n    let withValidation = 0;\n    inputs.each((i, el) => {\n      const $el = Cypress.$(el);\n      if ($el.attr('required') || $el.attr('pattern') || $el.attr('type') === 'email' || $el.attr('type') === 'number' || $el.attr('minlength') || $el.attr('maxlength') || $el.attr('aria-required')) {\n        withValidation++;\n      }\n    });\n    const passed = withValidation > 0 || inputs.length === 0;\n    addResult('NNG Heuristiques', 'Prévention des erreurs (validation)', 3, passed, `${withValidation}/${inputs.length} champ(s) avec validation`);\n  }\n});",
                  "err": {},
                  "uuid": "f1864915-eef6-409e-8cbe-3cebac8782d4",
                  "parentUUID": "5f256ecb-71d0-4c9f-ac98-097d041bcd0b",
                  "isHook": false,
                  "skipped": false
                },
                {
                  "title": "5.6 Reconnaissance plutôt que rappel (placeholders, labels)",
                  "fullTitle": "Audit Accessibilité NNG — cartes.gouv.fr 5. Heuristiques NNG — Expérience utilisateur 5.6 Reconnaissance plutôt que rappel (placeholders, labels)",
                  "timedOut": null,
                  "duration": 19,
                  "state": "passed",
                  "speed": "fast",
                  "pass": true,
                  "fail": false,
                  "pending": false,
                  "context": null,
                  "code": "cy.get('body').then($body => {\n  const inputs = $body.find('input:visible').not('[type=\"hidden\"], [type=\"submit\"], [type=\"button\"]');\n  if (inputs.length === 0) {\n    addResult('NNG Heuristiques', 'Reconnaissance > rappel (indices visuels)', 3, true, 'Pas de champs');\n  } else {\n    let withHint = 0;\n    inputs.each((i, el) => {\n      const $el = Cypress.$(el);\n      if ($el.attr('placeholder') || $el.attr('aria-describedby') || $el.attr('title')) withHint++;\n    });\n    const passed = withHint >= inputs.length * 0.5;\n    addResult('NNG Heuristiques', 'Reconnaissance > rappel (indices visuels)', 3, passed, `${withHint}/${inputs.length} champ(s) avec indice`);\n  }\n});",
                  "err": {},
                  "uuid": "bb691b97-922c-4b1a-b9e9-f45aa6a9060f",
                  "parentUUID": "5f256ecb-71d0-4c9f-ac98-097d041bcd0b",
                  "isHook": false,
                  "skipped": false
                },
                {
                  "title": "5.7 Design épuré et minimaliste",
                  "fullTitle": "Audit Accessibilité NNG — cartes.gouv.fr 5. Heuristiques NNG — Expérience utilisateur 5.7 Design épuré et minimaliste",
                  "timedOut": null,
                  "duration": 16,
                  "state": "passed",
                  "speed": "fast",
                  "pass": true,
                  "fail": false,
                  "pending": false,
                  "context": null,
                  "code": "// Vérifie l'absence de popups intrusifs, d'autoplay, d'éléments qui gênent\ncy.get('body').then($body => {\n  const autoplayVideos = $body.find('video[autoplay]:visible');\n  const marquees = $body.find('marquee');\n  const issues = autoplayVideos.length + marquees.length;\n  const passed = issues === 0;\n  addResult('NNG Heuristiques', 'Design épuré (pas d\\'autoplay/marquee)', 3, passed, passed ? 'Interface propre' : `${issues} élément(s) intrusif(s)`);\n});",
                  "err": {},
                  "uuid": "21a167ac-279a-441b-b88c-48db028d3968",
                  "parentUUID": "5f256ecb-71d0-4c9f-ac98-097d041bcd0b",
                  "isHook": false,
                  "skipped": false
                },
                {
                  "title": "5.8 Aide et documentation (liens d'aide)",
                  "fullTitle": "Audit Accessibilité NNG — cartes.gouv.fr 5. Heuristiques NNG — Expérience utilisateur 5.8 Aide et documentation (liens d'aide)",
                  "timedOut": null,
                  "duration": 15,
                  "state": "passed",
                  "speed": "fast",
                  "pass": true,
                  "fail": false,
                  "pending": false,
                  "context": null,
                  "code": "cy.get('body').then($body => {\n  const helpLinks = $body.find('a[href*=\"aide\"], a[href*=\"help\"], a[href*=\"faq\"], a[href*=\"documentation\"], a[href*=\"contact\"], [aria-label*=\"aide\"], [aria-label*=\"help\"]');\n  const passed = helpLinks.length > 0;\n  addResult('NNG Heuristiques', 'Aide et documentation accessibles', 3, passed, `${helpLinks.length} lien(s) d'aide trouvé(s)`);\n});",
                  "err": {},
                  "uuid": "32c7dffe-e70f-430c-a5e3-695c09b481ef",
                  "parentUUID": "5f256ecb-71d0-4c9f-ac98-097d041bcd0b",
                  "isHook": false,
                  "skipped": false
                },
                {
                  "title": "5.9 Temps de chargement perçu",
                  "fullTitle": "Audit Accessibilité NNG — cartes.gouv.fr 5. Heuristiques NNG — Expérience utilisateur 5.9 Temps de chargement perçu",
                  "timedOut": null,
                  "duration": 15,
                  "state": "passed",
                  "speed": "fast",
                  "pass": true,
                  "fail": false,
                  "pending": false,
                  "context": null,
                  "code": "cy.window().then(win => {\n  const perf = win.performance;\n  const navEntry = perf.getEntriesByType('navigation')[0];\n  if (navEntry) {\n    const loadTime = Math.round(navEntry.loadEventEnd - navEntry.startTime);\n    const passed = loadTime < 5000;\n    addResult('NNG Heuristiques', 'Temps de chargement < 5s', 3, passed, `${loadTime}ms`);\n  } else {\n    addResult('NNG Heuristiques', 'Temps de chargement < 5s', 3, true, 'API non disponible');\n  }\n});",
                  "err": {},
                  "uuid": "abec7061-7917-4c5d-bbe5-2c6eaaaa69e2",
                  "parentUUID": "5f256ecb-71d0-4c9f-ac98-097d041bcd0b",
                  "isHook": false,
                  "skipped": false
                },
                {
                  "title": "5.10 Responsive — meta viewport",
                  "fullTitle": "Audit Accessibilité NNG — cartes.gouv.fr 5. Heuristiques NNG — Expérience utilisateur 5.10 Responsive — meta viewport",
                  "timedOut": null,
                  "duration": 10117,
                  "state": "failed",
                  "speed": null,
                  "pass": false,
                  "fail": true,
                  "pending": false,
                  "context": null,
                  "code": "cy.get('meta[name=\"viewport\"]').then($meta => {\n  const content = $meta.attr('content') || '';\n  const passed = content.includes('width=device-width');\n  addResult('NNG Heuristiques', 'Meta viewport responsive', 3, passed, `viewport: ${content.substring(0, 60)}`);\n});",
                  "err": {
                    "message": "AssertionError: Timed out retrying after 10000ms: Expected to find element: `meta[name=\"viewport\"]`, but never found it.",
                    "estack": "AssertionError: Timed out retrying after 10000ms: Expected to find element: `meta[name=\"viewport\"]`, but never found it.\n    at Context.eval (webpack://cypress-cartes-gouv-fr/./cypress/e2e/nng-accessibility-audit.cy.js:490:9)",
                    "diff": null
                  },
                  "uuid": "1089ecd9-aa42-44bf-8c8a-690f860b4201",
                  "parentUUID": "5f256ecb-71d0-4c9f-ac98-097d041bcd0b",
                  "isHook": false,
                  "skipped": false
                }
              ],
              "suites": [],
              "passes": [
                "eea96c0a-fe02-4b9c-92b7-4e530941e537",
                "da024468-9526-4a1d-9ec1-36998db88fb2",
                "a8aafce5-02fa-4c4a-9e29-4d92d68bf180",
                "f1864915-eef6-409e-8cbe-3cebac8782d4",
                "bb691b97-922c-4b1a-b9e9-f45aa6a9060f",
                "21a167ac-279a-441b-b88c-48db028d3968",
                "32c7dffe-e70f-430c-a5e3-695c09b481ef",
                "abec7061-7917-4c5d-bbe5-2c6eaaaa69e2"
              ],
              "failures": [
                "c1b0c340-acb0-4433-98f1-04ab269d7748",
                "1089ecd9-aa42-44bf-8c8a-690f860b4201"
              ],
              "pending": [],
              "skipped": [],
              "duration": 20382,
              "root": false,
              "rootEmpty": false,
              "_timeout": 2000
            }
          ],
          "passes": [],
          "failures": [],
          "pending": [],
          "skipped": [],
          "duration": 0,
          "root": false,
          "rootEmpty": false,
          "_timeout": 2000
        }
      ],
      "passes": [],
      "failures": [],
      "pending": [],
      "skipped": [],
      "duration": 0,
      "root": true,
      "rootEmpty": true,
      "_timeout": 2000
    }
  ],
  "meta": {
    "mocha": {
      "version": "7.2.0"
    },
    "mochawesome": {
      "options": {
        "quiet": false,
        "reportFilename": "mochawesome",
        "saveHtml": false,
        "saveJson": true,
        "consoleReporter": "spec",
        "useInlineDiffs": false,
        "code": true
      },
      "version": "7.1.4"
    },
    "marge": {
      "options": {
        "reportDir": "cypress/reports/json",
        "overwrite": false,
        "html": false,
        "json": true,
        "timestamp": "yyyy-mm-dd_HH-MM"
      },
      "version": "6.3.2"
    }
  }
}