{
  "stats": {
    "suites": 1,
    "tests": 2,
    "passes": 2,
    "pending": 0,
    "failures": 0,
    "start": "2026-04-08T15:53:12.698Z",
    "end": "2026-04-08T15:53:30.125Z",
    "duration": 17427,
    "testsRegistered": 2,
    "passPercent": 100,
    "pendingPercent": 0,
    "other": 0,
    "hasOther": false,
    "skipped": 0,
    "hasSkipped": false
  },
  "results": [
    {
      "uuid": "5218d1fc-2e25-4550-87db-67ee8a78a93c",
      "title": "",
      "fullFile": "cypress/e2e/forms.cy.js",
      "file": "cypress/e2e/forms.cy.js",
      "beforeHooks": [],
      "afterHooks": [],
      "tests": [],
      "suites": [
        {
          "uuid": "aa597b1d-c81b-4b10-919c-b3d916a6469f",
          "title": "Formulaires",
          "fullFile": "",
          "file": "",
          "beforeHooks": [],
          "afterHooks": [],
          "tests": [
            {
              "title": "le formulaire « Nous écrire » est complet et fonctionnel",
              "fullTitle": "Formulaires le formulaire « Nous écrire » est complet et fonctionnel",
              "timedOut": null,
              "duration": 3177,
              "state": "passed",
              "speed": "fast",
              "pass": true,
              "fail": false,
              "pending": false,
              "context": null,
              "code": "cy.visit('/aide/fr/nous-ecrire/');\ncy.contains('h1', 'Nous écrire', {\n  timeout: 10000\n}).should('be.visible');\n// Champs attendus\ncy.get('input, textarea, select').should('have.length.greaterThan', 3);\ncy.contains('Votre adresse électronique').should('be.visible');\ncy.get('input[type=\"email\"], input[name*=\"email\"]').should('exist');\n// Bouton d'envoi\ncy.contains('button', 'Envoyer').should('exist').and('be.visible');\n// Soumission à vide → on reste sur la page\ncy.contains('button', 'Envoyer').click();\ncy.url().should('include', 'nous-ecrire');",
              "err": {},
              "uuid": "d0f8ec5a-3ac6-433c-84e2-394dbd9aa2b9",
              "parentUUID": "aa597b1d-c81b-4b10-919c-b3d916a6469f",
              "isHook": false,
              "skipped": false
            },
            {
              "title": "la bannière cookies s'affiche lors de la première visite",
              "fullTitle": "Formulaires la bannière cookies s'affiche lors de la première visite",
              "timedOut": null,
              "duration": 12736,
              "state": "passed",
              "speed": "slow",
              "pass": true,
              "fail": false,
              "pending": false,
              "context": null,
              "code": "cy.clearCookies();\ncy.clearLocalStorage();\ncy.visit('/', {\n  onBeforeLoad(win) {\n    win.localStorage.clear();\n  }\n});\ncy.get('body').then($body => {\n  const banner = $body.find('.fr-consent-banner, [data-testid=\"cookie-banner\"], [class*=\"cookie\"], [class*=\"tarteaucitron\"]');\n  if (banner.length) {\n    cy.wrap(banner).should('be.visible');\n    cy.wrap(banner).find('button').should('have.length.greaterThan', 0);\n  }\n});",
              "err": {},
              "uuid": "fcf7c176-41a7-4b56-a0bc-05e3dc1ce963",
              "parentUUID": "aa597b1d-c81b-4b10-919c-b3d916a6469f",
              "isHook": false,
              "skipped": false
            }
          ],
          "suites": [],
          "passes": [
            "d0f8ec5a-3ac6-433c-84e2-394dbd9aa2b9",
            "fcf7c176-41a7-4b56-a0bc-05e3dc1ce963"
          ],
          "failures": [],
          "pending": [],
          "skipped": [],
          "duration": 15913,
          "root": false,
          "rootEmpty": false,
          "_timeout": 2000
        }
      ],
      "passes": [],
      "failures": [],
      "pending": [],
      "skipped": [],
      "duration": 0,
      "root": true,
      "rootEmpty": true,
      "_timeout": 2000
    }
  ],
  "meta": {
    "mocha": {
      "version": "7.2.0"
    },
    "mochawesome": {
      "options": {
        "quiet": false,
        "reportFilename": "mochawesome",
        "saveHtml": false,
        "saveJson": true,
        "consoleReporter": "spec",
        "useInlineDiffs": false,
        "code": true
      },
      "version": "7.1.4"
    },
    "marge": {
      "options": {
        "reportDir": "cypress/reports/json",
        "overwrite": false,
        "html": false,
        "json": true,
        "timestamp": "yyyy-mm-dd_HH-MM"
      },
      "version": "6.3.2"
    }
  }
}