{
  "stats": {
    "suites": 1,
    "tests": 5,
    "passes": 5,
    "pending": 0,
    "failures": 0,
    "start": "2026-04-09T14:29:25.700Z",
    "end": "2026-04-09T14:29:44.437Z",
    "duration": 18737,
    "testsRegistered": 5,
    "passPercent": 100,
    "pendingPercent": 0,
    "other": 0,
    "hasOther": false,
    "skipped": 0,
    "hasSkipped": false
  },
  "results": [
    {
      "uuid": "91b2f7dd-206f-45ca-9784-6e070abfbc88",
      "title": "",
      "fullFile": "cypress/e2e/homepage.cy.js",
      "file": "cypress/e2e/homepage.cy.js",
      "beforeHooks": [],
      "afterHooks": [],
      "tests": [],
      "suites": [
        {
          "uuid": "4dd2bcce-94e8-46bd-99cd-f9dc26312911",
          "title": "Homepage Tests",
          "fullFile": "",
          "file": "",
          "beforeHooks": [],
          "afterHooks": [],
          "tests": [
            {
              "title": "should load the homepage successfully",
              "fullTitle": "Homepage Tests should load the homepage successfully",
              "timedOut": null,
              "duration": 3139,
              "state": "passed",
              "speed": "fast",
              "pass": true,
              "fail": false,
              "pending": false,
              "context": null,
              "code": "cy.url().should('include', 'cartes.gouv.fr');\n// Close welcome modal only if present/visible\ncy.get('body').then($body => {\n  const closeSelector = '#fr-modal-1 button.fr-btn--icon-right span';\n  if ($body.find(closeSelector).length > 0) {\n    cy.get(closeSelector).first().click({\n      force: true\n    });\n  }\n});\n// Cookie consent is handled globally via cy.acceptCookies() in support/e2e.js",
              "err": {},
              "uuid": "88b27405-d978-4cac-a199-9bd6e305c998",
              "parentUUID": "4dd2bcce-94e8-46bd-99cd-f9dc26312911",
              "isHook": false,
              "skipped": false
            },
            {
              "title": "should display the main title or heading",
              "fullTitle": "Homepage Tests should display the main title or heading",
              "timedOut": null,
              "duration": 3075,
              "state": "passed",
              "speed": "fast",
              "pass": true,
              "fail": false,
              "pending": false,
              "context": null,
              "code": "// La homepage peut utiliser h1, h2 ou un titre dans un composant DSFR\ncy.get('h1, h2, [class*=\"fr-display\"], [class*=\"fr-h1\"]', {\n  timeout: 10000\n}).first().should('exist').and('be.visible');",
              "err": {},
              "uuid": "e8da4c32-6e38-4a70-88b5-92a31ef7b7eb",
              "parentUUID": "4dd2bcce-94e8-46bd-99cd-f9dc26312911",
              "isHook": false,
              "skipped": false
            },
            {
              "title": "should have a valid page title",
              "fullTitle": "Homepage Tests should have a valid page title",
              "timedOut": null,
              "duration": 3075,
              "state": "passed",
              "speed": "fast",
              "pass": true,
              "fail": false,
              "pending": false,
              "context": null,
              "code": "cy.title().should('not.be.empty');",
              "err": {},
              "uuid": "504c60d7-9568-483a-b5ed-9d3ab2c45b77",
              "parentUUID": "4dd2bcce-94e8-46bd-99cd-f9dc26312911",
              "isHook": false,
              "skipped": false
            },
            {
              "title": "la popup cookies s'affiche et le bouton \"Tout accepter\" fonctionne",
              "fullTitle": "Homepage Tests la popup cookies s'affiche et le bouton \"Tout accepter\" fonctionne",
              "timedOut": null,
              "duration": 6220,
              "state": "passed",
              "speed": "medium",
              "pass": true,
              "fail": false,
              "pending": false,
              "context": null,
              "code": "cy.clearCookies();\ncy.clearLocalStorage();\ncy.visit('/', {\n  timeout: 120000,\n  onBeforeLoad(win) {\n    win.localStorage.clear();\n  }\n});\n// La bannière DSFR de consentement doit apparaître\ncy.get('.fr-consent-banner', {\n  timeout: 10000\n}).should('be.visible');\n// Cliquer sur \"Tout accepter\"\ncy.get('.fr-consent-banner').contains('button', 'Tout accepter').click();\n// La bannière doit disparaître après acceptation\ncy.get('.fr-consent-banner').should('not.exist');",
              "err": {},
              "uuid": "74e2e031-8f47-48f3-9aae-bf93af74993c",
              "parentUUID": "4dd2bcce-94e8-46bd-99cd-f9dc26312911",
              "isHook": false,
              "skipped": false
            },
            {
              "title": "should show mobile navigation on small viewports",
              "fullTitle": "Homepage Tests should show mobile navigation on small viewports",
              "timedOut": null,
              "duration": 3069,
              "state": "passed",
              "speed": "fast",
              "pass": true,
              "fail": false,
              "pending": false,
              "context": null,
              "code": "cy.viewport(375, 667);\n// Fermer la modale si présente après resize\ncy.get('body').then($body => {\n  if ($body.find('dialog.fr-modal--opened, .welcome-modal[open]').length) {\n    cy.get('body').type('{esc}');\n  }\n});\n// Le DSFR affiche un bouton burger sur mobile\ncy.get('.fr-btn--menu, button[data-fr-opened], .fr-header__menu-links button', {\n  timeout: 5000\n}).should('be.visible');",
              "err": {},
              "uuid": "c2a6c698-bcf6-4485-8598-06f3ac8479c9",
              "parentUUID": "4dd2bcce-94e8-46bd-99cd-f9dc26312911",
              "isHook": false,
              "skipped": false
            }
          ],
          "suites": [],
          "passes": [
            "88b27405-d978-4cac-a199-9bd6e305c998",
            "e8da4c32-6e38-4a70-88b5-92a31ef7b7eb",
            "504c60d7-9568-483a-b5ed-9d3ab2c45b77",
            "74e2e031-8f47-48f3-9aae-bf93af74993c",
            "c2a6c698-bcf6-4485-8598-06f3ac8479c9"
          ],
          "failures": [],
          "pending": [],
          "skipped": [],
          "duration": 18578,
          "root": false,
          "rootEmpty": false,
          "_timeout": 2000
        }
      ],
      "passes": [],
      "failures": [],
      "pending": [],
      "skipped": [],
      "duration": 0,
      "root": true,
      "rootEmpty": true,
      "_timeout": 2000
    }
  ],
  "meta": {
    "mocha": {
      "version": "7.2.0"
    },
    "mochawesome": {
      "options": {
        "quiet": false,
        "reportFilename": "mochawesome",
        "saveHtml": false,
        "saveJson": true,
        "consoleReporter": "spec",
        "useInlineDiffs": false,
        "code": true
      },
      "version": "7.1.4"
    },
    "marge": {
      "options": {
        "reportDir": "cypress/reports/json",
        "overwrite": false,
        "html": false,
        "json": true,
        "timestamp": "yyyy-mm-dd_HH-MM"
      },
      "version": "6.3.2"
    }
  }
}